MODULE STATS CONTENT
[1;39m{
  [0m[1;34m"count"[0m[1;39m: [0m[0;39m0[0m[1;39m,
  [0m[1;34m"valid"[0m[1;39m: [0m[0;39m0[0m[1;39m,
  [0m[1;34m"dirty"[0m[1;39m: [0m[0;39m0[0m[1;39m,
  [0m[1;34m"size"[0m[1;39m: [0m[0;39m0[0m[1;39m,
  [0m[1;34m"flush-batch-count"[0m[1;39m: [0m[0;39m0[0m[1;39m,
  [0m[1;34m"mmap"[0m[1;39m: [0m[1;39m{
    [0m[1;34m"tags"[0m[1;39m: [0m[1;39m{}[0m[1;39m,
    [0m[1;34m"blobs"[0m[1;39m: [0m[0;39m0[0m[1;39m
  [1;39m}[0m[1;39m
[1;39m}[0m
NODES
6
TOPOLOGY diagram
0 flux-sample-0: full
├─ 1 flux-sample-1: full
│  ├─ 3 flux-sample-3: full
│  └─ 4 flux-sample-4: full
└─ 2 flux-sample-2: full
   └─ 5 flux-sample-5: full
TOPOLOGY description
kary:2
EVENT create-archive-1

real	0m9.151s
user	0m1.716s
sys	0m1.303s
EVENT distribute-all-nodes-1

real	0m2.252s
user	0m0.000s
sys	0m0.006s
EVENT delete-archive-all-nodes-1

real	0m0.019s
user	0m0.003s
sys	0m0.003s
EVENT clean-all-nodes-1

real	0m0.237s
user	0m0.006s
sys	0m0.000s
EVENT create-archive-2

real	0m19.287s
user	0m3.434s
sys	0m2.719s
EVENT distribute-all-nodes-2

real	0m4.440s
user	0m0.000s
sys	0m0.006s
EVENT delete-archive-all-nodes-2

real	0m0.020s
user	0m0.000s
sys	0m0.006s
EVENT clean-all-nodes-2

real	0m0.687s
user	0m0.003s
sys	0m0.003s
EVENT create-archive-3

real	0m29.418s
user	0m5.080s
sys	0m4.100s
EVENT distribute-all-nodes-3

real	0m6.335s
user	0m0.003s
sys	0m0.003s
EVENT delete-archive-all-nodes-3

real	0m0.025s
user	0m0.000s
sys	0m0.006s
EVENT clean-all-nodes-3

real	0m0.931s
user	0m0.000s
sys	0m0.006s
EVENT create-archive-4

real	0m39.507s
user	0m6.798s
sys	0m5.698s
EVENT distribute-all-nodes-4

real	0m8.046s
user	0m0.003s
sys	0m0.004s
EVENT delete-archive-all-nodes-4

real	0m0.027s
user	0m0.000s
sys	0m0.006s
EVENT clean-all-nodes-4

real	0m0.671s
user	0m0.007s
sys	0m0.000s
EVENT create-archive-5

real	0m49.348s
user	0m8.774s
sys	0m7.874s
EVENT distribute-all-nodes-5

real	0m10.036s
user	0m0.006s
sys	0m0.000s
EVENT delete-archive-all-nodes-5

real	0m0.029s
user	0m0.000s
sys	0m0.006s
EVENT clean-all-nodes-5

real	0m1.000s
user	0m0.006s
sys	0m0.000s
EVENT create-archive-6

real	0m59.570s
user	0m10.159s
sys	0m9.675s
EVENT distribute-all-nodes-6

real	0m12.010s
user	0m0.000s
sys	0m0.007s
EVENT delete-archive-all-nodes-6

real	0m0.032s
user	0m0.006s
sys	0m0.000s
EVENT clean-all-nodes-6

real	0m1.419s
user	0m0.003s
sys	0m0.003s
EVENT create-archive-7

real	1m9.560s
user	0m12.400s
sys	0m10.844s
EVENT distribute-all-nodes-7

real	0m17.243s
user	0m0.007s
sys	0m0.000s
EVENT delete-archive-all-nodes-7

real	0m0.034s
user	0m0.003s
sys	0m0.004s
EVENT clean-all-nodes-7

real	0m1.500s
user	0m0.000s
sys	0m0.007s
EVENT create-archive-8

real	1m19.839s
user	0m13.682s
sys	0m13.009s
EVENT distribute-all-nodes-8

real	0m23.393s
user	0m0.000s
sys	0m0.006s
EVENT delete-archive-all-nodes-8

real	0m0.036s
user	0m0.006s
sys	0m0.000s
EVENT clean-all-nodes-8

real	0m1.606s
user	0m0.003s
sys	0m0.004s
EVENT create-archive-9

real	1m10.176s
user	0m15.443s
sys	0m12.761s
EVENT distribute-all-nodes-9

real	0m29.721s
user	0m0.002s
sys	0m0.005s
EVENT delete-archive-all-nodes-9

real	0m0.039s
user	0m0.000s
sys	0m0.006s
EVENT clean-all-nodes-9

real	0m1.595s
user	0m0.003s
sys	0m0.004s
EVENT create-archive-10

real	1m12.621s
user	0m16.867s
sys	0m14.075s
EVENT distribute-all-nodes-10

real	0m36.997s
user	0m0.006s
sys	0m0.000s
EVENT delete-archive-all-nodes-10

real	0m0.041s
user	0m0.000s
sys	0m0.007s
EVENT clean-all-nodes-10

real	0m1.688s
user	0m0.000s
sys	0m0.007s
SCRIPT entrypoint

#!/bin/bash
# flux-topology.sh

flux exec -r all flux module reload content purge-target-size=104857600 # 100mb
echo "MODULE STATS CONTENT"
flux module stats content | jq

# Print the overlay to show the topology
echo "NODES"
echo "6"
echo "TOPOLOGY diagram"
flux overlay status
echo "TOPOLOGY description"
echo "kary:2"

# Go up to 10 sizes for now (matches container size)
for size in $(seq 1 10)
  do
    # Create the archive and time it
    echo "EVENT create-archive-${size}"
    time  flux archive create --name create-archive-${size} --dir /chonks ${size}gb.txt

    # Distribute to all nodes, but to /tmp because file exists in /chonks
    echo "EVENT distribute-all-nodes-${size}"
    time flux exec -r all -x 0  flux archive extract --name create-archive-${size} -C /tmp
    sleep 2

    echo "EVENT delete-archive-all-nodes-${size}"
    time flux exec -r all  flux archive remove --name create-archive-${size} 2>/dev/null
    sleep 2

    # Cleanup all archive on all nodes
    echo "EVENT clean-all-nodes-${size}"
    time flux exec -r all rm -rf /tmp/${size}gb.txt
    sleep 2
done

# Show self!
echo "SCRIPT entrypoint"
cat $0