🟧️  wait-fs: 2024/12/29 04:14:13 wait-fs.go:40: /mnt/flux/flux-operator-done.txt
🟧️  wait-fs: 2024/12/29 04:14:13 wait-fs.go:49: Found existing path /mnt/flux/flux-operator-done.txt

Hello user root

🌟️ Curve Certificate
curve.cert
#   ****  Generated on 2023-04-26 22:54:42 by CZMQ  ****
#   ZeroMQ CURVE **Secret** Certificate
#   DO NOT PROVIDE THIS FILE TO OTHER USERS nor change its permissions.
    
metadata
    name = "flux-cert-generator"
    keygen.hostname = "flux-sample-0"
curve
    public-key = "0TSdPZ9<<f29NvM]V>!sNf8DbG]pXiCK2}cB@Wb9"
    secret-key = "F.mHpj.91phqEs}VZz8b]i{6u@BI^.nq7Z3pxVng"

📦 Resources
flux R encode --hosts=flux-sample-[0-3] --local
{"version": 1, "execution": {"R_lite": [{"rank": "0-3", "children": {"core": "0-7"}}], "starttime": 0.0, "expiration": 0.0, "nodelist": ["flux-sample-[0-3]"]}}
👋 Hello, I'm flux-sample-0
The main host is flux-sample-0
The working directory is /home/fluxuser, contents include:
🚩️ Flux Option Flags defined
Command provided is: /bin/bash /entrypoint.sh

🌀 Launcher Mode: flux start -o --config /mnt/flux/view/etc/flux/config -Scron.directory=/etc/flux/system/cron.d   -Stbon.fanout=256   -Srundir=/mnt/flux/view/run/flux    -Sstatedir=/mnt/flux/view/var/lib/flux -Slocal-uri=local:///mnt/flux/view/run/flux/local -Stbon.connect_timeout=5s -Stbon.topo=binomial    -Slog-stderr-level=6    -Slog-stderr-mode=local  
broker.info[0]: start: none->join 0.384802ms
broker.info[0]: parent-none: join->init 0.010299ms
cron.info[0]: synchronizing cron tasks to event heartbeat.pulse
job-manager.info[0]: restart: 0 jobs
job-manager.info[0]: restart: 0 running jobs
job-manager.info[0]: restart: checkpoint.job-manager not found
broker.info[0]: rc1.0: running /etc/flux/rc1.d/01-sched-fluxion
sched-fluxion-resource.info[0]: version 0.40.0-4-g3fb0b4e7
sched-fluxion-resource.warning[0]: create_reader: allowlist unsupported
sched-fluxion-resource.info[0]: populate_resource_db: loaded resources from core's resource.acquire
sched-fluxion-qmanager.info[0]: version 0.40.0-4-g3fb0b4e7
broker.info[0]: rc1.0: running /etc/flux/rc1.d/02-cron
broker.info[0]: rc1.0: /etc/flux/rc1 Exited (rc=0) 0.5s
broker.info[0]: rc1-success: init->quorum 0.469718s
broker.info[0]: online: flux-sample-0 (ranks 0)
broker.info[0]: online: flux-sample-[0-3] (ranks 0-3)
broker.info[0]: quorum-full: quorum->run 0.846274s
MODULE STATS CONTENT
[1;39m{
  [0m[34;1m"count"[0m[1;39m: [0m[0;39m0[0m[1;39m,
  [0m[34;1m"valid"[0m[1;39m: [0m[0;39m0[0m[1;39m,
  [0m[34;1m"dirty"[0m[1;39m: [0m[0;39m0[0m[1;39m,
  [0m[34;1m"size"[0m[1;39m: [0m[0;39m0[0m[1;39m,
  [0m[34;1m"flush-batch-count"[0m[1;39m: [0m[0;39m0[0m[1;39m,
  [0m[34;1m"mmap"[0m[1;39m: [0m[1;39m{
    [0m[34;1m"tags"[0m[1;39m: [0m[1;39m{}[0m[1;39m,
    [0m[34;1m"blobs"[0m[1;39m: [0m[0;39m0[0m[1;39m
  [1;39m}[0m[1;39m
[1;39m}[0m
NODES
4
TOPOLOGY diagram
0 flux-sample-0: full
├─ 1 flux-sample-1: full
└─ 2 flux-sample-2: full
   └─ 3 flux-sample-3: full
TOPOLOGY description
binomial
RANKS 4
EVENT flux-ping-broker-size-0-rank-0
flux-ping 0!broker
0!broker.ping pad=0 seq=0 time=0.126 ms (da2ec4b8!af888bba!dadd72f1)
EVENT flux-ping-kvs-size-0-rank-0
flux-ping 0!kvs
0!kvs.ping pad=0 seq=0 time=0.268 ms (3e943c68!af888bba!dadd72f1!dadd72f1)
EVENT flux-ping-broker-size-0-rank-1
flux-ping 1!broker
1!broker.ping pad=0 seq=0 time=0.765 ms (52fe61d6!af888bba!dadd72f1!a68667bc)
EVENT flux-ping-kvs-size-0-rank-1
flux-ping 1!kvs
1!kvs.ping pad=0 seq=0 time=0.609 ms (b4f1093d!af888bba!dadd72f1!a68667bc!a68667bc)
EVENT flux-ping-broker-size-0-rank-2
flux-ping 2!broker
2!broker.ping pad=0 seq=0 time=0.515 ms (e3e38c60!af888bba!dadd72f1!5b9b1ce2)
EVENT flux-ping-kvs-size-0-rank-2
flux-ping 2!kvs
2!kvs.ping pad=0 seq=0 time=0.458 ms (0adc94fa!af888bba!dadd72f1!5b9b1ce2!5b9b1ce2)
EVENT flux-ping-broker-size-0-rank-3
flux-ping 3!broker
3!broker.ping pad=0 seq=0 time=1.045 ms (de556861!af888bba!dadd72f1!5b9b1ce2!8fcb4f3a)
EVENT flux-ping-kvs-size-0-rank-3
flux-ping 3!kvs
3!kvs.ping pad=0 seq=0 time=1.225 ms (9d95dec7!af888bba!dadd72f1!5b9b1ce2!8fcb4f3a!8fcb4f3a)
EVENT flux-ping-broker-size-200-rank-0
flux-ping 0!broker
0!broker.ping pad=209715200 seq=0 time=6467.352 ms (7e2fa91e!af888bba!dadd72f1)
EVENT flux-ping-kvs-size-200-rank-0
flux-ping 0!kvs
0!kvs.ping pad=209715200 seq=0 time=6432.279 ms (3493b18a!af888bba!dadd72f1!dadd72f1)
EVENT flux-ping-broker-size-200-rank-1
flux-ping 1!broker
1!broker.ping pad=209715200 seq=0 time=7967.721 ms (caaef373!af888bba!dadd72f1!a68667bc)
EVENT flux-ping-kvs-size-200-rank-1
flux-ping 1!kvs
1!kvs.ping pad=209715200 seq=0 time=8073.768 ms (60b6ef19!af888bba!dadd72f1!a68667bc!a68667bc)
EVENT flux-ping-broker-size-200-rank-2
flux-ping 2!broker
2!broker.ping pad=209715200 seq=0 time=8119.855 ms (5c7b6888!af888bba!dadd72f1!5b9b1ce2)
EVENT flux-ping-kvs-size-200-rank-2
flux-ping 2!kvs
2!kvs.ping pad=209715200 seq=0 time=7957.778 ms (c83cb330!af888bba!dadd72f1!5b9b1ce2!5b9b1ce2)
EVENT flux-ping-broker-size-200-rank-3
flux-ping 3!broker
3!broker.ping pad=209715200 seq=0 time=9422.298 ms (36cc8960!af888bba!dadd72f1!5b9b1ce2!8fcb4f3a)
EVENT flux-ping-kvs-size-200-rank-3
flux-ping 3!kvs
3!kvs.ping pad=209715200 seq=0 time=9016.204 ms (0cee2a98!af888bba!dadd72f1!5b9b1ce2!8fcb4f3a!8fcb4f3a)
EVENT flux-ping-broker-size-400-rank-0
flux-ping 0!broker
0!broker.ping pad=419430400 seq=0 time=12083.008 ms (241ca9c5!af888bba!dadd72f1)
EVENT flux-ping-kvs-size-400-rank-0
flux-ping 0!kvs
0!kvs.ping pad=419430400 seq=0 time=12155.001 ms (879138b5!af888bba!dadd72f1!dadd72f1)
EVENT flux-ping-broker-size-400-rank-1
flux-ping 1!broker
1!broker.ping pad=419430400 seq=0 time=15241.371 ms (9e4abc85!af888bba!dadd72f1!a68667bc)
EVENT flux-ping-kvs-size-400-rank-1
flux-ping 1!kvs
1!kvs.ping pad=419430400 seq=0 time=15375.068 ms (10643cd2!af888bba!dadd72f1!a68667bc!a68667bc)
EVENT flux-ping-broker-size-400-rank-2
flux-ping 2!broker
2!broker.ping pad=419430400 seq=0 time=15424.043 ms (9f87c2b0!af888bba!dadd72f1!5b9b1ce2)
EVENT flux-ping-kvs-size-400-rank-2
flux-ping 2!kvs
2!kvs.ping pad=419430400 seq=0 time=15352.045 ms (f5b305f9!af888bba!dadd72f1!5b9b1ce2!5b9b1ce2)
EVENT flux-ping-broker-size-400-rank-3
flux-ping 3!broker
3!broker.ping pad=419430400 seq=0 time=18609.025 ms (2e9009cb!af888bba!dadd72f1!5b9b1ce2!8fcb4f3a)
EVENT flux-ping-kvs-size-400-rank-3
flux-ping 3!kvs
3!kvs.ping pad=419430400 seq=0 time=18565.848 ms (1f73938f!af888bba!dadd72f1!5b9b1ce2!8fcb4f3a!8fcb4f3a)
EVENT flux-ping-broker-size-600-rank-0
flux-ping 0!broker
0!broker.ping pad=629145600 seq=0 time=20007.562 ms (035b46bb!af888bba!dadd72f1)
EVENT flux-ping-kvs-size-600-rank-0
flux-ping 0!kvs
0!kvs.ping pad=629145600 seq=0 time=20022.804 ms (beed576e!af888bba!dadd72f1!dadd72f1)
EVENT flux-ping-broker-size-600-rank-1
flux-ping 1!broker
1!broker.ping pad=629145600 seq=0 time=25692.336 ms (2e0d80f5!af888bba!dadd72f1!a68667bc)
EVENT flux-ping-kvs-size-600-rank-1
flux-ping 1!kvs
1!kvs.ping pad=629145600 seq=0 time=25723.584 ms (fe98ba2e!af888bba!dadd72f1!a68667bc!a68667bc)
EVENT flux-ping-broker-size-600-rank-2
flux-ping 2!broker
2!broker.ping pad=629145600 seq=0 time=25265.791 ms (c97dee14!af888bba!dadd72f1!5b9b1ce2)
EVENT flux-ping-kvs-size-600-rank-2
flux-ping 2!kvs
2!kvs.ping pad=629145600 seq=0 time=25616.183 ms (8a176f47!af888bba!dadd72f1!5b9b1ce2!5b9b1ce2)
EVENT flux-ping-broker-size-600-rank-3
flux-ping 3!broker
3!broker.ping pad=629145600 seq=0 time=31027.240 ms (3103f20e!af888bba!dadd72f1!5b9b1ce2!8fcb4f3a)
EVENT flux-ping-kvs-size-600-rank-3
flux-ping 3!kvs
3!kvs.ping pad=629145600 seq=0 time=30393.499 ms (4d6b4357!af888bba!dadd72f1!5b9b1ce2!8fcb4f3a!8fcb4f3a)
EVENT flux-ping-broker-size-800-rank-0
flux-ping 0!broker
0!broker.ping pad=838860800 seq=0 time=26454.496 ms (faebeb14!af888bba!dadd72f1)
EVENT flux-ping-kvs-size-800-rank-0
flux-ping 0!kvs
0!kvs.ping pad=838860800 seq=0 time=26621.766 ms (87f9d718!af888bba!dadd72f1!dadd72f1)
EVENT flux-ping-broker-size-800-rank-1
flux-ping 1!broker
1!broker.ping pad=838860800 seq=0 time=33003.712 ms (5f56b1dd!af888bba!dadd72f1!a68667bc)
EVENT flux-ping-kvs-size-800-rank-1
flux-ping 1!kvs
1!kvs.ping pad=838860800 seq=0 time=35697.498 ms (69446e88!af888bba!dadd72f1!a68667bc!a68667bc)
EVENT flux-ping-broker-size-800-rank-2
flux-ping 2!broker
2!broker.ping pad=838860800 seq=0 time=35874.720 ms (e5925595!af888bba!dadd72f1!5b9b1ce2)
EVENT flux-ping-kvs-size-800-rank-2
flux-ping 2!kvs
2!kvs.ping pad=838860800 seq=0 time=35742.907 ms (9c3d312a!af888bba!dadd72f1!5b9b1ce2!5b9b1ce2)
EVENT flux-ping-broker-size-800-rank-3
flux-ping 3!broker
3!broker.ping pad=838860800 seq=0 time=42534.928 ms (08d1b413!af888bba!dadd72f1!5b9b1ce2!8fcb4f3a)
EVENT flux-ping-kvs-size-800-rank-3
flux-ping 3!kvs
3!kvs.ping pad=838860800 seq=0 time=112535.230 ms (3e3e5689!af888bba!dadd72f1!5b9b1ce2!8fcb4f3a!8fcb4f3a)
EVENT flux-ping-broker-size-1000-rank-0
flux-ping 0!broker
0!broker.ping pad=1048576000 seq=0 time=33971.262 ms (e974d3af!af888bba!dadd72f1)
EVENT flux-ping-kvs-size-1000-rank-0
flux-ping 0!kvs
0!kvs.ping pad=1048576000 seq=0 time=34585.516 ms (a4115c58!af888bba!dadd72f1!dadd72f1)
EVENT flux-ping-broker-size-1000-rank-1
flux-ping 1!broker
broker.err[0]: broker on flux-sample-1 (rank 1) has been unresponsive for 30.7445s
broker.err[0]: broker on flux-sample-1 (rank 1) is responsive now
1!broker.ping pad=1048576000 seq=0 time=103519.185 ms (3a49585b!af888bba!dadd72f1!a68667bc)
EVENT flux-ping-kvs-size-1000-rank-1
flux-ping 1!kvs
1!kvs.ping pad=1048576000 seq=0 time=40999.934 ms (db7a75f1!af888bba!dadd72f1!a68667bc!a68667bc)
EVENT flux-ping-broker-size-1000-rank-2
flux-ping 2!broker
2!broker.ping pad=1048576000 seq=0 time=43752.177 ms (a425aedd!af888bba!dadd72f1!5b9b1ce2)
EVENT flux-ping-kvs-size-1000-rank-2
flux-ping 2!kvs
2!kvs.ping pad=1048576000 seq=0 time=107043.387 ms (57960bc8!af888bba!dadd72f1!5b9b1ce2!5b9b1ce2)
EVENT flux-ping-broker-size-1000-rank-3
flux-ping 3!broker
3!broker.ping pad=1048576000 seq=0 time=53840.547 ms (43ddc75b!af888bba!dadd72f1!5b9b1ce2!8fcb4f3a)
EVENT flux-ping-kvs-size-1000-rank-3
flux-ping 3!kvs
3!kvs.ping pad=1048576000 seq=0 time=114854.931 ms (af1adb63!af888bba!dadd72f1!5b9b1ce2!8fcb4f3a!8fcb4f3a)
SCRIPT entrypoint

#!/bin/bash
# flux-topology.sh

flux exec -r all flux module reload content purge-target-size=104857600 # 100mb
echo "MODULE STATS CONTENT"
flux module stats content | jq

# Print the overlay to show the topology
echo "NODES"
echo "4"
echo "TOPOLOGY diagram"
flux overlay status
echo "TOPOLOGY description"
echo "binomial"

# Get the total size (number of children)
ranks=$(flux getattr size)
echo "RANKS ${ranks}"

# But we are testing this many...
nodes=4

# We start counting at 0
max_rank="$((nodes-1))"

# --pad
# Include in the payload a string of length *N* bytes. *N* may be a floating point number with optional multiplicative suffix (K,M,G). The payload will be echoed back in the response. This option can be used to explore the effect of message size on latency. Default: no padding.

# Limit is 2G
# flux-ping: flux-ping: pad: value 8192M too large (must be < 2G)

# target may be the name of a Flux service, e.g. "kvs". :program:`flux ping` will send a request to "kvs.ping". As a shorthand, target can include a rank or host prefix delimited by an exclamation point. :program:`flux ping 4!kvs` is equivalent to :option:`flux ping --rank 4 kvs` (see :option:`--rank` option below). Don't forget to quote the exclamation point if it is interpreted by your shell.

# As a shorthand, target may also simply be a rank or host by itself indicating that the broker on that rank/host, rather than a Flux service, is to be pinged. :command:`flux ping 1` is equivalent to :option:`flux ping --rank 1 broker`.
# Sizes 0, 200, 400, 600, 800, 1000 M

# Run flux ping for each of the kvs and broker, across all ranks (testing the topology) and message sizes up to
# Go up to 1000MB (1GB) 
for size in $(echo 0 200 400 600 800 1000)
  do
  for rank in $(seq 0 ${max_rank})
    do
    echo "EVENT flux-ping-broker-size-${size}-rank-${rank}"
    flux ping -c1 --pad=${size}M --rank ${rank} broker
    echo "EVENT flux-ping-kvs-size-${size}-rank-${rank}"
    flux ping -c1 --pad=${size}M --rank ${rank} kvs
  done
done

# Show self!
echo "SCRIPT entrypoint"
cat $0broker.info[0]: rc2.0: /bin/bash /entrypoint.sh Exited (rc=0) 1290.8s
broker.info[0]: rc2-success: run->cleanup 21.5127m
broker.info[0]: cleanup.0: flux queue stop --quiet --all --nocheckpoint Exited (rc=0) 0.1s
broker.info[0]: cleanup.1: flux resource acquire-mute Exited (rc=0) 0.2s
broker.info[0]: cleanup.2: flux cancel --user=all --quiet --states RUN Exited (rc=0) 0.2s
broker.info[0]: cleanup.3: flux queue idle --quiet Exited (rc=0) 0.2s
broker.info[0]: cleanup-success: cleanup->shutdown 0.719865s
broker.info[0]: children-complete: shutdown->finalize 0.310413s
broker.info[0]: rc3.0: running /etc/flux/rc3.d/01-sched-fluxion
kvs.err[0]: content_load_completion: content_load_get: No such file or directory
broker.err[0]: rc3.0: flux: Error committing finish event: No such file or directory
broker.err[0]: rc3.0: flux-content: content.flush: Function not implemented
content-sqlite.err[0]: unregister-backing: content backing store is not active: Invalid argument
broker.err[0]: rc3.0: /etc/flux/rc3 Exited (rc=1) 0.3s
broker.info[0]: rc3-fail: finalize->goodbye 0.281454s
broker.info[0]: goodbye: goodbye->exit 0.049614ms
