[1;31merror[0m: [1mexternally-managed-environment[0m

[31m×[0m This environment is externally managed
[31m╰─>[0m To install Python packages system-wide, try apt install
[31m   [0m python3-xyz, where xyz is the package you are trying to
[31m   [0m install.
[31m   [0m 
[31m   [0m If you wish to install a non-Debian-packaged Python package,
[31m   [0m create a virtual environment using python3 -m venv path/to/venv.
[31m   [0m Then use path/to/venv/bin/python and path/to/venv/bin/pip. Make
[31m   [0m sure you have python3-full installed.
[31m   [0m 
[31m   [0m If you wish to install a non-Debian packaged Python application,
[31m   [0m it may be easiest to use pipx install xyz, which will manage a
[31m   [0m virtual environment for you. Make sure you have pipx installed.
[31m   [0m 
[31m   [0m See /usr/share/doc/python3.12/README.venv for more information.

[1;35mnote[0m: If you believe this is a mistake, please contact your Python installation or OS distribution provider. You can override this, at the risk of breaking your Python installation or OS, by passing --break-system-packages.
[1;36mhint[0m: See PEP 668 for the detailed specification.
MODULE STATS CONTENT
[1;39m{
  [0m[1;34m"count"[0m[1;39m: [0m[0;39m0[0m[1;39m,
  [0m[1;34m"valid"[0m[1;39m: [0m[0;39m0[0m[1;39m,
  [0m[1;34m"dirty"[0m[1;39m: [0m[0;39m0[0m[1;39m,
  [0m[1;34m"size"[0m[1;39m: [0m[0;39m0[0m[1;39m,
  [0m[1;34m"flush-batch-count"[0m[1;39m: [0m[0;39m0[0m[1;39m,
  [0m[1;34m"mmap"[0m[1;39m: [0m[1;39m{
    [0m[1;34m"tags"[0m[1;39m: [0m[1;39m{}[0m[1;39m,
    [0m[1;34m"blobs"[0m[1;39m: [0m[0;39m0[0m[1;39m
  [1;39m}[0m[1;39m
[1;39m}[0m
NODES
6
TOPOLOGY diagram
0 flux-sample-0: full
├─ 1 flux-sample-1: full
│  ├─ 3 flux-sample-3: full
│  └─ 4 flux-sample-4: full
└─ 2 flux-sample-2: full
   └─ 5 flux-sample-5: full
TOPOLOGY description
kary:2
EVENT create-archive-1

real	0m4.021s
user	0m1.501s
sys	0m1.176s
EVENT distribute-all-nodes-1

real	0m2.692s
user	0m0.003s
sys	0m0.005s
EVENT clean-all-nodes-1

real	0m0.315s
user	0m0.002s
sys	0m0.005s
EVENT delete-archive-all-nodes-1

real	0m0.021s
user	0m0.001s
sys	0m0.005s
EVENT create-leaf-nodes-1

real	0m4.019s
user	0m1.452s
sys	0m1.227s
EVENT distribute-leaf-nodes-1

real	0m2.675s
user	0m0.001s
sys	0m0.006s
EVENT clean-leaf-nodes-1

real	0m0.306s
user	0m0.003s
sys	0m0.003s
EVENT delete-archive-leaf-nodes-1

real	0m0.020s
user	0m0.003s
sys	0m0.003s
EVENT create-middle-nodes-1

real	0m3.986s
user	0m1.458s
sys	0m1.200s
EVENT distribute-middle-nodes-0-1

real	0m2.606s
user	0m0.004s
sys	0m0.003s
EVENT distribute-middle-nodes-1-1

real	0m2.687s
user	0m0.002s
sys	0m0.005s
EVENT clean-middle-nodes-1

real	0m0.310s
user	0m0.001s
sys	0m0.006s
EVENT delete-archive-middle-nodes-1

real	0m0.020s
user	0m0.001s
sys	0m0.005s
EVENT create-archive-2

real	0m7.908s
user	0m2.887s
sys	0m2.407s
EVENT distribute-all-nodes-2

real	0m5.353s
user	0m0.002s
sys	0m0.005s
EVENT clean-all-nodes-2

real	0m0.593s
user	0m0.004s
sys	0m0.004s
EVENT delete-archive-all-nodes-2

real	0m0.021s
user	0m0.002s
sys	0m0.004s
EVENT create-leaf-nodes-2

real	0m7.856s
user	0m2.997s
sys	0m2.268s
EVENT distribute-leaf-nodes-2

real	0m5.347s
user	0m0.002s
sys	0m0.005s
EVENT clean-leaf-nodes-2

real	0m0.597s
user	0m0.001s
sys	0m0.006s
EVENT delete-archive-leaf-nodes-2

real	0m0.021s
user	0m0.002s
sys	0m0.004s
EVENT create-middle-nodes-2

real	0m7.953s
user	0m2.948s
sys	0m2.388s
EVENT distribute-middle-nodes-0-2

real	0m5.378s
user	0m0.002s
sys	0m0.005s
EVENT distribute-middle-nodes-1-2

real	0m5.385s
user	0m0.003s
sys	0m0.003s
EVENT clean-middle-nodes-2

real	0m0.591s
user	0m0.002s
sys	0m0.005s
EVENT delete-archive-middle-nodes-2

real	0m0.022s
user	0m0.002s
sys	0m0.005s
EVENT create-archive-3

real	0m11.995s
user	0m4.508s
sys	0m3.496s
EVENT distribute-all-nodes-3

real	0m7.948s
user	0m0.003s
sys	0m0.005s
EVENT clean-all-nodes-3

real	0m0.881s
user	0m0.001s
sys	0m0.006s
EVENT delete-archive-all-nodes-3

real	0m0.026s
user	0m0.001s
sys	0m0.006s
EVENT create-leaf-nodes-3

real	0m11.688s
user	0m4.439s
sys	0m3.315s
EVENT distribute-leaf-nodes-3

real	0m7.944s
user	0m0.003s
sys	0m0.003s
EVENT clean-leaf-nodes-3

real	0m0.883s
user	0m0.004s
sys	0m0.003s
EVENT delete-archive-leaf-nodes-3

real	0m0.026s
user	0m0.003s
sys	0m0.004s
EVENT create-middle-nodes-3
flux-archive: kvs commit: No such file or directory

real	0m11.923s
user	0m4.351s
sys	0m3.529s
EVENT distribute-middle-nodes-0-3
flux-archive: KVS lookup archive.create-archive-middle-3: No such file or directory
flux-archive: KVS lookup archive.create-archive-middle-3: No such file or directory
[1-2]: Exit 1

real	0m0.015s
user	0m0.004s
sys	0m0.003s
EVENT distribute-middle-nodes-1-3
flux-archive: KVS lookup archive.create-archive-middle-3: No such file or directory
flux-archive: KVS lookup archive.create-archive-middle-3: No such file or directory
flux-archive: KVS lookup archive.create-archive-middle-3: No such file or directory
[3-5]: Exit 1

real	0m0.015s
user	0m0.002s
sys	0m0.005s
EVENT clean-middle-nodes-3

real	0m0.015s
user	0m0.003s
sys	0m0.003s
EVENT delete-archive-middle-nodes-3

real	0m0.019s
user	0m0.001s
sys	0m0.006s
EVENT create-archive-4
flux-archive: kvs commit: No such file or directory

real	0m15.947s
user	0m5.928s
sys	0m4.649s
EVENT distribute-all-nodes-4
flux-archive: KVS lookup archive.create-archive-4: No such file or directory
flux-archive: KVS lookup archive.create-archive-4: No such file or directory
flux-archive: KVS lookup archive.create-archive-4: No such file or directory
flux-archive: KVS lookup archive.create-archive-4: No such file or directory
flux-archive: KVS lookup archive.create-archive-4: No such file or directory
[1-5]: Exit 1

real	0m0.017s
user	0m0.004s
sys	0m0.003s
EVENT clean-all-nodes-4

real	0m0.015s
user	0m0.003s
sys	0m0.004s
EVENT delete-archive-all-nodes-4

real	0m0.019s
user	0m0.001s
sys	0m0.005s
EVENT create-leaf-nodes-4
flux-archive: kvs commit: No such file or directory

real	0m15.981s
user	0m5.956s
sys	0m4.595s
EVENT distribute-leaf-nodes-4
flux-archive: KVS lookup archive.create-archive-leaves-4: No such file or directory
flux-archive: KVS lookup archive.create-archive-leaves-4: No such file or directory
flux-archive: KVS lookup archive.create-archive-leaves-4: No such file or directory
[3-5]: Exit 1

real	0m0.015s
user	0m0.001s
sys	0m0.006s
EVENT clean-leaf-nodes-4

real	0m0.015s
user	0m0.002s
sys	0m0.004s
EVENT delete-archive-leaf-nodes-4

real	0m0.020s
user	0m0.002s
sys	0m0.005s
EVENT create-middle-nodes-4
flux-archive: kvs commit: No such file or directory

real	0m15.470s
user	0m5.849s
sys	0m4.441s
EVENT distribute-middle-nodes-0-4
flux-archive: KVS lookup archive.create-archive-middle-4: No such file or directory
flux-archive: KVS lookup archive.create-archive-middle-4: No such file or directory
[1-2]: Exit 1

real	0m0.015s
user	0m0.003s
sys	0m0.003s
EVENT distribute-middle-nodes-1-4
flux-archive: KVS lookup archive.create-archive-middle-4: No such file or directory
flux-archive: KVS lookup archive.create-archive-middle-4: No such file or directory
flux-archive: KVS lookup archive.create-archive-middle-4: No such file or directory
[3-5]: Exit 1

real	0m0.014s
user	0m0.001s
sys	0m0.005s
EVENT clean-middle-nodes-4

real	0m0.015s
user	0m0.001s
sys	0m0.005s
EVENT delete-archive-middle-nodes-4

real	0m0.020s
user	0m0.002s
sys	0m0.004s
EVENT create-archive-5
flux-archive: kvs commit: No such file or directory

real	0m19.925s
user	0m7.493s
sys	0m5.698s
EVENT distribute-all-nodes-5
flux-archive: KVS lookup archive.create-archive-5: No such file or directory
flux-archive: KVS lookup archive.create-archive-5: No such file or directory
flux-archive: KVS lookup archive.create-archive-5: No such file or directory
flux-archive: KVS lookup archive.create-archive-5: No such file or directory
flux-archive: KVS lookup archive.create-archive-5: No such file or directory
[1-5]: Exit 1

real	0m0.018s
user	0m0.003s
sys	0m0.004s
EVENT clean-all-nodes-5

real	0m0.016s
user	0m0.003s
sys	0m0.003s
EVENT delete-archive-all-nodes-5

real	0m0.019s
user	0m0.001s
sys	0m0.005s
EVENT create-leaf-nodes-5
flux-archive: kvs commit: No such file or directory

real	0m19.412s
user	0m7.418s
sys	0m5.468s
EVENT distribute-leaf-nodes-5
flux-archive: KVS lookup archive.create-archive-leaves-5: No such file or directory
flux-archive: KVS lookup archive.create-archive-leaves-5: No such file or directory
flux-archive: KVS lookup archive.create-archive-leaves-5: No such file or directory
[3-5]: Exit 1

real	0m0.015s
user	0m0.002s
sys	0m0.005s
EVENT clean-leaf-nodes-5

real	0m0.016s
user	0m0.001s
sys	0m0.006s
EVENT delete-archive-leaf-nodes-5

real	0m0.019s
user	0m0.002s
sys	0m0.004s
EVENT create-middle-nodes-5
flux-archive: kvs commit: No such file or directory

real	0m20.029s
user	0m7.321s
sys	0m5.944s
EVENT distribute-middle-nodes-0-5
flux-archive: KVS lookup archive.create-archive-middle-5: No such file or directory
flux-archive: KVS lookup archive.create-archive-middle-5: No such file or directory
[1-2]: Exit 1

real	0m0.015s
user	0m0.001s
sys	0m0.006s
EVENT distribute-middle-nodes-1-5
flux-archive: KVS lookup archive.create-archive-middle-5: No such file or directory
flux-archive: KVS lookup archive.create-archive-middle-5: No such file or directory
flux-archive: KVS lookup archive.create-archive-middle-5: No such file or directory
[3-5]: Exit 1

real	0m0.015s
user	0m0.002s
sys	0m0.004s
EVENT clean-middle-nodes-5

real	0m0.015s
user	0m0.002s
sys	0m0.005s
EVENT delete-archive-middle-nodes-5

real	0m0.019s
user	0m0.003s
sys	0m0.004s
EVENT create-archive-6
flux-archive: kvs commit: No such file or directory

real	0m23.406s
user	0m8.909s
sys	0m6.703s
EVENT distribute-all-nodes-6
flux-archive: KVS lookup archive.create-archive-6: No such file or directory
flux-archive: KVS lookup archive.create-archive-6: No such file or directory
flux-archive: KVS lookup archive.create-archive-6: No such file or directory
flux-archive: KVS lookup archive.create-archive-6: No such file or directory
flux-archive: KVS lookup archive.create-archive-6: No such file or directory
[1-5]: Exit 1

real	0m0.018s
user	0m0.003s
sys	0m0.004s
EVENT clean-all-nodes-6

real	0m0.015s
user	0m0.001s
sys	0m0.005s
EVENT delete-archive-all-nodes-6

real	0m0.020s
user	0m0.004s
sys	0m0.003s
EVENT create-leaf-nodes-6
flux-archive: kvs commit: No such file or directory

real	0m24.096s
user	0m8.977s
sys	0m7.157s
EVENT distribute-leaf-nodes-6
flux-archive: KVS lookup archive.create-archive-leaves-6: No such file or directory
flux-archive: KVS lookup archive.create-archive-leaves-6: No such file or directory
flux-archive: KVS lookup archive.create-archive-leaves-6: No such file or directory
[3-5]: Exit 1

real	0m0.016s
user	0m0.001s
sys	0m0.006s
EVENT clean-leaf-nodes-6

real	0m0.015s
user	0m0.003s
sys	0m0.004s
EVENT delete-archive-leaf-nodes-6

real	0m0.020s
user	0m0.001s
sys	0m0.005s
EVENT create-middle-nodes-6
flux-archive: kvs commit: No such file or directory

real	0m23.749s
user	0m8.866s
sys	0m6.956s
EVENT distribute-middle-nodes-0-6
flux-archive: KVS lookup archive.create-archive-middle-6: No such file or directory
flux-archive: KVS lookup archive.create-archive-middle-6: No such file or directory
[1-2]: Exit 1

real	0m0.015s
user	0m0.002s
sys	0m0.005s
EVENT distribute-middle-nodes-1-6
flux-archive: KVS lookup archive.create-archive-middle-6: No such file or directory
flux-archive: KVS lookup archive.create-archive-middle-6: No such file or directory
flux-archive: KVS lookup archive.create-archive-middle-6: No such file or directory
[3-5]: Exit 1

real	0m0.015s
user	0m0.001s
sys	0m0.005s
EVENT clean-middle-nodes-6

real	0m0.016s
user	0m0.002s
sys	0m0.005s
EVENT delete-archive-middle-nodes-6

real	0m0.020s
user	0m0.003s
sys	0m0.004s
EVENT create-archive-7
flux-archive: kvs commit: No such file or directory

real	0m27.835s
user	0m10.169s
sys	0m8.363s
EVENT distribute-all-nodes-7
flux-archive: KVS lookup archive.create-archive-7: No such file or directory
flux-archive: KVS lookup archive.create-archive-7: No such file or directory
flux-archive: KVS lookup archive.create-archive-7: No such file or directory
flux-archive: KVS lookup archive.create-archive-7: No such file or directory
flux-archive: KVS lookup archive.create-archive-7: No such file or directory
[1-5]: Exit 1

real	0m0.018s
user	0m0.002s
sys	0m0.005s
EVENT clean-all-nodes-7

real	0m0.015s
user	0m0.001s
sys	0m0.006s
EVENT delete-archive-all-nodes-7

real	0m0.019s
user	0m0.002s
sys	0m0.005s
EVENT create-leaf-nodes-7
flux-archive: kvs commit: No such file or directory

real	0m27.832s
user	0m10.403s
sys	0m8.125s
EVENT distribute-leaf-nodes-7
flux-archive: KVS lookup archive.create-archive-leaves-7: No such file or directory
flux-archive: KVS lookup archive.create-archive-leaves-7: No such file or directory
flux-archive: KVS lookup archive.create-archive-leaves-7: No such file or directory
[3-5]: Exit 1

real	0m0.015s
user	0m0.003s
sys	0m0.004s
EVENT clean-leaf-nodes-7

real	0m0.015s
user	0m0.001s
sys	0m0.005s
EVENT delete-archive-leaf-nodes-7

real	0m0.020s
user	0m0.005s
sys	0m0.002s
EVENT create-middle-nodes-7
flux-archive: kvs commit: No such file or directory

real	0m27.795s
user	0m10.371s
sys	0m7.974s
EVENT distribute-middle-nodes-0-7
flux-archive: KVS lookup archive.create-archive-middle-7: No such file or directory
flux-archive: KVS lookup archive.create-archive-middle-7: No such file or directory
[1-2]: Exit 1

real	0m0.015s
user	0m0.000s
sys	0m0.007s
EVENT distribute-middle-nodes-1-7
flux-archive: KVS lookup archive.create-archive-middle-7: No such file or directory
flux-archive: KVS lookup archive.create-archive-middle-7: No such file or directory
flux-archive: KVS lookup archive.create-archive-middle-7: No such file or directory
[3-5]: Exit 1

real	0m0.015s
user	0m0.002s
sys	0m0.005s
EVENT clean-middle-nodes-7

real	0m0.015s
user	0m0.002s
sys	0m0.005s
EVENT delete-archive-middle-nodes-7

real	0m0.020s
user	0m0.003s
sys	0m0.004s
EVENT create-archive-8
flux-archive: kvs commit: No such file or directory

real	0m31.151s
user	0m11.646s
sys	0m9.024s
EVENT distribute-all-nodes-8
flux-archive: KVS lookup archive.create-archive-8: No such file or directory
flux-archive: KVS lookup archive.create-archive-8: No such file or directory
flux-archive: KVS lookup archive.create-archive-8: No such file or directory
flux-archive: KVS lookup archive.create-archive-8: No such file or directory
flux-archive: KVS lookup archive.create-archive-8: No such file or directory
[1-5]: Exit 1

real	0m0.018s
user	0m0.001s
sys	0m0.006s
EVENT clean-all-nodes-8

real	0m0.015s
user	0m0.000s
sys	0m0.006s
EVENT delete-archive-all-nodes-8

real	0m0.019s
user	0m0.002s
sys	0m0.005s
EVENT create-leaf-nodes-8
flux-archive: kvs commit: No such file or directory

real	0m31.563s
user	0m11.767s
sys	0m9.146s
EVENT distribute-leaf-nodes-8
flux-archive: KVS lookup archive.create-archive-leaves-8: No such file or directory
flux-archive: KVS lookup archive.create-archive-leaves-8: No such file or directory
flux-archive: KVS lookup archive.create-archive-leaves-8: No such file or directory
[3-5]: Exit 1

real	0m0.016s
user	0m0.003s
sys	0m0.004s
EVENT clean-leaf-nodes-8

real	0m0.015s
user	0m0.001s
sys	0m0.005s
EVENT delete-archive-leaf-nodes-8

real	0m0.019s
user	0m0.002s
sys	0m0.004s
EVENT create-middle-nodes-8
flux-archive: kvs commit: No such file or directory

real	0m31.699s
user	0m11.623s
sys	0m9.512s
EVENT distribute-middle-nodes-0-8
flux-archive: KVS lookup archive.create-archive-middle-8: No such file or directory
flux-archive: KVS lookup archive.create-archive-middle-8: No such file or directory
[1-2]: Exit 1

real	0m0.014s
user	0m0.002s
sys	0m0.005s
EVENT distribute-middle-nodes-1-8
flux-archive: KVS lookup archive.create-archive-middle-8: No such file or directory
flux-archive: KVS lookup archive.create-archive-middle-8: No such file or directory
flux-archive: KVS lookup archive.create-archive-middle-8: No such file or directory
[3-5]: Exit 1

real	0m0.015s
user	0m0.000s
sys	0m0.006s
EVENT clean-middle-nodes-8

real	0m0.017s
user	0m0.002s
sys	0m0.005s
EVENT delete-archive-middle-nodes-8

real	0m0.019s
user	0m0.001s
sys	0m0.006s
EVENT create-archive-9
flux-archive: kvs commit: No such file or directory

real	0m35.028s
user	0m13.354s
sys	0m10.048s
EVENT distribute-all-nodes-9
flux-archive: KVS lookup archive.create-archive-9: No such file or directory
flux-archive: KVS lookup archive.create-archive-9: No such file or directory
flux-archive: KVS lookup archive.create-archive-9: No such file or directory
flux-archive: KVS lookup archive.create-archive-9: No such file or directory
flux-archive: KVS lookup archive.create-archive-9: No such file or directory
[1-5]: Exit 1

real	0m0.018s
user	0m0.001s
sys	0m0.006s
EVENT clean-all-nodes-9

real	0m0.016s
user	0m0.002s
sys	0m0.005s
EVENT delete-archive-all-nodes-9

real	0m0.020s
user	0m0.001s
sys	0m0.006s
EVENT create-leaf-nodes-9
flux-archive: kvs commit: No such file or directory

real	0m35.265s
user	0m13.251s
sys	0m10.315s
EVENT distribute-leaf-nodes-9
flux-archive: KVS lookup archive.create-archive-leaves-9: No such file or directory
flux-archive: KVS lookup archive.create-archive-leaves-9: No such file or directory
flux-archive: KVS lookup archive.create-archive-leaves-9: No such file or directory
[3-5]: Exit 1

real	0m0.015s
user	0m0.001s
sys	0m0.006s
EVENT clean-leaf-nodes-9

real	0m0.015s
user	0m0.002s
sys	0m0.004s
EVENT delete-archive-leaf-nodes-9

real	0m0.020s
user	0m0.002s
sys	0m0.005s
EVENT create-middle-nodes-9
flux-archive: kvs commit: No such file or directory

real	0m36.235s
user	0m13.410s
sys	0m10.881s
EVENT distribute-middle-nodes-0-9
flux-archive: KVS lookup archive.create-archive-middle-9: No such file or directory
flux-archive: KVS lookup archive.create-archive-middle-9: No such file or directory
[1-2]: Exit 1

real	0m0.014s
user	0m0.001s
sys	0m0.006s
EVENT distribute-middle-nodes-1-9
flux-archive: KVS lookup archive.create-archive-middle-9: No such file or directory
flux-archive: KVS lookup archive.create-archive-middle-9: No such file or directory
flux-archive: KVS lookup archive.create-archive-middle-9: No such file or directory
[3-5]: Exit 1

real	0m0.015s
user	0m0.005s
sys	0m0.002s
EVENT clean-middle-nodes-9

real	0m0.015s
user	0m0.003s
sys	0m0.003s
EVENT delete-archive-middle-nodes-9

real	0m0.019s
user	0m0.002s
sys	0m0.005s
EVENT create-archive-10
flux-archive: kvs commit: No such file or directory

real	0m38.880s
user	0m14.714s
sys	0m11.285s
EVENT distribute-all-nodes-10
flux-archive: KVS lookup archive.create-archive-10: No such file or directory
flux-archive: KVS lookup archive.create-archive-10: No such file or directory
flux-archive: KVS lookup archive.create-archive-10: No such file or directory
flux-archive: KVS lookup archive.create-archive-10: No such file or directory
flux-archive: KVS lookup archive.create-archive-10: No such file or directory
[1-5]: Exit 1

real	0m0.018s
user	0m0.001s
sys	0m0.005s
EVENT clean-all-nodes-10

real	0m0.016s
user	0m0.003s
sys	0m0.004s
EVENT delete-archive-all-nodes-10

real	0m0.019s
user	0m0.001s
sys	0m0.005s
EVENT create-leaf-nodes-10
flux-archive: kvs commit: No such file or directory

real	0m40.356s
user	0m14.933s
sys	0m11.910s
EVENT distribute-leaf-nodes-10
flux-archive: KVS lookup archive.create-archive-leaves-10: No such file or directory
flux-archive: KVS lookup archive.create-archive-leaves-10: No such file or directory
flux-archive: KVS lookup archive.create-archive-leaves-10: No such file or directory
[3-5]: Exit 1

real	0m0.015s
user	0m0.003s
sys	0m0.004s
EVENT clean-leaf-nodes-10

real	0m0.016s
user	0m0.004s
sys	0m0.004s
EVENT delete-archive-leaf-nodes-10

real	0m0.020s
user	0m0.002s
sys	0m0.005s
EVENT create-middle-nodes-10
flux-archive: kvs commit: No such file or directory

real	0m39.694s
user	0m14.762s
sys	0m11.620s
EVENT distribute-middle-nodes-0-10
flux-archive: KVS lookup archive.create-archive-middle-10: No such file or directory
flux-archive: KVS lookup archive.create-archive-middle-10: No such file or directory
[1-2]: Exit 1

real	0m0.015s
user	0m0.003s
sys	0m0.004s
EVENT distribute-middle-nodes-1-10
flux-archive: KVS lookup archive.create-archive-middle-10: No such file or directory
flux-archive: KVS lookup archive.create-archive-middle-10: No such file or directory
flux-archive: KVS lookup archive.create-archive-middle-10: No such file or directory
[3-5]: Exit 1

real	0m0.015s
user	0m0.001s
sys	0m0.005s
EVENT clean-middle-nodes-10

real	0m0.015s
user	0m0.004s
sys	0m0.003s
EVENT delete-archive-middle-nodes-10

real	0m0.020s
user	0m0.002s
sys	0m0.005s
SCRIPT entrypoint

#!/bin/bash
# flux-topology.sh

flux exec -r all flux module reload content purge-target-size=104857600 # 100mb
echo "MODULE STATS CONTENT"
flux module stats content | jq

# Print the overlay to show the topology
echo "NODES"
echo "6"
echo "TOPOLOGY diagram"
flux overlay status
echo "TOPOLOGY description"
echo "kary:2"

# Go up to 10 sizes for now (matches container size)
for size in $(seq 1 10)
  do
    # Create the archive and time it
    echo "EVENT create-archive-${size}"
    time flux archive create --name create-archive-${size} --dir /chonks ${size}gb.txt

    # Distribute to all nodes, but to /tmp because file exists in /chonks
    echo "EVENT distribute-all-nodes-${size}"
    time flux exec -r all -x 0 flux archive extract --name create-archive-${size} -C /tmp

    # Cleanup all archive on all nodes
    echo "EVENT clean-all-nodes-${size}"
    time flux exec -r all rm -rf /tmp/${size}gb.txt

    echo "EVENT delete-archive-all-nodes-${size}"
    time flux exec -r all flux archive remove --name create-archive-${size} 2>/dev/null

    # Next, do the same for the root node (level 0) to the deepest level (leaves)
    echo "EVENT create-leaf-nodes-${size}"
    time flux archive create --name create-archive-leaves-${size} --dir /chonks ${size}gb.txt
    echo "EVENT distribute-leaf-nodes-${size}"
    time flux exec -r 3,4,5 -x 0 flux archive extract --name create-archive-leaves-${size} -C /tmp
    # Cleanup again    
    echo "EVENT clean-leaf-nodes-${size}"
    time flux exec -r all rm -rf /tmp/${size}gb.txt
    echo "EVENT delete-archive-leaf-nodes-${size}"
    time flux exec -r all flux archive remove --name create-archive-leaves-${size} 2>/dev/null

    # Finally, get the middle node and distribute to middle level first, then middle to last
    echo "EVENT create-middle-nodes-${size}"
    time flux archive create --name create-archive-middle-${size} --dir /chonks ${size}gb.txt
    echo "EVENT distribute-middle-nodes-0-${size}"
    time flux exec -r 1,2 -x 0 flux archive extract --name create-archive-middle-${size} -C /tmp
    echo "EVENT distribute-middle-nodes-1-${size}"
    time flux exec -r 3,4,5 -x 0 flux archive extract --name create-archive-middle-${size} -C /tmp
    echo "EVENT clean-middle-nodes-${size}"
    time flux exec -r all rm -rf /tmp/${size}gb.txt
    echo "EVENT delete-archive-middle-nodes-${size}"
    time flux exec -r all flux archive remove --name create-archive-middle-${size} 2>/dev/null
done

# Show self!
echo "SCRIPT entrypoint"
cat $0