MODULE STATS CONTENT
[1;39m{
  [0m[1;34m"count"[0m[1;39m: [0m[0;39m0[0m[1;39m,
  [0m[1;34m"valid"[0m[1;39m: [0m[0;39m0[0m[1;39m,
  [0m[1;34m"dirty"[0m[1;39m: [0m[0;39m0[0m[1;39m,
  [0m[1;34m"size"[0m[1;39m: [0m[0;39m0[0m[1;39m,
  [0m[1;34m"flush-batch-count"[0m[1;39m: [0m[0;39m0[0m[1;39m,
  [0m[1;34m"mmap"[0m[1;39m: [0m[1;39m{
    [0m[1;34m"tags"[0m[1;39m: [0m[1;39m{}[0m[1;39m,
    [0m[1;34m"blobs"[0m[1;39m: [0m[0;39m0[0m[1;39m
  [1;39m}[0m[1;39m
[1;39m}[0m
NODES
6
TOPOLOGY diagram
0 flux-sample-0: full
└─ 1 flux-sample-1: full
   └─ 2 flux-sample-2: full
      └─ 3 flux-sample-3: full
         └─ 4 flux-sample-4: full
            └─ 5 flux-sample-5: full
TOPOLOGY description
kary:1
EVENT create-archive-1

real	0m9.130s
user	0m1.651s
sys	0m1.425s
EVENT distribute-all-nodes-1

real	0m2.292s
user	0m0.000s
sys	0m0.006s
EVENT delete-archive-all-nodes-1

real	0m0.027s
user	0m0.000s
sys	0m0.007s
EVENT clean-all-nodes-1

real	0m0.187s
user	0m0.000s
sys	0m0.006s
EVENT create-archive-2

real	0m19.476s
user	0m3.360s
sys	0m2.866s
EVENT distribute-all-nodes-2

real	0m4.201s
user	0m0.000s
sys	0m0.006s
EVENT delete-archive-all-nodes-2

real	0m0.026s
user	0m0.000s
sys	0m0.006s
EVENT clean-all-nodes-2

real	0m0.795s
user	0m0.000s
sys	0m0.007s
EVENT create-archive-3

real	0m29.321s
user	0m5.057s
sys	0m4.116s
EVENT distribute-all-nodes-3

real	0m6.038s
user	0m0.000s
sys	0m0.006s
EVENT delete-archive-all-nodes-3

real	0m0.026s
user	0m0.006s
sys	0m0.000s
EVENT clean-all-nodes-3

real	0m0.626s
user	0m0.000s
sys	0m0.007s
EVENT create-archive-4

real	0m39.249s
user	0m6.899s
sys	0m5.386s
EVENT distribute-all-nodes-4

real	0m7.945s
user	0m0.006s
sys	0m0.000s
EVENT delete-archive-all-nodes-4

real	0m0.027s
user	0m0.000s
sys	0m0.006s
EVENT clean-all-nodes-4

real	0m0.663s
user	0m0.000s
sys	0m0.006s
EVENT create-archive-5

real	0m49.485s
user	0m8.777s
sys	0m6.566s
EVENT distribute-all-nodes-5

real	0m10.195s
user	0m0.000s
sys	0m0.007s
EVENT delete-archive-all-nodes-5

real	0m0.033s
user	0m0.000s
sys	0m0.006s
EVENT clean-all-nodes-5

real	0m1.242s
user	0m0.003s
sys	0m0.003s
EVENT create-archive-6

real	0m59.375s
user	0m10.428s
sys	0m7.968s
EVENT distribute-all-nodes-6

real	0m12.039s
user	0m0.000s
sys	0m0.006s
EVENT delete-archive-all-nodes-6

real	0m0.039s
user	0m0.000s
sys	0m0.006s
EVENT clean-all-nodes-6

real	0m1.355s
user	0m0.003s
sys	0m0.004s
EVENT create-archive-7

real	1m9.792s
user	0m11.976s
sys	0m9.800s
EVENT distribute-all-nodes-7

real	0m17.137s
user	0m0.000s
sys	0m0.007s
EVENT delete-archive-all-nodes-7

real	0m0.041s
user	0m0.000s
sys	0m0.006s
EVENT clean-all-nodes-7

real	0m1.364s
user	0m0.000s
sys	0m0.007s
EVENT create-archive-8

real	1m20.143s
user	0m13.754s
sys	0m11.207s
EVENT distribute-all-nodes-8

real	0m23.501s
user	0m0.002s
sys	0m0.005s
EVENT delete-archive-all-nodes-8

real	0m0.047s
user	0m0.006s
sys	0m0.000s
EVENT clean-all-nodes-8

real	0m1.549s
user	0m0.003s
sys	0m0.003s
EVENT create-archive-9

real	1m30.257s
user	0m15.269s
sys	0m12.592s
EVENT distribute-all-nodes-9

real	0m29.796s
user	0m0.007s
sys	0m0.000s
EVENT delete-archive-all-nodes-9

real	0m0.050s
user	0m0.002s
sys	0m0.005s
EVENT clean-all-nodes-9

real	0m1.706s
user	0m0.002s
sys	0m0.005s
EVENT create-archive-10

real	1m3.413s
user	0m16.719s
sys	0m11.776s
EVENT distribute-all-nodes-10

real	0m37.393s
user	0m0.000s
sys	0m0.006s
EVENT delete-archive-all-nodes-10

real	0m0.052s
user	0m0.000s
sys	0m0.007s
EVENT clean-all-nodes-10

real	0m1.653s
user	0m0.000s
sys	0m0.007s
SCRIPT entrypoint

#!/bin/bash
# flux-topology.sh

flux exec -r all flux module reload content purge-target-size=104857600 # 100mb
echo "MODULE STATS CONTENT"
flux module stats content | jq

# Print the overlay to show the topology
echo "NODES"
echo "6"
echo "TOPOLOGY diagram"
flux overlay status
echo "TOPOLOGY description"
echo "kary:1"

# Go up to 10 sizes for now (matches container size)
for size in $(seq 1 10)
  do
    # Create the archive and time it
    echo "EVENT create-archive-${size}"
    time  flux archive create --name create-archive-${size} --dir /chonks ${size}gb.txt

    # Distribute to all nodes, but to /tmp because file exists in /chonks
    echo "EVENT distribute-all-nodes-${size}"
    time flux exec -r all -x 0  flux archive extract --name create-archive-${size} -C /tmp
    sleep 2

    echo "EVENT delete-archive-all-nodes-${size}"
    time flux exec -r all  flux archive remove --name create-archive-${size} 2>/dev/null
    sleep 2

    # Cleanup all archive on all nodes
    echo "EVENT clean-all-nodes-${size}"
    time flux exec -r all rm -rf /tmp/${size}gb.txt
    sleep 2
done

# Show self!
echo "SCRIPT entrypoint"
cat $0