ðŸŸ§ï¸  wait-fs: 2024/12/28 21:03:22 wait-fs.go:40: /mnt/flux/flux-operator-done.txt
ðŸŸ§ï¸  wait-fs: 2024/12/28 21:03:22 wait-fs.go:49: Found existing path /mnt/flux/flux-operator-done.txt

Hello user root

ðŸŒŸï¸ Curve Certificate
curve.cert
#   ****  Generated on 2023-04-26 22:54:42 by CZMQ  ****
#   ZeroMQ CURVE **Secret** Certificate
#   DO NOT PROVIDE THIS FILE TO OTHER USERS nor change its permissions.
    
metadata
    name = "flux-cert-generator"
    keygen.hostname = "flux-sample-0"
curve
    public-key = "HBOT=ZwUwzUT9G0xHaCFOljUeU&EV[}^v58Qj@&3"
    secret-key = "-Nilee@BT6q2dZ#I5/THnu}4sLSBQkRy:8)p)r$M"

ðŸ“¦ Resources
flux R encode --hosts=flux-sample-[0-3] --local
{"version": 1, "execution": {"R_lite": [{"rank": "0-3", "children": {"core": "0-7"}}], "starttime": 0.0, "expiration": 0.0, "nodelist": ["flux-sample-[0-3]"]}}
ðŸ‘‹ Hello, I'm flux-sample-0
The main host is flux-sample-0
The working directory is /home/fluxuser, contents include:
ðŸš©ï¸ Flux Option Flags defined
Command provided is: /bin/bash /entrypoint.sh

ðŸŒ€ Launcher Mode: flux start -o --config /mnt/flux/view/etc/flux/config -Scron.directory=/etc/flux/system/cron.d   -Stbon.fanout=256   -Srundir=/mnt/flux/view/run/flux    -Sstatedir=/mnt/flux/view/var/lib/flux -Slocal-uri=local:///mnt/flux/view/run/flux/local -Stbon.connect_timeout=5s -Stbon.topo=kary:1    -Slog-stderr-level=6    -Slog-stderr-mode=local  
broker.info[0]: start: none->join 0.356601ms
broker.info[0]: parent-none: join->init 0.01033ms
cron.info[0]: synchronizing cron tasks to event heartbeat.pulse
job-manager.info[0]: restart: 0 jobs
job-manager.info[0]: restart: 0 running jobs
job-manager.info[0]: restart: checkpoint.job-manager not found
broker.info[0]: rc1.0: running /etc/flux/rc1.d/01-sched-fluxion
sched-fluxion-resource.info[0]: version 0.40.0-4-g3fb0b4e7
sched-fluxion-resource.warning[0]: create_reader: allowlist unsupported
sched-fluxion-resource.info[0]: populate_resource_db: loaded resources from core's resource.acquire
sched-fluxion-qmanager.info[0]: version 0.40.0-4-g3fb0b4e7
broker.info[0]: rc1.0: running /etc/flux/rc1.d/02-cron
broker.info[0]: rc1.0: /etc/flux/rc1 Exited (rc=0) 0.4s
broker.info[0]: rc1-success: init->quorum 0.370592s
broker.info[0]: online: flux-sample-0 (ranks 0)
broker.info[0]: online: flux-sample-[0-3] (ranks 0-3)
broker.info[0]: quorum-full: quorum->run 1.77678s
MODULE STATS CONTENT
[1;39m{
  [0m[34;1m"count"[0m[1;39m: [0m[0;39m0[0m[1;39m,
  [0m[34;1m"valid"[0m[1;39m: [0m[0;39m0[0m[1;39m,
  [0m[34;1m"dirty"[0m[1;39m: [0m[0;39m0[0m[1;39m,
  [0m[34;1m"size"[0m[1;39m: [0m[0;39m0[0m[1;39m,
  [0m[34;1m"flush-batch-count"[0m[1;39m: [0m[0;39m0[0m[1;39m,
  [0m[34;1m"mmap"[0m[1;39m: [0m[1;39m{
    [0m[34;1m"tags"[0m[1;39m: [0m[1;39m{}[0m[1;39m,
    [0m[34;1m"blobs"[0m[1;39m: [0m[0;39m0[0m[1;39m
  [1;39m}[0m[1;39m
[1;39m}[0m
NODES
4
TOPOLOGY diagram
0 flux-sample-0: full
â””â”€ 1 flux-sample-1: full
   â””â”€ 2 flux-sample-2: full
      â””â”€ 3 flux-sample-3: full
TOPOLOGY description
kary:1
RANKS 4
EVENT flux-ping-broker-size-0-rank-0
flux-ping 0!broker
0!broker.ping pad=0 seq=0 time=0.088 ms (5afe8d40!b8e263a7!2f936ab5)
EVENT flux-ping-kvs-size-0-rank-0
flux-ping 0!kvs
0!kvs.ping pad=0 seq=0 time=0.128 ms (ead0ae75!b8e263a7!2f936ab5!2f936ab5)
EVENT flux-ping-broker-size-0-rank-1
flux-ping 1!broker
1!broker.ping pad=0 seq=0 time=0.414 ms (a0bdac5b!b8e263a7!2f936ab5!2cc18453)
EVENT flux-ping-kvs-size-0-rank-1
flux-ping 1!kvs
1!kvs.ping pad=0 seq=0 time=0.327 ms (09bdf219!b8e263a7!2f936ab5!2cc18453!2cc18453)
EVENT flux-ping-broker-size-0-rank-2
flux-ping 2!broker
2!broker.ping pad=0 seq=0 time=0.597 ms (2feacfe4!b8e263a7!2f936ab5!2cc18453!86b2cf4e)
EVENT flux-ping-kvs-size-0-rank-2
flux-ping 2!kvs
2!kvs.ping pad=0 seq=0 time=0.579 ms (c7ee40c7!b8e263a7!2f936ab5!2cc18453!86b2cf4e!86b2cf4e)
EVENT flux-ping-broker-size-0-rank-3
flux-ping 3!broker
3!broker.ping pad=0 seq=0 time=0.904 ms (3e027007!b8e263a7!2f936ab5!2cc18453!86b2cf4e!76786c62)
EVENT flux-ping-kvs-size-0-rank-3
flux-ping 3!kvs
3!kvs.ping pad=0 seq=0 time=0.744 ms (e87f0e05!b8e263a7!2f936ab5!2cc18453!86b2cf4e!76786c62!76786c62)
EVENT flux-ping-broker-size-200-rank-0
flux-ping 0!broker
0!broker.ping pad=209715200 seq=0 time=6048.238 ms (c5ee1860!b8e263a7!2f936ab5)
EVENT flux-ping-kvs-size-200-rank-0
flux-ping 0!kvs
0!kvs.ping pad=209715200 seq=0 time=6107.820 ms (02681bdc!b8e263a7!2f936ab5!2f936ab5)
EVENT flux-ping-broker-size-200-rank-1
flux-ping 1!broker
1!broker.ping pad=209715200 seq=0 time=7614.709 ms (cbd122f9!b8e263a7!2f936ab5!2cc18453)
EVENT flux-ping-kvs-size-200-rank-1
flux-ping 1!kvs
1!kvs.ping pad=209715200 seq=0 time=7686.608 ms (dce2c91a!b8e263a7!2f936ab5!2cc18453!2cc18453)
EVENT flux-ping-broker-size-200-rank-2
flux-ping 2!broker
2!broker.ping pad=209715200 seq=0 time=9431.504 ms (2e5aee35!b8e263a7!2f936ab5!2cc18453!86b2cf4e)
EVENT flux-ping-kvs-size-200-rank-2
flux-ping 2!kvs
2!kvs.ping pad=209715200 seq=0 time=9565.369 ms (f7b4c0c3!b8e263a7!2f936ab5!2cc18453!86b2cf4e!86b2cf4e)
EVENT flux-ping-broker-size-200-rank-3
flux-ping 3!broker
3!broker.ping pad=209715200 seq=0 time=10915.228 ms (ac86e262!b8e263a7!2f936ab5!2cc18453!86b2cf4e!76786c62)
EVENT flux-ping-kvs-size-200-rank-3
flux-ping 3!kvs
3!kvs.ping pad=209715200 seq=0 time=10859.969 ms (5ff917b1!b8e263a7!2f936ab5!2cc18453!86b2cf4e!76786c62!76786c62)
EVENT flux-ping-broker-size-400-rank-0
flux-ping 0!broker
0!broker.ping pad=419430400 seq=0 time=12408.262 ms (3b53f2b1!b8e263a7!2f936ab5)
EVENT flux-ping-kvs-size-400-rank-0
flux-ping 0!kvs
0!kvs.ping pad=419430400 seq=0 time=12180.502 ms (fac98e72!b8e263a7!2f936ab5!2f936ab5)
EVENT flux-ping-broker-size-400-rank-1
flux-ping 1!broker
1!broker.ping pad=419430400 seq=0 time=15592.052 ms (3efce7e7!b8e263a7!2f936ab5!2cc18453)
EVENT flux-ping-kvs-size-400-rank-1
flux-ping 1!kvs
1!kvs.ping pad=419430400 seq=0 time=15827.900 ms (e904ae39!b8e263a7!2f936ab5!2cc18453!2cc18453)
EVENT flux-ping-broker-size-400-rank-2
flux-ping 2!broker
2!broker.ping pad=419430400 seq=0 time=18999.016 ms (1c1d3a54!b8e263a7!2f936ab5!2cc18453!86b2cf4e)
EVENT flux-ping-kvs-size-400-rank-2
flux-ping 2!kvs
2!kvs.ping pad=419430400 seq=0 time=18347.946 ms (68a943f1!b8e263a7!2f936ab5!2cc18453!86b2cf4e!86b2cf4e)
EVENT flux-ping-broker-size-400-rank-3
flux-ping 3!broker
3!broker.ping pad=419430400 seq=0 time=21886.810 ms (ce0bd6da!b8e263a7!2f936ab5!2cc18453!86b2cf4e!76786c62)
EVENT flux-ping-kvs-size-400-rank-3
flux-ping 3!kvs
3!kvs.ping pad=419430400 seq=0 time=21860.590 ms (c6c04c22!b8e263a7!2f936ab5!2cc18453!86b2cf4e!76786c62!76786c62)
EVENT flux-ping-broker-size-600-rank-0
flux-ping 0!broker
0!broker.ping pad=629145600 seq=0 time=18597.929 ms (bcac6ab5!b8e263a7!2f936ab5)
EVENT flux-ping-kvs-size-600-rank-0
flux-ping 0!kvs
0!kvs.ping pad=629145600 seq=0 time=18543.310 ms (9b9a34af!b8e263a7!2f936ab5!2f936ab5)
EVENT flux-ping-broker-size-600-rank-1
flux-ping 1!broker
1!broker.ping pad=629145600 seq=0 time=23681.136 ms (0036713a!b8e263a7!2f936ab5!2cc18453)
EVENT flux-ping-kvs-size-600-rank-1
flux-ping 1!kvs
1!kvs.ping pad=629145600 seq=0 time=23586.430 ms (418835dc!b8e263a7!2f936ab5!2cc18453!2cc18453)
EVENT flux-ping-broker-size-600-rank-2
flux-ping 2!broker
2!broker.ping pad=629145600 seq=0 time=28447.456 ms (191574f9!b8e263a7!2f936ab5!2cc18453!86b2cf4e)
EVENT flux-ping-kvs-size-600-rank-2
flux-ping 2!kvs
2!kvs.ping pad=629145600 seq=0 time=30608.592 ms (46317fa8!b8e263a7!2f936ab5!2cc18453!86b2cf4e!86b2cf4e)
EVENT flux-ping-broker-size-600-rank-3
flux-ping 3!broker
3!broker.ping pad=629145600 seq=0 time=34718.235 ms (cd5d2ac8!b8e263a7!2f936ab5!2cc18453!86b2cf4e!76786c62)
EVENT flux-ping-kvs-size-600-rank-3
flux-ping 3!kvs
3!kvs.ping pad=629145600 seq=0 time=34090.590 ms (2064d1de!b8e263a7!2f936ab5!2cc18453!86b2cf4e!76786c62!76786c62)
EVENT flux-ping-broker-size-800-rank-0
flux-ping 0!broker
0!broker.ping pad=838860800 seq=0 time=25166.067 ms (3f452d56!b8e263a7!2f936ab5)
EVENT flux-ping-kvs-size-800-rank-0
flux-ping 0!kvs
0!kvs.ping pad=838860800 seq=0 time=25291.329 ms (10f8dd65!b8e263a7!2f936ab5!2f936ab5)
EVENT flux-ping-broker-size-800-rank-1
flux-ping 1!broker
1!broker.ping pad=838860800 seq=0 time=31813.469 ms (a0485c80!b8e263a7!2f936ab5!2cc18453)
EVENT flux-ping-kvs-size-800-rank-1
flux-ping 1!kvs
1!kvs.ping pad=838860800 seq=0 time=31972.516 ms (e18ce7e3!b8e263a7!2f936ab5!2cc18453!2cc18453)
EVENT flux-ping-broker-size-800-rank-2
flux-ping 2!broker
2!broker.ping pad=838860800 seq=0 time=38264.257 ms (f963b3a3!b8e263a7!2f936ab5!2cc18453!86b2cf4e)
EVENT flux-ping-kvs-size-800-rank-2
flux-ping 2!kvs
2!kvs.ping pad=838860800 seq=0 time=38409.802 ms (b78c5789!b8e263a7!2f936ab5!2cc18453!86b2cf4e!86b2cf4e)
EVENT flux-ping-broker-size-800-rank-3
flux-ping 3!broker
3!broker.ping pad=838860800 seq=0 time=45455.701 ms (396fcd38!b8e263a7!2f936ab5!2cc18453!86b2cf4e!76786c62)
EVENT flux-ping-kvs-size-800-rank-3
flux-ping 3!kvs
3!kvs.ping pad=838860800 seq=0 time=45253.315 ms (814dc07c!b8e263a7!2f936ab5!2cc18453!86b2cf4e!76786c62!76786c62)
EVENT flux-ping-broker-size-1000-rank-0
flux-ping 0!broker
0!broker.ping pad=1048576000 seq=0 time=31380.431 ms (8fe97459!b8e263a7!2f936ab5)
EVENT flux-ping-kvs-size-1000-rank-0
flux-ping 0!kvs
0!kvs.ping pad=1048576000 seq=0 time=31810.628 ms (48934cf4!b8e263a7!2f936ab5!2f936ab5)
EVENT flux-ping-broker-size-1000-rank-1
flux-ping 1!broker
1!broker.ping pad=1048576000 seq=0 time=39826.711 ms (ec9f2a5b!b8e263a7!2f936ab5!2cc18453)
EVENT flux-ping-kvs-size-1000-rank-1
flux-ping 1!kvs
1!kvs.ping pad=1048576000 seq=0 time=39555.658 ms (081cc849!b8e263a7!2f936ab5!2cc18453!2cc18453)
EVENT flux-ping-broker-size-1000-rank-2
flux-ping 2!broker
2!broker.ping pad=1048576000 seq=0 time=47879.570 ms (edc866b7!b8e263a7!2f936ab5!2cc18453!86b2cf4e)
EVENT flux-ping-kvs-size-1000-rank-2
flux-ping 2!kvs
2!kvs.ping pad=1048576000 seq=0 time=47510.657 ms (523ab39c!b8e263a7!2f936ab5!2cc18453!86b2cf4e!86b2cf4e)
EVENT flux-ping-broker-size-1000-rank-3
flux-ping 3!broker
3!broker.ping pad=1048576000 seq=0 time=56980.953 ms (27feb14a!b8e263a7!2f936ab5!2cc18453!86b2cf4e!76786c62)
EVENT flux-ping-kvs-size-1000-rank-3
flux-ping 3!kvs
3!kvs.ping pad=1048576000 seq=0 time=56358.319 ms (c4463ca5!b8e263a7!2f936ab5!2cc18453!86b2cf4e!76786c62!76786c62)
SCRIPT entrypoint

#!/bin/bash
# flux-topology.sh

flux exec -r all flux module reload content purge-target-size=104857600 # 100mb
echo "MODULE STATS CONTENT"
flux module stats content | jq

# Print the overlay to show the topology
echo "NODES"
echo "4"
echo "TOPOLOGY diagram"
flux overlay status
echo "TOPOLOGY description"
echo "kary:1"

# Get the total size (number of children)
ranks=$(flux getattr size)
echo "RANKS ${ranks}"

# But we are testing this many...
nodes=4

# We start counting at 0
max_rank="$((nodes-1))"

# --pad
# Include in the payload a string of length *N* bytes. *N* may be a floating point number with optional multiplicative suffix (K,M,G). The payload will be echoed back in the response. This option can be used to explore the effect of message size on latency. Default: no padding.

# Limit is 2G
# flux-ping: flux-ping: pad: value 8192M too large (must be < 2G)

# target may be the name of a Flux service, e.g. "kvs". :program:`flux ping` will send a request to "kvs.ping". As a shorthand, target can include a rank or host prefix delimited by an exclamation point. :program:`flux ping 4!kvs` is equivalent to :option:`flux ping --rank 4 kvs` (see :option:`--rank` option below). Don't forget to quote the exclamation point if it is interpreted by your shell.

# As a shorthand, target may also simply be a rank or host by itself indicating that the broker on that rank/host, rather than a Flux service, is to be pinged. :command:`flux ping 1` is equivalent to :option:`flux ping --rank 1 broker`.
# Sizes 0, 200, 400, 600, 800, 1000 M

# Run flux ping for each of the kvs and broker, across all ranks (testing the topology) and message sizes up to
# Go up to 1000MB (1GB) 
for size in $(echo 0 200 400 600 800 1000)
  do
  for rank in $(seq 0 ${max_rank})
    do
    echo "EVENT flux-ping-broker-size-${size}-rank-${rank}"
    flux ping -c1 --pad=${size}M --rank ${rank} broker
    echo "EVENT flux-ping-kvs-size-${size}-rank-${rank}"
    flux ping -c1 --pad=${size}M --rank ${rank} kvs
  done
done

# Show self!
echo "SCRIPT entrypoint"
cat $0broker.info[0]: rc2.0: /bin/bash /entrypoint.sh Exited (rc=0) 1068.3s
broker.info[0]: rc2-success: run->cleanup 17.8055m
broker.info[0]: cleanup.0: flux queue stop --quiet --all --nocheckpoint Exited (rc=0) 0.1s
broker.info[0]: cleanup.1: flux resource acquire-mute Exited (rc=0) 0.1s
broker.info[0]: cleanup.2: flux cancel --user=all --quiet --states RUN Exited (rc=0) 0.1s
broker.info[0]: cleanup.3: flux queue idle --quiet Exited (rc=0) 0.1s
broker.info[0]: cleanup-success: cleanup->shutdown 0.294957s
broker.info[0]: children-complete: shutdown->finalize 0.191497s
broker.info[0]: rc3.0: running /etc/flux/rc3.d/01-sched-fluxion
kvs.err[0]: content_load_completion: content_load_get: No such file or directory
broker.err[0]: rc3.0: flux: Error committing finish event: No such file or directory
broker.err[0]: rc3.0: flux-content: content.flush: Function not implemented
content-sqlite.err[0]: unregister-backing: content backing store is not active: Invalid argument
broker.err[0]: rc3.0: /etc/flux/rc3 Exited (rc=1) 0.1s
broker.info[0]: rc3-fail: finalize->goodbye 0.120117s
broker.info[0]: goodbye: goodbye->exit 0.025855ms
