MODULE STATS CONTENT
[1;39m{
  [0m[1;34m"count"[0m[1;39m: [0m[0;39m0[0m[1;39m,
  [0m[1;34m"valid"[0m[1;39m: [0m[0;39m0[0m[1;39m,
  [0m[1;34m"dirty"[0m[1;39m: [0m[0;39m0[0m[1;39m,
  [0m[1;34m"size"[0m[1;39m: [0m[0;39m0[0m[1;39m,
  [0m[1;34m"flush-batch-count"[0m[1;39m: [0m[0;39m0[0m[1;39m,
  [0m[1;34m"mmap"[0m[1;39m: [0m[1;39m{
    [0m[1;34m"tags"[0m[1;39m: [0m[1;39m{}[0m[1;39m,
    [0m[1;34m"blobs"[0m[1;39m: [0m[0;39m0[0m[1;39m
  [1;39m}[0m[1;39m
[1;39m}[0m
NODES
6
TOPOLOGY diagram
0 flux-sample-0: full
├─ 1 flux-sample-1: full
├─ 2 flux-sample-2: full
│  └─ 3 flux-sample-3: full
└─ 4 flux-sample-4: full
   └─ 5 flux-sample-5: full
TOPOLOGY description
binomial
EVENT create-archive-1

real	0m13.675s
user	0m1.713s
sys	0m1.418s
EVENT distribute-all-nodes-1

real	0m2.027s
user	0m0.004s
sys	0m0.004s
EVENT delete-archive-all-nodes-1

real	0m0.250s
user	0m0.000s
sys	0m0.007s
EVENT clean-all-nodes-1

real	0m0.367s
user	0m0.007s
sys	0m0.000s
EVENT create-archive-2

real	0m23.200s
user	0m3.564s
sys	0m2.657s
EVENT distribute-all-nodes-2

real	0m3.982s
user	0m0.000s
sys	0m0.007s
EVENT delete-archive-all-nodes-2

real	0m0.171s
user	0m0.007s
sys	0m0.000s
EVENT clean-all-nodes-2

real	0m0.418s
user	0m0.000s
sys	0m0.006s
EVENT create-archive-3

real	0m30.205s
user	0m5.200s
sys	0m4.105s
EVENT distribute-all-nodes-3

real	0m5.701s
user	0m0.000s
sys	0m0.006s
EVENT delete-archive-all-nodes-3

real	0m0.187s
user	0m0.006s
sys	0m0.000s
EVENT clean-all-nodes-3

real	0m0.972s
user	0m0.007s
sys	0m0.000s
EVENT create-archive-4

real	0m42.558s
user	0m6.973s
sys	0m5.405s
EVENT distribute-all-nodes-4

real	0m7.579s
user	0m0.008s
sys	0m0.000s
EVENT delete-archive-all-nodes-4

real	0m0.186s
user	0m0.000s
sys	0m0.007s
EVENT clean-all-nodes-4

real	0m1.145s
user	0m0.006s
sys	0m0.000s
EVENT create-archive-5

real	0m53.524s
user	0m8.629s
sys	0m6.859s
EVENT distribute-all-nodes-5

real	0m9.467s
user	0m0.000s
sys	0m0.007s
EVENT delete-archive-all-nodes-5

real	0m0.185s
user	0m0.007s
sys	0m0.000s
EVENT clean-all-nodes-5

real	0m1.143s
user	0m0.000s
sys	0m0.007s
EVENT create-archive-6

real	1m2.749s
user	0m10.369s
sys	0m8.248s
EVENT distribute-all-nodes-6

real	0m13.139s
user	0m0.000s
sys	0m0.007s
EVENT delete-archive-all-nodes-6

real	0m0.222s
user	0m0.007s
sys	0m0.000s
EVENT clean-all-nodes-6

real	0m1.114s
user	0m0.006s
sys	0m0.000s
EVENT create-archive-7

real	1m9.485s
user	0m12.017s
sys	0m9.390s
EVENT distribute-all-nodes-7

real	0m18.437s
user	0m0.006s
sys	0m0.000s
EVENT delete-archive-all-nodes-7

real	0m0.239s
user	0m0.000s
sys	0m0.007s
EVENT clean-all-nodes-7

real	0m1.323s
user	0m0.000s
sys	0m0.007s
EVENT create-archive-8

real	1m19.697s
user	0m13.841s
sys	0m10.925s
EVENT distribute-all-nodes-8

real	0m23.511s
user	0m0.000s
sys	0m0.008s
EVENT delete-archive-all-nodes-8

real	0m0.187s
user	0m0.003s
sys	0m0.003s
EVENT clean-all-nodes-8

real	0m1.708s
user	0m0.007s
sys	0m0.000s
EVENT create-archive-9

real	1m29.914s
user	0m15.776s
sys	0m12.028s
EVENT distribute-all-nodes-9

real	0m29.983s
user	0m0.000s
sys	0m0.007s
EVENT delete-archive-all-nodes-9

real	0m0.129s
user	0m0.007s
sys	0m0.000s
EVENT clean-all-nodes-9

real	0m1.518s
user	0m0.000s
sys	0m0.006s
EVENT create-archive-10

real	0m59.547s
user	0m17.146s
sys	0m11.119s
EVENT distribute-all-nodes-10

real	0m37.601s
user	0m0.003s
sys	0m0.004s
EVENT delete-archive-all-nodes-10

real	0m0.181s
user	0m0.000s
sys	0m0.007s
EVENT clean-all-nodes-10

real	0m1.859s
user	0m0.000s
sys	0m0.007s
SCRIPT entrypoint

#!/bin/bash
# flux-topology.sh

flux exec -r all flux module reload content purge-target-size=104857600 # 100mb
echo "MODULE STATS CONTENT"
flux module stats content | jq

# Print the overlay to show the topology
echo "NODES"
echo "6"
echo "TOPOLOGY diagram"
flux overlay status
echo "TOPOLOGY description"
echo "binomial"

# Go up to 10 sizes for now (matches container size)
for size in $(seq 1 10)
  do
    # Create the archive and time it
    echo "EVENT create-archive-${size}"
    time  flux archive create --name create-archive-${size} --dir /chonks ${size}gb.txt

    # Distribute to all nodes, but to /tmp because file exists in /chonks
    echo "EVENT distribute-all-nodes-${size}"
    time flux exec -r all -x 0  flux archive extract --name create-archive-${size} -C /tmp
    sleep 2

    echo "EVENT delete-archive-all-nodes-${size}"
    time flux exec -r all  flux archive remove --name create-archive-${size} 2>/dev/null
    sleep 2

    # Cleanup all archive on all nodes
    echo "EVENT clean-all-nodes-${size}"
    time flux exec -r all rm -rf /tmp/${size}gb.txt
    sleep 2
done

# Show self!
echo "SCRIPT entrypoint"
cat $0