ðŸŸ§ï¸  wait-fs: 2024/12/29 04:54:35 wait-fs.go:40: /mnt/flux/flux-operator-done.txt
ðŸŸ§ï¸  wait-fs: 2024/12/29 04:54:35 wait-fs.go:49: Found existing path /mnt/flux/flux-operator-done.txt

Hello user root

ðŸŒŸï¸ Curve Certificate
curve.cert
#   ****  Generated on 2023-04-26 22:54:42 by CZMQ  ****
#   ZeroMQ CURVE **Secret** Certificate
#   DO NOT PROVIDE THIS FILE TO OTHER USERS nor change its permissions.
    
metadata
    name = "flux-cert-generator"
    keygen.hostname = "flux-sample-0"
curve
    public-key = "03Fqua9We$dnk(Z[eDC8:{+!#riPF:^)9ArF@v&q"
    secret-key = "Vbq8f[{h2w68M:FixtCB27nD9yNOy]m^d7#&(Nk("

ðŸ“¦ Resources
flux R encode --hosts=flux-sample-[0-3] --local
{"version": 1, "execution": {"R_lite": [{"rank": "0-3", "children": {"core": "0-7"}}], "starttime": 0.0, "expiration": 0.0, "nodelist": ["flux-sample-[0-3]"]}}
ðŸ‘‹ Hello, I'm flux-sample-0
The main host is flux-sample-0
The working directory is /home/fluxuser, contents include:
ðŸš©ï¸ Flux Option Flags defined
Command provided is: /bin/bash /entrypoint.sh

ðŸŒ€ Launcher Mode: flux start -o --config /mnt/flux/view/etc/flux/config -Scron.directory=/etc/flux/system/cron.d   -Stbon.fanout=256   -Srundir=/mnt/flux/view/run/flux    -Sstatedir=/mnt/flux/view/var/lib/flux -Slocal-uri=local:///mnt/flux/view/run/flux/local -Stbon.connect_timeout=5s -Stbon.topo=kary:2    -Slog-stderr-level=6    -Slog-stderr-mode=local  
broker.info[0]: start: none->join 0.47484ms
broker.info[0]: parent-none: join->init 0.012995ms
cron.info[0]: synchronizing cron tasks to event heartbeat.pulse
job-manager.info[0]: restart: 0 jobs
job-manager.info[0]: restart: 0 running jobs
job-manager.info[0]: restart: checkpoint.job-manager not found
broker.info[0]: rc1.0: running /etc/flux/rc1.d/01-sched-fluxion
sched-fluxion-resource.info[0]: version 0.40.0-4-g3fb0b4e7
sched-fluxion-resource.warning[0]: create_reader: allowlist unsupported
sched-fluxion-resource.info[0]: populate_resource_db: loaded resources from core's resource.acquire
sched-fluxion-qmanager.info[0]: version 0.40.0-4-g3fb0b4e7
broker.info[0]: rc1.0: running /etc/flux/rc1.d/02-cron
broker.info[0]: rc1.0: /etc/flux/rc1 Exited (rc=0) 0.3s
broker.info[0]: rc1-success: init->quorum 0.308243s
broker.info[0]: online: flux-sample-0 (ranks 0)
broker.info[0]: online: flux-sample-[0-3] (ranks 0-3)
broker.info[0]: quorum-full: quorum->run 1.45214s
MODULE STATS CONTENT
[1;39m{
  [0m[34;1m"count"[0m[1;39m: [0m[0;39m0[0m[1;39m,
  [0m[34;1m"valid"[0m[1;39m: [0m[0;39m0[0m[1;39m,
  [0m[34;1m"dirty"[0m[1;39m: [0m[0;39m0[0m[1;39m,
  [0m[34;1m"size"[0m[1;39m: [0m[0;39m0[0m[1;39m,
  [0m[34;1m"flush-batch-count"[0m[1;39m: [0m[0;39m0[0m[1;39m,
  [0m[34;1m"mmap"[0m[1;39m: [0m[1;39m{
    [0m[34;1m"tags"[0m[1;39m: [0m[1;39m{}[0m[1;39m,
    [0m[34;1m"blobs"[0m[1;39m: [0m[0;39m0[0m[1;39m
  [1;39m}[0m[1;39m
[1;39m}[0m
NODES
4
TOPOLOGY diagram
0 flux-sample-0: full
â”œâ”€ 1 flux-sample-1: full
â”‚  â””â”€ 3 flux-sample-3: full
â””â”€ 2 flux-sample-2: full
TOPOLOGY description
kary:2
RANKS 4
EVENT flux-ping-broker-size-0-rank-0
flux-ping 0!broker
0!broker.ping pad=0 seq=0 time=0.101 ms (5e3ce922!9d0f4899!7e41ef47)
EVENT flux-ping-kvs-size-0-rank-0
flux-ping 0!kvs
0!kvs.ping pad=0 seq=0 time=0.163 ms (fa70d1b3!9d0f4899!7e41ef47!7e41ef47)
EVENT flux-ping-broker-size-0-rank-1
flux-ping 1!broker
1!broker.ping pad=0 seq=0 time=0.445 ms (54782e86!9d0f4899!7e41ef47!b2208442)
EVENT flux-ping-kvs-size-0-rank-1
flux-ping 1!kvs
1!kvs.ping pad=0 seq=0 time=0.593 ms (3e0e43e5!9d0f4899!7e41ef47!b2208442!b2208442)
EVENT flux-ping-broker-size-0-rank-2
flux-ping 2!broker
2!broker.ping pad=0 seq=0 time=0.834 ms (0937cf4d!9d0f4899!7e41ef47!f3658be1)
EVENT flux-ping-kvs-size-0-rank-2
flux-ping 2!kvs
2!kvs.ping pad=0 seq=0 time=0.429 ms (bab4d0b8!9d0f4899!7e41ef47!f3658be1!f3658be1)
EVENT flux-ping-broker-size-0-rank-3
flux-ping 3!broker
3!broker.ping pad=0 seq=0 time=0.775 ms (4f832bc6!9d0f4899!7e41ef47!b2208442!bae3ae6a)
EVENT flux-ping-kvs-size-0-rank-3
flux-ping 3!kvs
3!kvs.ping pad=0 seq=0 time=0.604 ms (5a2d9bc6!9d0f4899!7e41ef47!b2208442!bae3ae6a!bae3ae6a)
EVENT flux-ping-broker-size-200-rank-0
flux-ping 0!broker
0!broker.ping pad=209715200 seq=0 time=6289.249 ms (ccf6e332!9d0f4899!7e41ef47)
EVENT flux-ping-kvs-size-200-rank-0
flux-ping 0!kvs
0!kvs.ping pad=209715200 seq=0 time=6202.051 ms (4c45b5bc!9d0f4899!7e41ef47!7e41ef47)
EVENT flux-ping-broker-size-200-rank-1
flux-ping 1!broker
1!broker.ping pad=209715200 seq=0 time=7733.478 ms (9fd2e562!9d0f4899!7e41ef47!b2208442)
EVENT flux-ping-kvs-size-200-rank-1
flux-ping 1!kvs
1!kvs.ping pad=209715200 seq=0 time=7642.311 ms (1d28e86d!9d0f4899!7e41ef47!b2208442!b2208442)
EVENT flux-ping-broker-size-200-rank-2
flux-ping 2!broker
2!broker.ping pad=209715200 seq=0 time=7528.990 ms (067236bf!9d0f4899!7e41ef47!f3658be1)
EVENT flux-ping-kvs-size-200-rank-2
flux-ping 2!kvs
2!kvs.ping pad=209715200 seq=0 time=7705.662 ms (bec1ab08!9d0f4899!7e41ef47!f3658be1!f3658be1)
EVENT flux-ping-broker-size-200-rank-3
flux-ping 3!broker
3!broker.ping pad=209715200 seq=0 time=9183.067 ms (dff79726!9d0f4899!7e41ef47!b2208442!bae3ae6a)
EVENT flux-ping-kvs-size-200-rank-3
flux-ping 3!kvs
3!kvs.ping pad=209715200 seq=0 time=9317.583 ms (3b7e667a!9d0f4899!7e41ef47!b2208442!bae3ae6a!bae3ae6a)
EVENT flux-ping-broker-size-400-rank-0
flux-ping 0!broker
0!broker.ping pad=419430400 seq=0 time=11932.030 ms (0a3a8f35!9d0f4899!7e41ef47)
EVENT flux-ping-kvs-size-400-rank-0
flux-ping 0!kvs
0!kvs.ping pad=419430400 seq=0 time=12121.451 ms (e86f04e8!9d0f4899!7e41ef47!7e41ef47)
EVENT flux-ping-broker-size-400-rank-1
flux-ping 1!broker
1!broker.ping pad=419430400 seq=0 time=15381.477 ms (59b670c3!9d0f4899!7e41ef47!b2208442)
EVENT flux-ping-kvs-size-400-rank-1
flux-ping 1!kvs
1!kvs.ping pad=419430400 seq=0 time=15480.242 ms (89935548!9d0f4899!7e41ef47!b2208442!b2208442)
EVENT flux-ping-broker-size-400-rank-2
flux-ping 2!broker
2!broker.ping pad=419430400 seq=0 time=15356.069 ms (eddff34f!9d0f4899!7e41ef47!f3658be1)
EVENT flux-ping-kvs-size-400-rank-2
flux-ping 2!kvs
2!kvs.ping pad=419430400 seq=0 time=15381.757 ms (87f53394!9d0f4899!7e41ef47!f3658be1!f3658be1)
EVENT flux-ping-broker-size-400-rank-3
flux-ping 3!broker
3!broker.ping pad=419430400 seq=0 time=18715.668 ms (b0fcca97!9d0f4899!7e41ef47!b2208442!bae3ae6a)
EVENT flux-ping-kvs-size-400-rank-3
flux-ping 3!kvs
3!kvs.ping pad=419430400 seq=0 time=18593.109 ms (79d20211!9d0f4899!7e41ef47!b2208442!bae3ae6a!bae3ae6a)
EVENT flux-ping-broker-size-600-rank-0
flux-ping 0!broker
0!broker.ping pad=629145600 seq=0 time=18464.501 ms (250ead15!9d0f4899!7e41ef47)
EVENT flux-ping-kvs-size-600-rank-0
flux-ping 0!kvs
0!kvs.ping pad=629145600 seq=0 time=18622.298 ms (660cdfc1!9d0f4899!7e41ef47!7e41ef47)
EVENT flux-ping-broker-size-600-rank-1
flux-ping 1!broker
1!broker.ping pad=629145600 seq=0 time=23558.233 ms (33cd22fd!9d0f4899!7e41ef47!b2208442)
EVENT flux-ping-kvs-size-600-rank-1
flux-ping 1!kvs
1!kvs.ping pad=629145600 seq=0 time=23926.279 ms (207e24ef!9d0f4899!7e41ef47!b2208442!b2208442)
EVENT flux-ping-broker-size-600-rank-2
flux-ping 2!broker
2!broker.ping pad=629145600 seq=0 time=23184.599 ms (6412037e!9d0f4899!7e41ef47!f3658be1)
EVENT flux-ping-kvs-size-600-rank-2
flux-ping 2!kvs
2!kvs.ping pad=629145600 seq=0 time=23460.837 ms (d80b11a5!9d0f4899!7e41ef47!f3658be1!f3658be1)
EVENT flux-ping-broker-size-600-rank-3
flux-ping 3!broker
3!broker.ping pad=629145600 seq=0 time=28190.732 ms (ceaf1b6c!9d0f4899!7e41ef47!b2208442!bae3ae6a)
EVENT flux-ping-kvs-size-600-rank-3
flux-ping 3!kvs
3!kvs.ping pad=629145600 seq=0 time=28464.403 ms (8658e523!9d0f4899!7e41ef47!b2208442!bae3ae6a!bae3ae6a)
EVENT flux-ping-broker-size-800-rank-0
flux-ping 0!broker
0!broker.ping pad=838860800 seq=0 time=24402.983 ms (0e82d0b1!9d0f4899!7e41ef47)
EVENT flux-ping-kvs-size-800-rank-0
flux-ping 0!kvs
0!kvs.ping pad=838860800 seq=0 time=24213.326 ms (8c510e51!9d0f4899!7e41ef47!7e41ef47)
EVENT flux-ping-broker-size-800-rank-1
flux-ping 1!broker
1!broker.ping pad=838860800 seq=0 time=31447.894 ms (db51508b!9d0f4899!7e41ef47!b2208442)
EVENT flux-ping-kvs-size-800-rank-1
flux-ping 1!kvs
1!kvs.ping pad=838860800 seq=0 time=30799.374 ms (3cbb830b!9d0f4899!7e41ef47!b2208442!b2208442)
EVENT flux-ping-broker-size-800-rank-2
flux-ping 2!broker
2!broker.ping pad=838860800 seq=0 time=30718.455 ms (6e172389!9d0f4899!7e41ef47!f3658be1)
EVENT flux-ping-kvs-size-800-rank-2
flux-ping 2!kvs
2!kvs.ping pad=838860800 seq=0 time=30584.975 ms (f33200ac!9d0f4899!7e41ef47!f3658be1!f3658be1)
EVENT flux-ping-broker-size-800-rank-3
flux-ping 3!broker
3!broker.ping pad=838860800 seq=0 time=36891.578 ms (11d71875!9d0f4899!7e41ef47!b2208442!bae3ae6a)
EVENT flux-ping-kvs-size-800-rank-3
flux-ping 3!kvs
3!kvs.ping pad=838860800 seq=0 time=37193.893 ms (b49cd751!9d0f4899!7e41ef47!b2208442!bae3ae6a!bae3ae6a)
EVENT flux-ping-broker-size-1000-rank-0
flux-ping 0!broker
0!broker.ping pad=1048576000 seq=0 time=30464.130 ms (e07a549a!9d0f4899!7e41ef47)
EVENT flux-ping-kvs-size-1000-rank-0
flux-ping 0!kvs
0!kvs.ping pad=1048576000 seq=0 time=30374.989 ms (9cfb697b!9d0f4899!7e41ef47!7e41ef47)
EVENT flux-ping-broker-size-1000-rank-1
flux-ping 1!broker
1!broker.ping pad=1048576000 seq=0 time=37985.485 ms (ed20d453!9d0f4899!7e41ef47!b2208442)
EVENT flux-ping-kvs-size-1000-rank-1
flux-ping 1!kvs
1!kvs.ping pad=1048576000 seq=0 time=37815.533 ms (0fea28f4!9d0f4899!7e41ef47!b2208442!b2208442)
EVENT flux-ping-broker-size-1000-rank-2
flux-ping 2!broker
2!broker.ping pad=1048576000 seq=0 time=38120.368 ms (d2a761c5!9d0f4899!7e41ef47!f3658be1)
EVENT flux-ping-kvs-size-1000-rank-2
flux-ping 2!kvs
2!kvs.ping pad=1048576000 seq=0 time=37801.342 ms (677ccaee!9d0f4899!7e41ef47!f3658be1!f3658be1)
EVENT flux-ping-broker-size-1000-rank-3
flux-ping 3!broker
3!broker.ping pad=1048576000 seq=0 time=45991.938 ms (ccb4ea89!9d0f4899!7e41ef47!b2208442!bae3ae6a)
EVENT flux-ping-kvs-size-1000-rank-3
flux-ping 3!kvs
3!kvs.ping pad=1048576000 seq=0 time=45884.462 ms (785cdbda!9d0f4899!7e41ef47!b2208442!bae3ae6a!bae3ae6a)
SCRIPT entrypoint

#!/bin/bash
# flux-topology.sh

flux exec -r all flux module reload content purge-target-size=104857600 # 100mb
echo "MODULE STATS CONTENT"
flux module stats content | jq

# Print the overlay to show the topology
echo "NODES"
echo "4"
echo "TOPOLOGY diagram"
flux overlay status
echo "TOPOLOGY description"
echo "kary:2"

# Get the total size (number of children)
ranks=$(flux getattr size)
echo "RANKS ${ranks}"

# But we are testing this many...
nodes=4

# We start counting at 0
max_rank="$((nodes-1))"

# --pad
# Include in the payload a string of length *N* bytes. *N* may be a floating point number with optional multiplicative suffix (K,M,G). The payload will be echoed back in the response. This option can be used to explore the effect of message size on latency. Default: no padding.

# Limit is 2G
# flux-ping: flux-ping: pad: value 8192M too large (must be < 2G)

# target may be the name of a Flux service, e.g. "kvs". :program:`flux ping` will send a request to "kvs.ping". As a shorthand, target can include a rank or host prefix delimited by an exclamation point. :program:`flux ping 4!kvs` is equivalent to :option:`flux ping --rank 4 kvs` (see :option:`--rank` option below). Don't forget to quote the exclamation point if it is interpreted by your shell.

# As a shorthand, target may also simply be a rank or host by itself indicating that the broker on that rank/host, rather than a Flux service, is to be pinged. :command:`flux ping 1` is equivalent to :option:`flux ping --rank 1 broker`.
# Sizes 0, 200, 400, 600, 800, 1000 M

# Run flux ping for each of the kvs and broker, across all ranks (testing the topology) and message sizes up to
# Go up to 1000MB (1GB) 
for size in $(echo 0 200 400 600 800 1000)
  do
  for rank in $(seq 0 ${max_rank})
    do
    echo "EVENT flux-ping-broker-size-${size}-rank-${rank}"
    flux ping -c1 --pad=${size}M --rank ${rank} broker
    echo "EVENT flux-ping-kvs-size-${size}-rank-${rank}"
    flux ping -c1 --pad=${size}M --rank ${rank} kvs
  done
done

# Show self!
echo "SCRIPT entrypoint"
cat $0broker.info[0]: rc2.0: /bin/bash /entrypoint.sh Exited (rc=0) 940.3s
broker.info[0]: rc2-success: run->cleanup 15.6718m
broker.info[0]: cleanup.0: flux queue stop --quiet --all --nocheckpoint Exited (rc=0) 0.1s
broker.info[0]: cleanup.1: flux resource acquire-mute Exited (rc=0) 0.1s
broker.info[0]: cleanup.2: flux cancel --user=all --quiet --states RUN Exited (rc=0) 0.1s
broker.info[0]: cleanup.3: flux queue idle --quiet Exited (rc=0) 0.1s
broker.info[0]: cleanup-success: cleanup->shutdown 0.278281s
broker.info[0]: children-complete: shutdown->finalize 0.110517s
broker.info[0]: rc3.0: running /etc/flux/rc3.d/01-sched-fluxion
kvs.err[0]: content_load_completion: content_load_get: No such file or directory
broker.err[0]: rc3.0: flux: Error committing finish event: No such file or directory
broker.err[0]: rc3.0: flux-content: content.flush: Function not implemented
content-sqlite.err[0]: unregister-backing: content backing store is not active: Invalid argument
broker.err[0]: rc3.0: /etc/flux/rc3 Exited (rc=1) 0.1s
broker.info[0]: rc3-fail: finalize->goodbye 0.107129s
broker.info[0]: goodbye: goodbye->exit 0.04686ms
