ðŸŸ§ï¸  wait-fs: 2024/12/28 22:01:06 wait-fs.go:40: /mnt/flux/flux-operator-done.txt
ðŸŸ§ï¸  wait-fs: 2024/12/28 22:01:06 wait-fs.go:49: Found existing path /mnt/flux/flux-operator-done.txt

Hello user root

ðŸŒŸï¸ Curve Certificate
curve.cert
#   ****  Generated on 2023-04-26 22:54:42 by CZMQ  ****
#   ZeroMQ CURVE **Secret** Certificate
#   DO NOT PROVIDE THIS FILE TO OTHER USERS nor change its permissions.
    
metadata
    name = "flux-cert-generator"
    keygen.hostname = "flux-sample-0"
curve
    public-key = "wYt$NSL5d>}%?3sd11VFa[BI:ZbY^J4GF#?C9E4#"
    secret-key = "I-s2v5C21VVamRu0wgaPr#m/Hb6<$7aFhXN)aEB/"

ðŸ“¦ Resources
flux R encode --hosts=flux-sample-[0-4] --local
{"version": 1, "execution": {"R_lite": [{"rank": "0-4", "children": {"core": "0-7"}}], "starttime": 0.0, "expiration": 0.0, "nodelist": ["flux-sample-[0-4]"]}}
ðŸ‘‹ Hello, I'm flux-sample-0
The main host is flux-sample-0
The working directory is /home/fluxuser, contents include:
ðŸš©ï¸ Flux Option Flags defined
Command provided is: /bin/bash /entrypoint.sh

ðŸŒ€ Launcher Mode: flux start -o --config /mnt/flux/view/etc/flux/config -Scron.directory=/etc/flux/system/cron.d   -Stbon.fanout=256   -Srundir=/mnt/flux/view/run/flux    -Sstatedir=/mnt/flux/view/var/lib/flux -Slocal-uri=local:///mnt/flux/view/run/flux/local -Stbon.connect_timeout=5s -Stbon.topo=kary:2    -Slog-stderr-level=6    -Slog-stderr-mode=local  
broker.info[0]: start: none->join 0.619477ms
broker.info[0]: parent-none: join->init 0.013216ms
cron.info[0]: synchronizing cron tasks to event heartbeat.pulse
job-manager.info[0]: restart: 0 jobs
job-manager.info[0]: restart: 0 running jobs
job-manager.info[0]: restart: checkpoint.job-manager not found
broker.info[0]: rc1.0: running /etc/flux/rc1.d/01-sched-fluxion
sched-fluxion-resource.info[0]: version 0.40.0-4-g3fb0b4e7
sched-fluxion-resource.warning[0]: create_reader: allowlist unsupported
sched-fluxion-resource.info[0]: populate_resource_db: loaded resources from core's resource.acquire
sched-fluxion-qmanager.info[0]: version 0.40.0-4-g3fb0b4e7
broker.info[0]: rc1.0: running /etc/flux/rc1.d/02-cron
broker.info[0]: rc1.0: /etc/flux/rc1 Exited (rc=0) 0.5s
broker.info[0]: rc1-success: init->quorum 0.465668s
broker.info[0]: online: flux-sample-0 (ranks 0)
broker.info[0]: online: flux-sample-[0-4] (ranks 0-4)
broker.info[0]: quorum-full: quorum->run 0.821644s
MODULE STATS CONTENT
[1;39m{
  [0m[34;1m"count"[0m[1;39m: [0m[0;39m0[0m[1;39m,
  [0m[34;1m"valid"[0m[1;39m: [0m[0;39m0[0m[1;39m,
  [0m[34;1m"dirty"[0m[1;39m: [0m[0;39m0[0m[1;39m,
  [0m[34;1m"size"[0m[1;39m: [0m[0;39m0[0m[1;39m,
  [0m[34;1m"flush-batch-count"[0m[1;39m: [0m[0;39m0[0m[1;39m,
  [0m[34;1m"mmap"[0m[1;39m: [0m[1;39m{
    [0m[34;1m"tags"[0m[1;39m: [0m[1;39m{}[0m[1;39m,
    [0m[34;1m"blobs"[0m[1;39m: [0m[0;39m0[0m[1;39m
  [1;39m}[0m[1;39m
[1;39m}[0m
NODES
5
TOPOLOGY diagram
0 flux-sample-0: full
â”œâ”€ 1 flux-sample-1: full
â”‚  â”œâ”€ 3 flux-sample-3: full
â”‚  â””â”€ 4 flux-sample-4: full
â””â”€ 2 flux-sample-2: full
TOPOLOGY description
kary:2
RANKS 5
EVENT flux-ping-broker-size-0-rank-0
flux-ping 0!broker
0!broker.ping pad=0 seq=0 time=0.104 ms (2c9a79b5!b32df81b!689cd9b0)
EVENT flux-ping-kvs-size-0-rank-0
flux-ping 0!kvs
0!kvs.ping pad=0 seq=0 time=0.185 ms (29cffed6!b32df81b!689cd9b0!689cd9b0)
EVENT flux-ping-broker-size-0-rank-1
flux-ping 1!broker
1!broker.ping pad=0 seq=0 time=0.551 ms (8a3d8312!b32df81b!689cd9b0!a09cb4cb)
EVENT flux-ping-kvs-size-0-rank-1
flux-ping 1!kvs
1!kvs.ping pad=0 seq=0 time=0.468 ms (cb1b14ab!b32df81b!689cd9b0!a09cb4cb!a09cb4cb)
EVENT flux-ping-broker-size-0-rank-2
flux-ping 2!broker
2!broker.ping pad=0 seq=0 time=0.471 ms (f7021f23!b32df81b!689cd9b0!2b4ad80c)
EVENT flux-ping-kvs-size-0-rank-2
flux-ping 2!kvs
2!kvs.ping pad=0 seq=0 time=0.481 ms (642e658a!b32df81b!689cd9b0!2b4ad80c!2b4ad80c)
EVENT flux-ping-broker-size-0-rank-3
flux-ping 3!broker
3!broker.ping pad=0 seq=0 time=0.775 ms (3af8cdf3!b32df81b!689cd9b0!a09cb4cb!08f1a89e)
EVENT flux-ping-kvs-size-0-rank-3
flux-ping 3!kvs
3!kvs.ping pad=0 seq=0 time=0.642 ms (4fa1fca4!b32df81b!689cd9b0!a09cb4cb!08f1a89e!08f1a89e)
EVENT flux-ping-broker-size-0-rank-4
flux-ping 4!broker
4!broker.ping pad=0 seq=0 time=0.666 ms (e213a556!b32df81b!689cd9b0!a09cb4cb!57fae72b)
EVENT flux-ping-kvs-size-0-rank-4
flux-ping 4!kvs
4!kvs.ping pad=0 seq=0 time=0.628 ms (3c1e35ad!b32df81b!689cd9b0!a09cb4cb!57fae72b!57fae72b)
EVENT flux-ping-broker-size-200-rank-0
flux-ping 0!broker
0!broker.ping pad=209715200 seq=0 time=6142.994 ms (bd8fe596!b32df81b!689cd9b0)
EVENT flux-ping-kvs-size-200-rank-0
flux-ping 0!kvs
0!kvs.ping pad=209715200 seq=0 time=6078.706 ms (7e9fa715!b32df81b!689cd9b0!689cd9b0)
EVENT flux-ping-broker-size-200-rank-1
flux-ping 1!broker
1!broker.ping pad=209715200 seq=0 time=7552.637 ms (e5a04e75!b32df81b!689cd9b0!a09cb4cb)
EVENT flux-ping-kvs-size-200-rank-1
flux-ping 1!kvs
1!kvs.ping pad=209715200 seq=0 time=7499.485 ms (c01719f2!b32df81b!689cd9b0!a09cb4cb!a09cb4cb)
EVENT flux-ping-broker-size-200-rank-2
flux-ping 2!broker
2!broker.ping pad=209715200 seq=0 time=7637.403 ms (d722428c!b32df81b!689cd9b0!2b4ad80c)
EVENT flux-ping-kvs-size-200-rank-2
flux-ping 2!kvs
2!kvs.ping pad=209715200 seq=0 time=7660.388 ms (9d5fd6d6!b32df81b!689cd9b0!2b4ad80c!2b4ad80c)
EVENT flux-ping-broker-size-200-rank-3
flux-ping 3!broker
3!broker.ping pad=209715200 seq=0 time=9324.359 ms (9e7654d9!b32df81b!689cd9b0!a09cb4cb!08f1a89e)
EVENT flux-ping-kvs-size-200-rank-3
flux-ping 3!kvs
3!kvs.ping pad=209715200 seq=0 time=9103.187 ms (f2883687!b32df81b!689cd9b0!a09cb4cb!08f1a89e!08f1a89e)
EVENT flux-ping-broker-size-200-rank-4
flux-ping 4!broker
4!broker.ping pad=209715200 seq=0 time=9457.774 ms (64ddd64f!b32df81b!689cd9b0!a09cb4cb!57fae72b)
EVENT flux-ping-kvs-size-200-rank-4
flux-ping 4!kvs
4!kvs.ping pad=209715200 seq=0 time=9283.501 ms (a7593297!b32df81b!689cd9b0!a09cb4cb!57fae72b!57fae72b)
EVENT flux-ping-broker-size-400-rank-0
flux-ping 0!broker
0!broker.ping pad=419430400 seq=0 time=12189.609 ms (a77d981d!b32df81b!689cd9b0)
EVENT flux-ping-kvs-size-400-rank-0
flux-ping 0!kvs
0!kvs.ping pad=419430400 seq=0 time=12057.901 ms (6ef348a6!b32df81b!689cd9b0!689cd9b0)
EVENT flux-ping-broker-size-400-rank-1
flux-ping 1!broker
1!broker.ping pad=419430400 seq=0 time=15128.161 ms (9f3a8c4b!b32df81b!689cd9b0!a09cb4cb)
EVENT flux-ping-kvs-size-400-rank-1
flux-ping 1!kvs
1!kvs.ping pad=419430400 seq=0 time=15276.953 ms (00f1695a!b32df81b!689cd9b0!a09cb4cb!a09cb4cb)
EVENT flux-ping-broker-size-400-rank-2
flux-ping 2!broker
2!broker.ping pad=419430400 seq=0 time=15323.236 ms (26aaac21!b32df81b!689cd9b0!2b4ad80c)
EVENT flux-ping-kvs-size-400-rank-2
flux-ping 2!kvs
2!kvs.ping pad=419430400 seq=0 time=15347.898 ms (8ac2f3db!b32df81b!689cd9b0!2b4ad80c!2b4ad80c)
EVENT flux-ping-broker-size-400-rank-3
flux-ping 3!broker
3!broker.ping pad=419430400 seq=0 time=18605.068 ms (29784bc1!b32df81b!689cd9b0!a09cb4cb!08f1a89e)
EVENT flux-ping-kvs-size-400-rank-3
flux-ping 3!kvs
3!kvs.ping pad=419430400 seq=0 time=18498.056 ms (de022eec!b32df81b!689cd9b0!a09cb4cb!08f1a89e!08f1a89e)
EVENT flux-ping-broker-size-400-rank-4
flux-ping 4!broker
4!broker.ping pad=419430400 seq=0 time=18750.656 ms (39c2ceef!b32df81b!689cd9b0!a09cb4cb!57fae72b)
EVENT flux-ping-kvs-size-400-rank-4
flux-ping 4!kvs
4!kvs.ping pad=419430400 seq=0 time=18621.732 ms (c124bcd7!b32df81b!689cd9b0!a09cb4cb!57fae72b!57fae72b)
EVENT flux-ping-broker-size-600-rank-0
flux-ping 0!broker
0!broker.ping pad=629145600 seq=0 time=18573.227 ms (a788a3c1!b32df81b!689cd9b0)
EVENT flux-ping-kvs-size-600-rank-0
flux-ping 0!kvs
0!kvs.ping pad=629145600 seq=0 time=18502.462 ms (895717ab!b32df81b!689cd9b0!689cd9b0)
EVENT flux-ping-broker-size-600-rank-1
flux-ping 1!broker
1!broker.ping pad=629145600 seq=0 time=23533.152 ms (a8d680b5!b32df81b!689cd9b0!a09cb4cb)
EVENT flux-ping-kvs-size-600-rank-1
flux-ping 1!kvs
1!kvs.ping pad=629145600 seq=0 time=23345.261 ms (e61372ea!b32df81b!689cd9b0!a09cb4cb!a09cb4cb)
EVENT flux-ping-broker-size-600-rank-2
flux-ping 2!broker
2!broker.ping pad=629145600 seq=0 time=23478.489 ms (277d5091!b32df81b!689cd9b0!2b4ad80c)
EVENT flux-ping-kvs-size-600-rank-2
flux-ping 2!kvs
2!kvs.ping pad=629145600 seq=0 time=23186.576 ms (a5514684!b32df81b!689cd9b0!2b4ad80c!2b4ad80c)
EVENT flux-ping-broker-size-600-rank-3
flux-ping 3!broker
3!broker.ping pad=629145600 seq=0 time=28278.865 ms (42e3b62d!b32df81b!689cd9b0!a09cb4cb!08f1a89e)
EVENT flux-ping-kvs-size-600-rank-3
flux-ping 3!kvs
3!kvs.ping pad=629145600 seq=0 time=28395.377 ms (fafa800a!b32df81b!689cd9b0!a09cb4cb!08f1a89e!08f1a89e)
EVENT flux-ping-broker-size-600-rank-4
flux-ping 4!broker
4!broker.ping pad=629145600 seq=0 time=28032.960 ms (552d660d!b32df81b!689cd9b0!a09cb4cb!57fae72b)
EVENT flux-ping-kvs-size-600-rank-4
flux-ping 4!kvs
4!kvs.ping pad=629145600 seq=0 time=27953.905 ms (75126be2!b32df81b!689cd9b0!a09cb4cb!57fae72b!57fae72b)
EVENT flux-ping-broker-size-800-rank-0
flux-ping 0!broker
0!broker.ping pad=838860800 seq=0 time=24503.747 ms (16e285f9!b32df81b!689cd9b0)
EVENT flux-ping-kvs-size-800-rank-0
flux-ping 0!kvs
0!kvs.ping pad=838860800 seq=0 time=24559.512 ms (d4127550!b32df81b!689cd9b0!689cd9b0)
EVENT flux-ping-broker-size-800-rank-1
flux-ping 1!broker
1!broker.ping pad=838860800 seq=0 time=30625.767 ms (0c42eafc!b32df81b!689cd9b0!a09cb4cb)
EVENT flux-ping-kvs-size-800-rank-1
flux-ping 1!kvs
1!kvs.ping pad=838860800 seq=0 time=30854.401 ms (0767fc2a!b32df81b!689cd9b0!a09cb4cb!a09cb4cb)
EVENT flux-ping-broker-size-800-rank-2
flux-ping 2!broker
2!broker.ping pad=838860800 seq=0 time=30756.737 ms (7692a20f!b32df81b!689cd9b0!2b4ad80c)
EVENT flux-ping-kvs-size-800-rank-2
flux-ping 2!kvs
2!kvs.ping pad=838860800 seq=0 time=30700.736 ms (19f2bdf6!b32df81b!689cd9b0!2b4ad80c!2b4ad80c)
EVENT flux-ping-broker-size-800-rank-3
flux-ping 3!broker
3!broker.ping pad=838860800 seq=0 time=37009.526 ms (3e056cdc!b32df81b!689cd9b0!a09cb4cb!08f1a89e)
EVENT flux-ping-kvs-size-800-rank-3
flux-ping 3!kvs
3!kvs.ping pad=838860800 seq=0 time=36999.355 ms (124b174c!b32df81b!689cd9b0!a09cb4cb!08f1a89e!08f1a89e)
EVENT flux-ping-broker-size-800-rank-4
flux-ping 4!broker
4!broker.ping pad=838860800 seq=0 time=37323.586 ms (c5913258!b32df81b!689cd9b0!a09cb4cb!57fae72b)
EVENT flux-ping-kvs-size-800-rank-4
flux-ping 4!kvs
4!kvs.ping pad=838860800 seq=0 time=37068.353 ms (232536eb!b32df81b!689cd9b0!a09cb4cb!57fae72b!57fae72b)
EVENT flux-ping-broker-size-1000-rank-0
flux-ping 0!broker
0!broker.ping pad=1048576000 seq=0 time=30172.211 ms (b7f9cac8!b32df81b!689cd9b0)
EVENT flux-ping-kvs-size-1000-rank-0
flux-ping 0!kvs
0!kvs.ping pad=1048576000 seq=0 time=30303.486 ms (9b406f6d!b32df81b!689cd9b0!689cd9b0)
EVENT flux-ping-broker-size-1000-rank-1
flux-ping 1!broker
1!broker.ping pad=1048576000 seq=0 time=37708.003 ms (cc8190fd!b32df81b!689cd9b0!a09cb4cb)
EVENT flux-ping-kvs-size-1000-rank-1
flux-ping 1!kvs
1!kvs.ping pad=1048576000 seq=0 time=37871.916 ms (9b01137c!b32df81b!689cd9b0!a09cb4cb!a09cb4cb)
EVENT flux-ping-broker-size-1000-rank-2
flux-ping 2!broker
2!broker.ping pad=1048576000 seq=0 time=38044.046 ms (0e21229c!b32df81b!689cd9b0!2b4ad80c)
EVENT flux-ping-kvs-size-1000-rank-2
flux-ping 2!kvs
2!kvs.ping pad=1048576000 seq=0 time=38344.548 ms (f9a937d8!b32df81b!689cd9b0!2b4ad80c!2b4ad80c)
EVENT flux-ping-broker-size-1000-rank-3
flux-ping 3!broker
3!broker.ping pad=1048576000 seq=0 time=45958.093 ms (6b5f60d4!b32df81b!689cd9b0!a09cb4cb!08f1a89e)
EVENT flux-ping-kvs-size-1000-rank-3
flux-ping 3!kvs
3!kvs.ping pad=1048576000 seq=0 time=45323.216 ms (48f965d9!b32df81b!689cd9b0!a09cb4cb!08f1a89e!08f1a89e)
EVENT flux-ping-broker-size-1000-rank-4
flux-ping 4!broker
4!broker.ping pad=1048576000 seq=0 time=45695.122 ms (1b3e7121!b32df81b!689cd9b0!a09cb4cb!57fae72b)
EVENT flux-ping-kvs-size-1000-rank-4
flux-ping 4!kvs
4!kvs.ping pad=1048576000 seq=0 time=45992.092 ms (cc7912e6!b32df81b!689cd9b0!a09cb4cb!57fae72b!57fae72b)
SCRIPT entrypoint

#!/bin/bash
# flux-topology.sh

flux exec -r all flux module reload content purge-target-size=104857600 # 100mb
echo "MODULE STATS CONTENT"
flux module stats content | jq

# Print the overlay to show the topology
echo "NODES"
echo "5"
echo "TOPOLOGY diagram"
flux overlay status
echo "TOPOLOGY description"
echo "kary:2"

# Get the total size (number of children)
ranks=$(flux getattr size)
echo "RANKS ${ranks}"

# But we are testing this many...
nodes=5

# We start counting at 0
max_rank="$((nodes-1))"

# --pad
# Include in the payload a string of length *N* bytes. *N* may be a floating point number with optional multiplicative suffix (K,M,G). The payload will be echoed back in the response. This option can be used to explore the effect of message size on latency. Default: no padding.

# Limit is 2G
# flux-ping: flux-ping: pad: value 8192M too large (must be < 2G)

# target may be the name of a Flux service, e.g. "kvs". :program:`flux ping` will send a request to "kvs.ping". As a shorthand, target can include a rank or host prefix delimited by an exclamation point. :program:`flux ping 4!kvs` is equivalent to :option:`flux ping --rank 4 kvs` (see :option:`--rank` option below). Don't forget to quote the exclamation point if it is interpreted by your shell.

# As a shorthand, target may also simply be a rank or host by itself indicating that the broker on that rank/host, rather than a Flux service, is to be pinged. :command:`flux ping 1` is equivalent to :option:`flux ping --rank 1 broker`.
# Sizes 0, 200, 400, 600, 800, 1000 M

# Run flux ping for each of the kvs and broker, across all ranks (testing the topology) and message sizes up to
# Go up to 1000MB (1GB) 
for size in $(echo 0 200 400 600 800 1000)
  do
  for rank in $(seq 0 ${max_rank})
    do
    echo "EVENT flux-ping-broker-size-${size}-rank-${rank}"
    flux ping -c1 --pad=${size}M --rank ${rank} broker
    echo "EVENT flux-ping-kvs-size-${size}-rank-${rank}"
    flux ping -c1 --pad=${size}M --rank ${rank} kvs
  done
done

# Show self!
echo "SCRIPT entrypoint"
cat $0broker.info[0]: rc2.0: /bin/bash /entrypoint.sh Exited (rc=0) 1219.9s
broker.info[0]: rc2-success: run->cleanup 20.3313m
broker.info[0]: cleanup.0: flux queue stop --quiet --all --nocheckpoint Exited (rc=0) 0.1s
broker.info[0]: cleanup.1: flux resource acquire-mute Exited (rc=0) 0.1s
broker.info[0]: cleanup.2: flux cancel --user=all --quiet --states RUN Exited (rc=0) 0.1s
broker.info[0]: cleanup.3: flux queue idle --quiet Exited (rc=0) 0.1s
broker.info[0]: cleanup-success: cleanup->shutdown 0.28646s
broker.info[0]: children-complete: shutdown->finalize 0.118903s
broker.info[0]: rc3.0: running /etc/flux/rc3.d/01-sched-fluxion
kvs.err[0]: content_load_completion: content_load_get: No such file or directory
broker.err[0]: rc3.0: flux: Error committing finish event: No such file or directory
broker.err[0]: rc3.0: flux-content: content.flush: Function not implemented
content-sqlite.err[0]: unregister-backing: content backing store is not active: Invalid argument
broker.err[0]: rc3.0: /etc/flux/rc3 Exited (rc=1) 0.1s
broker.info[0]: rc3-fail: finalize->goodbye 0.110225s
broker.info[0]: goodbye: goodbye->exit 0.047191ms
