MODULE STATS CONTENT
[1;39m{
  [0m[1;34m"count"[0m[1;39m: [0m[0;39m0[0m[1;39m,
  [0m[1;34m"valid"[0m[1;39m: [0m[0;39m0[0m[1;39m,
  [0m[1;34m"dirty"[0m[1;39m: [0m[0;39m0[0m[1;39m,
  [0m[1;34m"size"[0m[1;39m: [0m[0;39m0[0m[1;39m,
  [0m[1;34m"flush-batch-count"[0m[1;39m: [0m[0;39m0[0m[1;39m,
  [0m[1;34m"mmap"[0m[1;39m: [0m[1;39m{
    [0m[1;34m"tags"[0m[1;39m: [0m[1;39m{}[0m[1;39m,
    [0m[1;34m"blobs"[0m[1;39m: [0m[0;39m0[0m[1;39m
  [1;39m}[0m[1;39m
[1;39m}[0m
NODES
30
TOPOLOGY diagram
0 flux-sample-0: full
├─ 1 flux-sample-1: full
│  ├─ 14 flux-sample-14: full
│  ├─ 15 flux-sample-15: full
│  ├─ 16 flux-sample-16: full
│  ├─ 17 flux-sample-17: full
│  ├─ 18 flux-sample-18: full
│  ├─ 19 flux-sample-19: full
│  ├─ 20 flux-sample-20: full
│  ├─ 21 flux-sample-21: full
│  ├─ 22 flux-sample-22: full
│  ├─ 23 flux-sample-23: full
│  ├─ 24 flux-sample-24: full
│  ├─ 25 flux-sample-25: full
│  └─ 26 flux-sample-26: full
├─ 2 flux-sample-2: full
│  ├─ 27 flux-sample-27: full
│  ├─ 28 flux-sample-28: full
│  └─ 29 flux-sample-29: full
├─ 3 flux-sample-3: full
├─ 4 flux-sample-4: full
├─ 5 flux-sample-5: full
├─ 6 flux-sample-6: full
├─ 7 flux-sample-7: full
├─ 8 flux-sample-8: full
├─ 9 flux-sample-9: full
├─ 10 flux-sample-10: full
├─ 11 flux-sample-11: full
├─ 12 flux-sample-12: full
└─ 13 flux-sample-13: full
TOPOLOGY description
kary:13
EVENT create-archive-1

real	0m9.186s
user	0m1.719s
sys	0m1.393s
EVENT distribute-all-nodes-1

real	0m2.021s
user	0m0.000s
sys	0m0.010s
EVENT delete-archive-all-nodes-1

real	0m0.020s
user	0m0.007s
sys	0m0.004s
EVENT clean-all-nodes-1

real	0m0.181s
user	0m0.000s
sys	0m0.010s
EVENT create-archive-2

real	0m19.453s
user	0m3.312s
sys	0m3.002s
EVENT distribute-all-nodes-2

real	0m3.993s
user	0m0.000s
sys	0m0.011s
EVENT delete-archive-all-nodes-2

real	0m0.022s
user	0m0.007s
sys	0m0.003s
EVENT clean-all-nodes-2

real	0m0.519s
user	0m0.010s
sys	0m0.000s
EVENT create-archive-3

real	0m29.610s
user	0m5.026s
sys	0m4.507s
EVENT distribute-all-nodes-3

real	0m5.979s
user	0m0.004s
sys	0m0.007s
EVENT delete-archive-all-nodes-3

real	0m0.029s
user	0m0.005s
sys	0m0.005s
EVENT clean-all-nodes-3

real	0m0.953s
user	0m0.000s
sys	0m0.011s
EVENT create-archive-4

real	0m39.559s
user	0m7.078s
sys	0m5.518s
EVENT distribute-all-nodes-4

real	0m7.686s
user	0m0.000s
sys	0m0.011s
EVENT delete-archive-all-nodes-4

real	0m0.030s
user	0m0.003s
sys	0m0.007s
EVENT clean-all-nodes-4

real	0m0.663s
user	0m0.005s
sys	0m0.006s
EVENT create-archive-5

real	0m49.957s
user	0m8.549s
sys	0m7.299s
EVENT distribute-all-nodes-5

real	0m9.895s
user	0m0.006s
sys	0m0.005s
EVENT delete-archive-all-nodes-5

real	0m0.033s
user	0m0.003s
sys	0m0.007s
EVENT clean-all-nodes-5

real	0m1.147s
user	0m0.004s
sys	0m0.007s
EVENT create-archive-6

real	1m0.012s
user	0m10.286s
sys	0m8.707s
EVENT distribute-all-nodes-6

real	0m11.930s
user	0m0.000s
sys	0m0.012s
EVENT delete-archive-all-nodes-6

real	0m0.035s
user	0m0.009s
sys	0m0.000s
EVENT clean-all-nodes-6

real	0m1.475s
user	0m0.000s
sys	0m0.012s
EVENT create-archive-7

real	1m9.657s
user	0m12.357s
sys	0m9.397s
EVENT distribute-all-nodes-7

real	0m17.408s
user	0m0.004s
sys	0m0.008s
EVENT delete-archive-all-nodes-7

real	0m0.038s
user	0m0.010s
sys	0m0.000s
EVENT clean-all-nodes-7

real	0m1.470s
user	0m0.000s
sys	0m0.011s
EVENT create-archive-8

real	1m19.861s
user	0m13.981s
sys	0m11.073s
EVENT distribute-all-nodes-8

real	0m23.539s
user	0m0.004s
sys	0m0.008s
EVENT delete-archive-all-nodes-8

real	0m0.040s
user	0m0.010s
sys	0m0.000s
EVENT clean-all-nodes-8

real	0m1.498s
user	0m0.003s
sys	0m0.007s
EVENT create-archive-9

real	1m29.850s
user	0m15.588s
sys	0m12.275s
EVENT distribute-all-nodes-9

real	0m30.042s
user	0m0.006s
sys	0m0.006s
EVENT delete-archive-all-nodes-9

real	0m0.042s
user	0m0.010s
sys	0m0.000s
EVENT clean-all-nodes-9

real	0m1.843s
user	0m0.004s
sys	0m0.007s
EVENT create-archive-10

real	1m3.251s
user	0m17.200s
sys	0m11.321s
EVENT distribute-all-nodes-10

real	0m37.408s
user	0m0.006s
sys	0m0.006s
EVENT delete-archive-all-nodes-10

real	0m0.046s
user	0m0.000s
sys	0m0.010s
EVENT clean-all-nodes-10

real	0m1.643s
user	0m0.004s
sys	0m0.007s
SCRIPT entrypoint

#!/bin/bash
# flux-topology.sh

flux exec -r all flux module reload content purge-target-size=104857600 # 100mb
echo "MODULE STATS CONTENT"
flux module stats content | jq

# Print the overlay to show the topology
echo "NODES"
echo "30"
echo "TOPOLOGY diagram"
flux overlay status
echo "TOPOLOGY description"
echo "kary:13"

# Go up to 10 sizes for now (matches container size)
for size in $(seq 1 10)
  do
    # Create the archive and time it
    echo "EVENT create-archive-${size}"
    time  flux archive create --name create-archive-${size} --dir /chonks ${size}gb.txt

    # Distribute to all nodes, but to /tmp because file exists in /chonks
    echo "EVENT distribute-all-nodes-${size}"
    time flux exec -r all -x 0  flux archive extract --name create-archive-${size} -C /tmp
    sleep 2

    echo "EVENT delete-archive-all-nodes-${size}"
    time flux exec -r all  flux archive remove --name create-archive-${size} 2>/dev/null
    sleep 2

    # Cleanup all archive on all nodes
    echo "EVENT clean-all-nodes-${size}"
    time flux exec -r all rm -rf /tmp/${size}gb.txt
    sleep 2
done

# Show self!
echo "SCRIPT entrypoint"
cat $0