MODULE STATS CONTENT
[1;39m{
  [0m[1;34m"count"[0m[1;39m: [0m[0;39m0[0m[1;39m,
  [0m[1;34m"valid"[0m[1;39m: [0m[0;39m0[0m[1;39m,
  [0m[1;34m"dirty"[0m[1;39m: [0m[0;39m0[0m[1;39m,
  [0m[1;34m"size"[0m[1;39m: [0m[0;39m0[0m[1;39m,
  [0m[1;34m"flush-batch-count"[0m[1;39m: [0m[0;39m0[0m[1;39m,
  [0m[1;34m"mmap"[0m[1;39m: [0m[1;39m{
    [0m[1;34m"tags"[0m[1;39m: [0m[1;39m{}[0m[1;39m,
    [0m[1;34m"blobs"[0m[1;39m: [0m[0;39m0[0m[1;39m
  [1;39m}[0m[1;39m
[1;39m}[0m
NODES
30
TOPOLOGY diagram
0 flux-sample-0: full
├─ 1 flux-sample-1: full
│  ├─ 7 flux-sample-7: full
│  ├─ 8 flux-sample-8: full
│  ├─ 9 flux-sample-9: full
│  ├─ 10 flux-sample-10: full
│  ├─ 11 flux-sample-11: full
│  └─ 12 flux-sample-12: full
├─ 2 flux-sample-2: full
│  ├─ 13 flux-sample-13: full
│  ├─ 14 flux-sample-14: full
│  ├─ 15 flux-sample-15: full
│  ├─ 16 flux-sample-16: full
│  ├─ 17 flux-sample-17: full
│  └─ 18 flux-sample-18: full
├─ 3 flux-sample-3: full
│  ├─ 19 flux-sample-19: full
│  ├─ 20 flux-sample-20: full
│  ├─ 21 flux-sample-21: full
│  ├─ 22 flux-sample-22: full
│  ├─ 23 flux-sample-23: full
│  └─ 24 flux-sample-24: full
├─ 4 flux-sample-4: full
│  ├─ 25 flux-sample-25: full
│  ├─ 26 flux-sample-26: full
│  ├─ 27 flux-sample-27: full
│  ├─ 28 flux-sample-28: full
│  └─ 29 flux-sample-29: full
├─ 5 flux-sample-5: full
└─ 6 flux-sample-6: full
TOPOLOGY description
kary:6
EVENT create-archive-1

real	0m9.011s
user	0m1.644s
sys	0m1.389s
EVENT distribute-all-nodes-1

real	0m2.018s
user	0m0.003s
sys	0m0.009s
EVENT delete-archive-all-nodes-1

real	0m0.021s
user	0m0.005s
sys	0m0.005s
EVENT clean-all-nodes-1

real	0m0.181s
user	0m0.000s
sys	0m0.009s
EVENT create-archive-2

real	0m19.318s
user	0m3.382s
sys	0m2.722s
EVENT distribute-all-nodes-2

real	0m3.974s
user	0m0.012s
sys	0m0.000s
EVENT delete-archive-all-nodes-2

real	0m0.022s
user	0m0.005s
sys	0m0.005s
EVENT clean-all-nodes-2

real	0m0.498s
user	0m0.000s
sys	0m0.010s
EVENT create-archive-3

real	0m29.325s
user	0m5.202s
sys	0m3.840s
EVENT distribute-all-nodes-3

real	0m5.882s
user	0m0.000s
sys	0m0.010s
EVENT delete-archive-all-nodes-3

real	0m0.027s
user	0m0.000s
sys	0m0.009s
EVENT clean-all-nodes-3

real	0m0.968s
user	0m0.005s
sys	0m0.005s
EVENT create-archive-4

real	0m39.223s
user	0m6.845s
sys	0m5.514s
EVENT distribute-all-nodes-4

real	0m7.676s
user	0m0.003s
sys	0m0.007s
EVENT delete-archive-all-nodes-4

real	0m0.030s
user	0m0.005s
sys	0m0.005s
EVENT clean-all-nodes-4

real	0m0.660s
user	0m0.005s
sys	0m0.005s
EVENT create-archive-5

real	0m49.595s
user	0m8.251s
sys	0m8.517s
EVENT distribute-all-nodes-5

real	0m9.564s
user	0m0.005s
sys	0m0.006s
EVENT delete-archive-all-nodes-5

real	0m0.032s
user	0m0.009s
sys	0m0.000s
EVENT clean-all-nodes-5

real	0m1.276s
user	0m0.011s
sys	0m0.000s
EVENT create-archive-6

real	0m59.886s
user	0m10.034s
sys	0m10.314s
EVENT distribute-all-nodes-6

real	0m11.992s
user	0m0.012s
sys	0m0.000s
EVENT delete-archive-all-nodes-6

real	0m0.034s
user	0m0.005s
sys	0m0.005s
EVENT clean-all-nodes-6

real	0m1.293s
user	0m0.010s
sys	0m0.000s
EVENT create-archive-7

real	1m9.847s
user	0m12.082s
sys	0m11.467s
EVENT distribute-all-nodes-7

real	0m17.508s
user	0m0.003s
sys	0m0.007s
EVENT delete-archive-all-nodes-7

real	0m0.036s
user	0m0.000s
sys	0m0.010s
EVENT clean-all-nodes-7

real	0m1.604s
user	0m0.005s
sys	0m0.006s
EVENT create-archive-8

real	1m19.744s
user	0m13.541s
sys	0m13.434s
EVENT distribute-all-nodes-8

real	0m23.667s
user	0m0.004s
sys	0m0.008s
EVENT delete-archive-all-nodes-8

real	0m0.038s
user	0m0.005s
sys	0m0.005s
EVENT clean-all-nodes-8

real	0m1.741s
user	0m0.000s
sys	0m0.011s
EVENT create-archive-9

real	1m12.311s
user	0m15.227s
sys	0m13.305s
EVENT distribute-all-nodes-9

real	0m30.007s
user	0m0.006s
sys	0m0.006s
EVENT delete-archive-all-nodes-9

real	0m0.040s
user	0m0.006s
sys	0m0.003s
EVENT clean-all-nodes-9

real	0m1.738s
user	0m0.004s
sys	0m0.008s
EVENT create-archive-10

real	1m9.064s
user	0m16.865s
sys	0m13.733s
EVENT distribute-all-nodes-10

real	0m37.845s
user	0m0.004s
sys	0m0.007s
EVENT delete-archive-all-nodes-10

real	0m0.045s
user	0m0.003s
sys	0m0.007s
EVENT clean-all-nodes-10

real	0m1.951s
user	0m0.008s
sys	0m0.004s
SCRIPT entrypoint

#!/bin/bash
# flux-topology.sh

flux exec -r all flux module reload content purge-target-size=104857600 # 100mb
echo "MODULE STATS CONTENT"
flux module stats content | jq

# Print the overlay to show the topology
echo "NODES"
echo "30"
echo "TOPOLOGY diagram"
flux overlay status
echo "TOPOLOGY description"
echo "kary:6"

# Go up to 10 sizes for now (matches container size)
for size in $(seq 1 10)
  do
    # Create the archive and time it
    echo "EVENT create-archive-${size}"
    time  flux archive create --name create-archive-${size} --dir /chonks ${size}gb.txt

    # Distribute to all nodes, but to /tmp because file exists in /chonks
    echo "EVENT distribute-all-nodes-${size}"
    time flux exec -r all -x 0  flux archive extract --name create-archive-${size} -C /tmp
    sleep 2

    echo "EVENT delete-archive-all-nodes-${size}"
    time flux exec -r all  flux archive remove --name create-archive-${size} 2>/dev/null
    sleep 2

    # Cleanup all archive on all nodes
    echo "EVENT clean-all-nodes-${size}"
    time flux exec -r all rm -rf /tmp/${size}gb.txt
    sleep 2
done

# Show self!
echo "SCRIPT entrypoint"
cat $0