MODULE STATS CONTENT
[1;39m{
  [0m[1;34m"count"[0m[1;39m: [0m[0;39m0[0m[1;39m,
  [0m[1;34m"valid"[0m[1;39m: [0m[0;39m0[0m[1;39m,
  [0m[1;34m"dirty"[0m[1;39m: [0m[0;39m0[0m[1;39m,
  [0m[1;34m"size"[0m[1;39m: [0m[0;39m0[0m[1;39m,
  [0m[1;34m"flush-batch-count"[0m[1;39m: [0m[0;39m0[0m[1;39m,
  [0m[1;34m"mmap"[0m[1;39m: [0m[1;39m{
    [0m[1;34m"tags"[0m[1;39m: [0m[1;39m{}[0m[1;39m,
    [0m[1;34m"blobs"[0m[1;39m: [0m[0;39m0[0m[1;39m
  [1;39m}[0m[1;39m
[1;39m}[0m
NODES
6
TOPOLOGY diagram
0 flux-sample-0: full
├─ 1 flux-sample-1: full
│  ├─ 4 flux-sample-4: full
│  └─ 5 flux-sample-5: full
├─ 2 flux-sample-2: full
└─ 3 flux-sample-3: full
TOPOLOGY description
kary:3
EVENT create-archive-1

real	0m9.139s
user	0m1.672s
sys	0m1.405s
EVENT distribute-all-nodes-1

real	0m2.374s
user	0m0.000s
sys	0m0.006s
EVENT delete-archive-all-nodes-1

real	0m0.019s
user	0m0.000s
sys	0m0.006s
EVENT clean-all-nodes-1

real	0m0.185s
user	0m0.000s
sys	0m0.006s
EVENT create-archive-2

real	0m19.394s
user	0m3.561s
sys	0m2.658s
EVENT distribute-all-nodes-2

real	0m4.254s
user	0m0.000s
sys	0m0.006s
EVENT delete-archive-all-nodes-2

real	0m0.021s
user	0m0.002s
sys	0m0.004s
EVENT clean-all-nodes-2

real	0m0.567s
user	0m0.000s
sys	0m0.006s
EVENT create-archive-3

real	0m29.267s
user	0m5.226s
sys	0m4.004s
EVENT distribute-all-nodes-3

real	0m6.092s
user	0m0.000s
sys	0m0.006s
EVENT delete-archive-all-nodes-3

real	0m0.026s
user	0m0.004s
sys	0m0.003s
EVENT clean-all-nodes-3

real	0m0.520s
user	0m0.007s
sys	0m0.000s
EVENT create-archive-4

real	0m39.403s
user	0m6.825s
sys	0m5.557s
EVENT distribute-all-nodes-4

real	0m8.040s
user	0m0.003s
sys	0m0.003s
EVENT delete-archive-all-nodes-4

real	0m0.028s
user	0m0.000s
sys	0m0.007s
EVENT clean-all-nodes-4

real	0m0.664s
user	0m0.000s
sys	0m0.007s
EVENT create-archive-5

real	0m50.053s
user	0m8.420s
sys	0m7.396s
EVENT distribute-all-nodes-5

real	0m9.665s
user	0m0.003s
sys	0m0.004s
EVENT delete-archive-all-nodes-5

real	0m0.029s
user	0m0.003s
sys	0m0.003s
EVENT clean-all-nodes-5

real	0m1.334s
user	0m0.000s
sys	0m0.007s
EVENT create-archive-6

real	0m59.938s
user	0m10.247s
sys	0m8.454s
EVENT distribute-all-nodes-6

real	0m11.899s
user	0m0.006s
sys	0m0.000s
EVENT delete-archive-all-nodes-6

real	0m0.032s
user	0m0.003s
sys	0m0.003s
EVENT clean-all-nodes-6

real	0m1.201s
user	0m0.000s
sys	0m0.007s
EVENT create-archive-7

real	1m6.621s
user	0m12.076s
sys	0m10.673s
EVENT distribute-all-nodes-7

real	0m17.060s
user	0m0.000s
sys	0m0.007s
EVENT delete-archive-all-nodes-7

real	0m0.034s
user	0m0.000s
sys	0m0.007s
EVENT clean-all-nodes-7

real	0m1.461s
user	0m0.002s
sys	0m0.004s
EVENT create-archive-8

real	0m53.620s
user	0m13.618s
sys	0m10.610s
EVENT distribute-all-nodes-8

real	0m23.254s
user	0m0.003s
sys	0m0.004s
EVENT delete-archive-all-nodes-8

real	0m0.037s
user	0m0.003s
sys	0m0.004s
EVENT clean-all-nodes-8

real	0m1.546s
user	0m0.000s
sys	0m0.006s
EVENT create-archive-9

real	1m30.091s
user	0m15.371s
sys	0m15.669s
EVENT distribute-all-nodes-9

real	0m29.445s
user	0m0.000s
sys	0m0.007s
EVENT delete-archive-all-nodes-9

real	0m0.038s
user	0m0.006s
sys	0m0.000s
EVENT clean-all-nodes-9

real	0m1.893s
user	0m0.004s
sys	0m0.004s
EVENT create-archive-10

real	1m40.456s
user	0m16.906s
sys	0m18.183s
EVENT distribute-all-nodes-10

real	0m37.247s
user	0m0.006s
sys	0m0.000s
EVENT delete-archive-all-nodes-10

real	0m0.040s
user	0m0.006s
sys	0m0.000s
EVENT clean-all-nodes-10

real	0m1.686s
user	0m0.000s
sys	0m0.007s
SCRIPT entrypoint

#!/bin/bash
# flux-topology.sh

flux exec -r all flux module reload content purge-target-size=104857600 # 100mb
echo "MODULE STATS CONTENT"
flux module stats content | jq

# Print the overlay to show the topology
echo "NODES"
echo "6"
echo "TOPOLOGY diagram"
flux overlay status
echo "TOPOLOGY description"
echo "kary:3"

# Go up to 10 sizes for now (matches container size)
for size in $(seq 1 10)
  do
    # Create the archive and time it
    echo "EVENT create-archive-${size}"
    time  flux archive create --name create-archive-${size} --dir /chonks ${size}gb.txt

    # Distribute to all nodes, but to /tmp because file exists in /chonks
    echo "EVENT distribute-all-nodes-${size}"
    time flux exec -r all -x 0  flux archive extract --name create-archive-${size} -C /tmp
    sleep 2

    echo "EVENT delete-archive-all-nodes-${size}"
    time flux exec -r all  flux archive remove --name create-archive-${size} 2>/dev/null
    sleep 2

    # Cleanup all archive on all nodes
    echo "EVENT clean-all-nodes-${size}"
    time flux exec -r all rm -rf /tmp/${size}gb.txt
    sleep 2
done

# Show self!
echo "SCRIPT entrypoint"
cat $0