MODULE STATS CONTENT
[1;39m{
  [0m[1;34m"count"[0m[1;39m: [0m[0;39m0[0m[1;39m,
  [0m[1;34m"valid"[0m[1;39m: [0m[0;39m0[0m[1;39m,
  [0m[1;34m"dirty"[0m[1;39m: [0m[0;39m0[0m[1;39m,
  [0m[1;34m"size"[0m[1;39m: [0m[0;39m0[0m[1;39m,
  [0m[1;34m"flush-batch-count"[0m[1;39m: [0m[0;39m0[0m[1;39m,
  [0m[1;34m"mmap"[0m[1;39m: [0m[1;39m{
    [0m[1;34m"tags"[0m[1;39m: [0m[1;39m{}[0m[1;39m,
    [0m[1;34m"blobs"[0m[1;39m: [0m[0;39m0[0m[1;39m
  [1;39m}[0m[1;39m
[1;39m}[0m
NODES
6
TOPOLOGY diagram
0 flux-sample-0: full
├─ 1 flux-sample-1: full
│  ├─ 4 flux-sample-4: full
│  └─ 5 flux-sample-5: full
├─ 2 flux-sample-2: full
└─ 3 flux-sample-3: full
TOPOLOGY description
kary:3
EVENT create-archive-1

real	0m9.187s
user	0m1.727s
sys	0m1.423s
EVENT distribute-all-nodes-1

real	0m2.275s
user	0m0.000s
sys	0m0.006s
EVENT delete-archive-all-nodes-1

real	0m0.019s
user	0m0.006s
sys	0m0.000s
EVENT clean-all-nodes-1

real	0m0.182s
user	0m0.000s
sys	0m0.006s
EVENT create-archive-2

real	0m19.336s
user	0m3.511s
sys	0m2.690s
EVENT distribute-all-nodes-2

real	0m3.953s
user	0m0.000s
sys	0m0.007s
EVENT delete-archive-all-nodes-2

real	0m0.020s
user	0m0.006s
sys	0m0.000s
EVENT clean-all-nodes-2

real	0m0.361s
user	0m0.000s
sys	0m0.006s
EVENT create-archive-3

real	0m29.445s
user	0m5.326s
sys	0m4.020s
EVENT distribute-all-nodes-3

real	0m5.777s
user	0m0.006s
sys	0m0.000s
EVENT delete-archive-all-nodes-3

real	0m0.025s
user	0m0.000s
sys	0m0.007s
EVENT clean-all-nodes-3

real	0m1.015s
user	0m0.000s
sys	0m0.007s
EVENT create-archive-4

real	0m39.727s
user	0m6.971s
sys	0m5.725s
EVENT distribute-all-nodes-4

real	0m7.592s
user	0m0.000s
sys	0m0.007s
EVENT delete-archive-all-nodes-4

real	0m0.028s
user	0m0.000s
sys	0m0.007s
EVENT clean-all-nodes-4

real	0m0.661s
user	0m0.000s
sys	0m0.006s
EVENT create-archive-5

real	0m50.029s
user	0m8.833s
sys	0m7.095s
EVENT distribute-all-nodes-5

real	0m9.521s
user	0m0.000s
sys	0m0.007s
EVENT delete-archive-all-nodes-5

real	0m0.029s
user	0m0.006s
sys	0m0.000s
EVENT clean-all-nodes-5

real	0m1.249s
user	0m0.006s
sys	0m0.000s
EVENT create-archive-6

real	1m0.070s
user	0m10.304s
sys	0m8.641s
EVENT distribute-all-nodes-6

real	0m11.776s
user	0m0.000s
sys	0m0.006s
EVENT delete-archive-all-nodes-6

real	0m0.032s
user	0m0.000s
sys	0m0.007s
EVENT clean-all-nodes-6

real	0m1.177s
user	0m0.007s
sys	0m0.000s
EVENT create-archive-7

real	1m10.478s
user	0m12.233s
sys	0m10.045s
EVENT distribute-all-nodes-7

real	0m18.369s
user	0m0.000s
sys	0m0.007s
EVENT delete-archive-all-nodes-7

real	0m0.034s
user	0m0.007s
sys	0m0.000s
EVENT clean-all-nodes-7

real	0m1.235s
user	0m0.000s
sys	0m0.007s
EVENT create-archive-8

real	1m20.025s
user	0m13.570s
sys	0m11.281s
EVENT distribute-all-nodes-8

real	0m23.165s
user	0m0.007s
sys	0m0.000s
EVENT delete-archive-all-nodes-8

real	0m0.036s
user	0m0.000s
sys	0m0.006s
EVENT clean-all-nodes-8

real	0m1.634s
user	0m0.007s
sys	0m0.000s
EVENT create-archive-9

real	1m19.632s
user	0m15.819s
sys	0m12.562s
EVENT distribute-all-nodes-9

real	0m30.106s
user	0m0.003s
sys	0m0.003s
EVENT delete-archive-all-nodes-9

real	0m0.038s
user	0m0.003s
sys	0m0.003s
EVENT clean-all-nodes-9

real	0m1.882s
user	0m0.000s
sys	0m0.007s
EVENT create-archive-10

real	1m9.733s
user	0m16.945s
sys	0m14.458s
EVENT distribute-all-nodes-10

real	0m37.215s
user	0m0.007s
sys	0m0.000s
EVENT delete-archive-all-nodes-10

real	0m0.046s
user	0m0.003s
sys	0m0.003s
EVENT clean-all-nodes-10

real	0m1.808s
user	0m0.007s
sys	0m0.000s
SCRIPT entrypoint

#!/bin/bash
# flux-topology.sh

flux exec -r all flux module reload content purge-target-size=104857600 # 100mb
echo "MODULE STATS CONTENT"
flux module stats content | jq

# Print the overlay to show the topology
echo "NODES"
echo "6"
echo "TOPOLOGY diagram"
flux overlay status
echo "TOPOLOGY description"
echo "kary:3"

# Go up to 10 sizes for now (matches container size)
for size in $(seq 1 10)
  do
    # Create the archive and time it
    echo "EVENT create-archive-${size}"
    time  flux archive create --name create-archive-${size} --dir /chonks ${size}gb.txt

    # Distribute to all nodes, but to /tmp because file exists in /chonks
    echo "EVENT distribute-all-nodes-${size}"
    time flux exec -r all -x 0  flux archive extract --name create-archive-${size} -C /tmp
    sleep 2

    echo "EVENT delete-archive-all-nodes-${size}"
    time flux exec -r all  flux archive remove --name create-archive-${size} 2>/dev/null
    sleep 2

    # Cleanup all archive on all nodes
    echo "EVENT clean-all-nodes-${size}"
    time flux exec -r all rm -rf /tmp/${size}gb.txt
    sleep 2
done

# Show self!
echo "SCRIPT entrypoint"
cat $0