MODULE STATS CONTENT
[1;39m{
  [0m[1;34m"count"[0m[1;39m: [0m[0;39m0[0m[1;39m,
  [0m[1;34m"valid"[0m[1;39m: [0m[0;39m0[0m[1;39m,
  [0m[1;34m"dirty"[0m[1;39m: [0m[0;39m0[0m[1;39m,
  [0m[1;34m"size"[0m[1;39m: [0m[0;39m0[0m[1;39m,
  [0m[1;34m"flush-batch-count"[0m[1;39m: [0m[0;39m0[0m[1;39m,
  [0m[1;34m"mmap"[0m[1;39m: [0m[1;39m{
    [0m[1;34m"tags"[0m[1;39m: [0m[1;39m{}[0m[1;39m,
    [0m[1;34m"blobs"[0m[1;39m: [0m[0;39m0[0m[1;39m
  [1;39m}[0m[1;39m
[1;39m}[0m
NODES
30
TOPOLOGY diagram
0 flux-sample-0: full
├─ 1 flux-sample-1: full
│  ├─ 3 flux-sample-3: full
│  │  ├─ 7 flux-sample-7: full
│  │  │  ├─ 15 flux-sample-15: full
│  │  │  └─ 16 flux-sample-16: full
│  │  └─ 8 flux-sample-8: full
│  │     ├─ 17 flux-sample-17: full
│  │     └─ 18 flux-sample-18: full
│  └─ 4 flux-sample-4: full
│     ├─ 9 flux-sample-9: full
│     │  ├─ 19 flux-sample-19: full
│     │  └─ 20 flux-sample-20: full
│     └─ 10 flux-sample-10: full
│        ├─ 21 flux-sample-21: full
│        └─ 22 flux-sample-22: full
└─ 2 flux-sample-2: full
   ├─ 5 flux-sample-5: full
   │  ├─ 11 flux-sample-11: full
   │  │  ├─ 23 flux-sample-23: full
   │  │  └─ 24 flux-sample-24: full
   │  └─ 12 flux-sample-12: full
   │     ├─ 25 flux-sample-25: full
   │     └─ 26 flux-sample-26: full
   └─ 6 flux-sample-6: full
      ├─ 13 flux-sample-13: full
      │  ├─ 27 flux-sample-27: full
      │  └─ 28 flux-sample-28: full
      └─ 14 flux-sample-14: full
         └─ 29 flux-sample-29: full
TOPOLOGY description
kary:2
EVENT create-archive-1

real	0m9.197s
user	0m1.804s
sys	0m1.298s
EVENT distribute-all-nodes-1

real	0m1.987s
user	0m0.005s
sys	0m0.005s
EVENT delete-archive-all-nodes-1

real	0m0.025s
user	0m0.005s
sys	0m0.005s
EVENT clean-all-nodes-1

real	0m0.188s
user	0m0.005s
sys	0m0.005s
EVENT create-archive-2

real	0m19.215s
user	0m3.220s
sys	0m2.849s
EVENT distribute-all-nodes-2

real	0m4.029s
user	0m0.011s
sys	0m0.000s
EVENT delete-archive-all-nodes-2

real	0m0.025s
user	0m0.005s
sys	0m0.005s
EVENT clean-all-nodes-2

real	0m0.688s
user	0m0.000s
sys	0m0.010s
EVENT create-archive-3

real	0m29.105s
user	0m5.139s
sys	0m4.030s
EVENT distribute-all-nodes-3

real	0m5.816s
user	0m0.004s
sys	0m0.006s
EVENT delete-archive-all-nodes-3

real	0m0.026s
user	0m0.011s
sys	0m0.000s
EVENT clean-all-nodes-3

real	0m1.000s
user	0m0.011s
sys	0m0.000s
EVENT create-archive-4

real	0m39.494s
user	0m6.878s
sys	0m5.569s
EVENT distribute-all-nodes-4

real	0m7.784s
user	0m0.004s
sys	0m0.007s
EVENT delete-archive-all-nodes-4

real	0m0.027s
user	0m0.005s
sys	0m0.005s
EVENT clean-all-nodes-4

real	0m0.672s
user	0m0.010s
sys	0m0.000s
EVENT create-archive-5

real	0m49.754s
user	0m8.516s
sys	0m7.064s
EVENT distribute-all-nodes-5

real	0m9.706s
user	0m0.000s
sys	0m0.012s
EVENT delete-archive-all-nodes-5

real	0m0.033s
user	0m0.000s
sys	0m0.010s
EVENT clean-all-nodes-5

real	0m1.356s
user	0m0.011s
sys	0m0.000s
EVENT create-archive-6

real	0m59.549s
user	0m10.681s
sys	0m8.010s
EVENT distribute-all-nodes-6

real	0m12.164s
user	0m0.004s
sys	0m0.007s
EVENT delete-archive-all-nodes-6

real	0m0.040s
user	0m0.003s
sys	0m0.006s
EVENT clean-all-nodes-6

real	0m1.448s
user	0m0.005s
sys	0m0.005s
EVENT create-archive-7

real	1m10.375s
user	0m12.171s
sys	0m9.990s
EVENT distribute-all-nodes-7

real	0m17.554s
user	0m0.003s
sys	0m0.008s
EVENT delete-archive-all-nodes-7

real	0m0.043s
user	0m0.007s
sys	0m0.002s
EVENT clean-all-nodes-7

real	0m1.476s
user	0m0.010s
sys	0m0.000s
EVENT create-archive-8

real	1m20.388s
user	0m13.815s
sys	0m11.568s
EVENT distribute-all-nodes-8

real	0m23.552s
user	0m0.009s
sys	0m0.003s
EVENT delete-archive-all-nodes-8

real	0m0.052s
user	0m0.011s
sys	0m0.000s
EVENT clean-all-nodes-8

real	0m1.662s
user	0m0.011s
sys	0m0.000s
EVENT create-archive-9

real	1m29.902s
user	0m15.523s
sys	0m12.662s
EVENT distribute-all-nodes-9

real	0m30.078s
user	0m0.005s
sys	0m0.007s
EVENT delete-archive-all-nodes-9

real	0m0.048s
user	0m0.000s
sys	0m0.011s
EVENT clean-all-nodes-9

real	0m1.902s
user	0m0.005s
sys	0m0.005s
EVENT create-archive-10

real	1m3.224s
user	0m16.817s
sys	0m11.906s
EVENT distribute-all-nodes-10

real	0m37.629s
user	0m0.012s
sys	0m0.000s
EVENT delete-archive-all-nodes-10

real	0m0.175s
user	0m0.000s
sys	0m0.011s
EVENT clean-all-nodes-10

real	0m1.913s
user	0m0.005s
sys	0m0.005s
SCRIPT entrypoint

#!/bin/bash
# flux-topology.sh

flux exec -r all flux module reload content purge-target-size=104857600 # 100mb
echo "MODULE STATS CONTENT"
flux module stats content | jq

# Print the overlay to show the topology
echo "NODES"
echo "30"
echo "TOPOLOGY diagram"
flux overlay status
echo "TOPOLOGY description"
echo "kary:2"

# Go up to 10 sizes for now (matches container size)
for size in $(seq 1 10)
  do
    # Create the archive and time it
    echo "EVENT create-archive-${size}"
    time  flux archive create --name create-archive-${size} --dir /chonks ${size}gb.txt

    # Distribute to all nodes, but to /tmp because file exists in /chonks
    echo "EVENT distribute-all-nodes-${size}"
    time flux exec -r all -x 0  flux archive extract --name create-archive-${size} -C /tmp
    sleep 2

    echo "EVENT delete-archive-all-nodes-${size}"
    time flux exec -r all  flux archive remove --name create-archive-${size} 2>/dev/null
    sleep 2

    # Cleanup all archive on all nodes
    echo "EVENT clean-all-nodes-${size}"
    time flux exec -r all rm -rf /tmp/${size}gb.txt
    sleep 2
done

# Show self!
echo "SCRIPT entrypoint"
cat $0