MODULE STATS CONTENT
[1;39m{
  [0m[1;34m"count"[0m[1;39m: [0m[0;39m0[0m[1;39m,
  [0m[1;34m"valid"[0m[1;39m: [0m[0;39m0[0m[1;39m,
  [0m[1;34m"dirty"[0m[1;39m: [0m[0;39m0[0m[1;39m,
  [0m[1;34m"size"[0m[1;39m: [0m[0;39m0[0m[1;39m,
  [0m[1;34m"flush-batch-count"[0m[1;39m: [0m[0;39m0[0m[1;39m,
  [0m[1;34m"mmap"[0m[1;39m: [0m[1;39m{
    [0m[1;34m"tags"[0m[1;39m: [0m[1;39m{}[0m[1;39m,
    [0m[1;34m"blobs"[0m[1;39m: [0m[0;39m0[0m[1;39m
  [1;39m}[0m[1;39m
[1;39m}[0m
NODES
30
TOPOLOGY diagram
0 flux-sample-0: full
├─ 1 flux-sample-1: full
│  ├─ 11 flux-sample-11: full
│  ├─ 12 flux-sample-12: full
│  ├─ 13 flux-sample-13: full
│  ├─ 14 flux-sample-14: full
│  ├─ 15 flux-sample-15: full
│  ├─ 16 flux-sample-16: full
│  ├─ 17 flux-sample-17: full
│  ├─ 18 flux-sample-18: full
│  ├─ 19 flux-sample-19: full
│  └─ 20 flux-sample-20: full
├─ 2 flux-sample-2: full
│  ├─ 21 flux-sample-21: full
│  ├─ 22 flux-sample-22: full
│  ├─ 23 flux-sample-23: full
│  ├─ 24 flux-sample-24: full
│  ├─ 25 flux-sample-25: full
│  ├─ 26 flux-sample-26: full
│  ├─ 27 flux-sample-27: full
│  ├─ 28 flux-sample-28: full
│  └─ 29 flux-sample-29: full
├─ 3 flux-sample-3: full
├─ 4 flux-sample-4: full
├─ 5 flux-sample-5: full
├─ 6 flux-sample-6: full
├─ 7 flux-sample-7: full
├─ 8 flux-sample-8: full
├─ 9 flux-sample-9: full
└─ 10 flux-sample-10: full
TOPOLOGY description
kary:10
EVENT create-archive-1

real	0m9.067s
user	0m1.720s
sys	0m1.321s
EVENT distribute-all-nodes-1

real	0m2.004s
user	0m0.000s
sys	0m0.010s
EVENT delete-archive-all-nodes-1

real	0m0.020s
user	0m0.005s
sys	0m0.005s
EVENT clean-all-nodes-1

real	0m0.183s
user	0m0.000s
sys	0m0.010s
EVENT create-archive-2

real	0m19.233s
user	0m3.537s
sys	0m2.572s
EVENT distribute-all-nodes-2

real	0m3.993s
user	0m0.000s
sys	0m0.011s
EVENT delete-archive-all-nodes-2

real	0m0.022s
user	0m0.004s
sys	0m0.007s
EVENT clean-all-nodes-2

real	0m0.482s
user	0m0.004s
sys	0m0.006s
EVENT create-archive-3

real	0m29.401s
user	0m5.038s
sys	0m4.205s
EVENT distribute-all-nodes-3

real	0m5.829s
user	0m0.007s
sys	0m0.003s
EVENT delete-archive-all-nodes-3

real	0m0.028s
user	0m0.000s
sys	0m0.010s
EVENT clean-all-nodes-3

real	0m0.937s
user	0m0.006s
sys	0m0.005s
EVENT create-archive-4

real	0m39.474s
user	0m7.171s
sys	0m5.186s
EVENT distribute-all-nodes-4

real	0m7.709s
user	0m0.007s
sys	0m0.004s
EVENT delete-archive-all-nodes-4

real	0m0.030s
user	0m0.000s
sys	0m0.009s
EVENT clean-all-nodes-4

real	0m0.719s
user	0m0.003s
sys	0m0.007s
EVENT create-archive-5

real	0m49.515s
user	0m8.783s
sys	0m6.779s
EVENT distribute-all-nodes-5

real	0m9.591s
user	0m0.011s
sys	0m0.000s
EVENT delete-archive-all-nodes-5

real	0m0.032s
user	0m0.000s
sys	0m0.009s
EVENT clean-all-nodes-5

real	0m1.076s
user	0m0.011s
sys	0m0.000s
EVENT create-archive-6

real	0m59.905s
user	0m10.372s
sys	0m8.154s
EVENT distribute-all-nodes-6

real	0m11.989s
user	0m0.000s
sys	0m0.011s
EVENT delete-archive-all-nodes-6

real	0m0.035s
user	0m0.010s
sys	0m0.000s
EVENT clean-all-nodes-6

real	0m1.367s
user	0m0.005s
sys	0m0.005s
EVENT create-archive-7

real	1m9.983s
user	0m12.113s
sys	0m9.465s
EVENT distribute-all-nodes-7

real	0m17.431s
user	0m0.000s
sys	0m0.011s
EVENT delete-archive-all-nodes-7

real	0m0.037s
user	0m0.005s
sys	0m0.005s
EVENT clean-all-nodes-7

real	0m1.592s
user	0m0.000s
sys	0m0.010s
EVENT create-archive-8

real	1m20.056s
user	0m13.838s
sys	0m10.758s
EVENT distribute-all-nodes-8

real	0m23.402s
user	0m0.000s
sys	0m0.011s
EVENT delete-archive-all-nodes-8

real	0m0.039s
user	0m0.009s
sys	0m0.000s
EVENT clean-all-nodes-8

real	0m1.718s
user	0m0.005s
sys	0m0.006s
EVENT create-archive-9

real	1m29.993s
user	0m15.591s
sys	0m12.075s
EVENT distribute-all-nodes-9

real	0m30.054s
user	0m0.000s
sys	0m0.011s
EVENT delete-archive-all-nodes-9

real	0m0.041s
user	0m0.007s
sys	0m0.003s
EVENT clean-all-nodes-9

real	0m1.878s
user	0m0.000s
sys	0m0.011s
EVENT create-archive-10

real	1m3.322s
user	0m16.909s
sys	0m11.418s
EVENT distribute-all-nodes-10

real	0m37.465s
user	0m0.007s
sys	0m0.004s
EVENT delete-archive-all-nodes-10

real	0m0.044s
user	0m0.003s
sys	0m0.009s
EVENT clean-all-nodes-10

real	0m2.022s
user	0m0.000s
sys	0m0.011s
SCRIPT entrypoint

#!/bin/bash
# flux-topology.sh

flux exec -r all flux module reload content purge-target-size=104857600 # 100mb
echo "MODULE STATS CONTENT"
flux module stats content | jq

# Print the overlay to show the topology
echo "NODES"
echo "30"
echo "TOPOLOGY diagram"
flux overlay status
echo "TOPOLOGY description"
echo "kary:10"

# Go up to 10 sizes for now (matches container size)
for size in $(seq 1 10)
  do
    # Create the archive and time it
    echo "EVENT create-archive-${size}"
    time  flux archive create --name create-archive-${size} --dir /chonks ${size}gb.txt

    # Distribute to all nodes, but to /tmp because file exists in /chonks
    echo "EVENT distribute-all-nodes-${size}"
    time flux exec -r all -x 0  flux archive extract --name create-archive-${size} -C /tmp
    sleep 2

    echo "EVENT delete-archive-all-nodes-${size}"
    time flux exec -r all  flux archive remove --name create-archive-${size} 2>/dev/null
    sleep 2

    # Cleanup all archive on all nodes
    echo "EVENT clean-all-nodes-${size}"
    time flux exec -r all rm -rf /tmp/${size}gb.txt
    sleep 2
done

# Show self!
echo "SCRIPT entrypoint"
cat $0