Collecting Jinja2
  Obtaining dependency information for Jinja2 from https://files.pythonhosted.org/packages/31/80/3a54838c3fb461f6fec263ebf3a3a41771bd05190238de3486aae8540c36/jinja2-3.1.4-py3-none-any.whl.metadata
  Downloading jinja2-3.1.4-py3-none-any.whl.metadata (2.6 kB)
Collecting MarkupSafe>=2.0 (from Jinja2)
  Obtaining dependency information for MarkupSafe>=2.0 from https://files.pythonhosted.org/packages/53/8f/f339c98a178f3c1e545622206b40986a4c3307fe39f70ccd3d9df9a9e425/MarkupSafe-3.0.2-cp39-cp39-manylinux_2_17_x86_64.manylinux2014_x86_64.whl.metadata
  Downloading MarkupSafe-3.0.2-cp39-cp39-manylinux_2_17_x86_64.manylinux2014_x86_64.whl.metadata (4.0 kB)
Downloading jinja2-3.1.4-py3-none-any.whl (133 kB)
[?25l   [90mâ”â”â”â”â”â”â”â”â”â”â”â”â”â”â”â”â”â”â”â”â”â”â”â”â”â”â”â”â”â”â”â”â”â”â”â”â”â”â”â”[0m [32m0.0/133.3 kB[0m [31m?[0m eta [36m-:--:--[0m[2K   [91mâ”â”â”â”â”â”â”â”â”â”â”â”â”â”â”â”â”â”[0m[90mâ•º[0m[90mâ”â”â”â”â”â”â”â”â”â”â”â”â”â”â”â”â”â”â”â”â”[0m [32m61.4/133.3 kB[0m [31m1.6 MB/s[0m eta [36m0:00:01[0m[2K   [90mâ”â”â”â”â”â”â”â”â”â”â”â”â”â”â”â”â”â”â”â”â”â”â”â”â”â”â”â”â”â”â”â”â”â”â”â”â”â”â”â”[0m [32m133.3/133.3 kB[0m [31m2.7 MB/s[0m eta [36m0:00:00[0m
[?25hDownloading MarkupSafe-3.0.2-cp39-cp39-manylinux_2_17_x86_64.manylinux2014_x86_64.whl (20 kB)
Installing collected packages: MarkupSafe, Jinja2
Successfully installed Jinja2-3.1.4 MarkupSafe-3.0.2
[33mWARNING: Running pip as the 'root' user can result in broken permissions and conflicting behaviour with the system package manager. It is recommended to use a virtual environment instead: https://pip.pypa.io/warnings/venv[0m[33m
[0m
[1m[[0m[34;49mnotice[0m[1;39;49m][0m[39;49m A new release of pip is available: [0m[31;49m23.2.1[0m[39;49m -> [0m[32;49m24.3.1[0m
[1m[[0m[34;49mnotice[0m[1;39;49m][0m[39;49m To update, run: [0m[32;49mpython3 -m pip install --upgrade pip[0m
NODES
5
TOPOLOGY diagram
0 flux-sample-0: full
â”œâ”€ 1 flux-sample-1: full
â”‚  â”œâ”€ 3 flux-sample-3: full
â”‚  â””â”€ 4 flux-sample-4: full
â””â”€ 2 flux-sample-2: full
TOPOLOGY description
kary:2
EVENT create-archive-1

real	0m4.002s
user	0m1.477s
sys	0m1.162s
EVENT distribute-all-nodes-1

real	0m3.534s
user	0m0.002s
sys	0m0.008s
EVENT clean-all-nodes-1

real	0m0.307s
user	0m0.002s
sys	0m0.008s
EVENT delete-archive-all-nodes-1

real	0m0.024s
user	0m0.001s
sys	0m0.009s
EVENT create-leaf-nodes-1

real	0m4.031s
user	0m1.442s
sys	0m1.232s
EVENT distribute-leaf-nodes-1

real	0m2.624s
user	0m0.002s
sys	0m0.007s
EVENT clean-leaf-nodes-1

real	0m0.307s
user	0m0.001s
sys	0m0.009s
EVENT delete-archive-leaf-nodes-1

real	0m0.024s
user	0m0.003s
sys	0m0.007s
EVENT create-middle-nodes-1

real	0m4.009s
user	0m1.492s
sys	0m1.177s
EVENT distribute-middle-nodes-0-1

real	0m2.704s
user	0m0.003s
sys	0m0.007s
EVENT distribute-middle-nodes-1-1

real	0m2.770s
user	0m0.000s
sys	0m0.009s
EVENT clean-middle-nodes-1

real	0m0.314s
user	0m0.002s
sys	0m0.007s
EVENT delete-archive-middle-nodes-1

real	0m0.024s
user	0m0.002s
sys	0m0.008s
EVENT create-archive-2

real	0m7.873s
user	0m2.970s
sys	0m2.258s
EVENT distribute-all-nodes-2

real	0m5.339s
user	0m0.004s
sys	0m0.006s
EVENT clean-all-nodes-2

real	0m0.600s
user	0m0.002s
sys	0m0.008s
EVENT delete-archive-all-nodes-2

real	0m0.029s
user	0m0.002s
sys	0m0.008s
EVENT create-leaf-nodes-2

real	0m7.841s
user	0m2.969s
sys	0m2.257s
EVENT distribute-leaf-nodes-2

real	0m5.300s
user	0m0.000s
sys	0m0.009s
EVENT clean-leaf-nodes-2

real	0m0.598s
user	0m0.002s
sys	0m0.008s
EVENT delete-archive-leaf-nodes-2

real	0m0.030s
user	0m0.000s
sys	0m0.010s
EVENT create-middle-nodes-2

real	0m7.998s
user	0m2.940s
sys	0m2.356s
EVENT distribute-middle-nodes-0-2

real	0m5.203s
user	0m0.003s
sys	0m0.007s
EVENT distribute-middle-nodes-1-2

real	0m5.228s
user	0m0.002s
sys	0m0.007s
EVENT clean-middle-nodes-2

real	0m0.603s
user	0m0.001s
sys	0m0.009s
EVENT delete-archive-middle-nodes-2

real	0m0.030s
user	0m0.002s
sys	0m0.008s
SCRIPT entrypoint

#!/bin/bash
# flux-topology.sh

# Print the overlay to show the topology
echo "NODES"
echo "5"
echo "TOPOLOGY diagram"
flux overlay status
echo "TOPOLOGY description"
echo "kary:2"

# Go up to 10 sizes for now (matches container size)
for size in $(seq 1 2)
  do
    # Create the archive and time it
    echo "EVENT create-archive-${size}"
    time flux archive create --name create-archive-${size} --dir /chonks ${size}gb.txt

    # Distribute to all nodes, but to /tmp because file exists in /chonks
    echo "EVENT distribute-all-nodes-${size}"
    time flux exec -r all -x 0 flux archive extract --name create-archive-${size} -C /tmp

    # Cleanup all archive on all nodes
    echo "EVENT clean-all-nodes-${size}"
    time flux exec -r all rm -rf /tmp/${size}gb.txt

    echo "EVENT delete-archive-all-nodes-${size}"
    time flux exec -r all flux archive remove --name create-archive-${size} 2>/dev/null

    # Next, do the same for the root node (level 0) to the deepest level (leaves)
    echo "EVENT create-leaf-nodes-${size}"
    time flux archive create --name create-archive-leaves-${size} --dir /chonks ${size}gb.txt
    echo "EVENT distribute-leaf-nodes-${size}"
    time flux exec -r 3,4 -x 0 flux archive extract --name create-archive-leaves-${size} -C /tmp
    # Cleanup again    
    echo "EVENT clean-leaf-nodes-${size}"
    time flux exec -r all rm -rf /tmp/${size}gb.txt
    echo "EVENT delete-archive-leaf-nodes-${size}"
    time flux exec -r all flux archive remove --name create-archive-leaves-${size} 2>/dev/null

    # Finally, get the middle node and distribute to middle level first, then middle to last
    echo "EVENT create-middle-nodes-${size}"
    time flux archive create --name create-archive-middle-${size} --dir /chonks ${size}gb.txt
    echo "EVENT distribute-middle-nodes-0-${size}"
    time flux exec -r 1,2 -x 0 flux archive extract --name create-archive-middle-${size} -C /tmp
    echo "EVENT distribute-middle-nodes-1-${size}"
    time flux exec -r 3,4 -x 0 flux archive extract --name create-archive-middle-${size} -C /tmp
    echo "EVENT clean-middle-nodes-${size}"
    time flux exec -r all rm -rf /tmp/${size}gb.txt
    echo "EVENT delete-archive-middle-nodes-${size}"
    time flux exec -r all flux archive remove --name create-archive-middle-${size} 2>/dev/null
done

# Show self!
echo "SCRIPT entrypoint"
cat $0