MODULE STATS CONTENT
[1;39m{
  [0m[1;34m"count"[0m[1;39m: [0m[0;39m0[0m[1;39m,
  [0m[1;34m"valid"[0m[1;39m: [0m[0;39m0[0m[1;39m,
  [0m[1;34m"dirty"[0m[1;39m: [0m[0;39m0[0m[1;39m,
  [0m[1;34m"size"[0m[1;39m: [0m[0;39m0[0m[1;39m,
  [0m[1;34m"flush-batch-count"[0m[1;39m: [0m[0;39m0[0m[1;39m,
  [0m[1;34m"mmap"[0m[1;39m: [0m[1;39m{
    [0m[1;34m"tags"[0m[1;39m: [0m[1;39m{}[0m[1;39m,
    [0m[1;34m"blobs"[0m[1;39m: [0m[0;39m0[0m[1;39m
  [1;39m}[0m[1;39m
[1;39m}[0m
NODES
6
TOPOLOGY diagram
0 flux-sample-0: full
├─ 1 flux-sample-1: full
├─ 2 flux-sample-2: full
│  └─ 3 flux-sample-3: full
└─ 4 flux-sample-4: full
   └─ 5 flux-sample-5: full
TOPOLOGY description
binomial
EVENT create-archive-1

real	0m9.179s
user	0m1.717s
sys	0m1.416s
EVENT distribute-all-nodes-1

real	0m1.922s
user	0m0.000s
sys	0m0.006s
EVENT delete-archive-all-nodes-1

real	0m0.019s
user	0m0.003s
sys	0m0.003s
EVENT clean-all-nodes-1

real	0m0.180s
user	0m0.000s
sys	0m0.007s
EVENT create-archive-2

real	0m19.205s
user	0m3.373s
sys	0m2.809s
EVENT distribute-all-nodes-2

real	0m3.856s
user	0m0.006s
sys	0m0.000s
EVENT delete-archive-all-nodes-2

real	0m0.020s
user	0m0.006s
sys	0m0.000s
EVENT clean-all-nodes-2

real	0m0.464s
user	0m0.000s
sys	0m0.007s
EVENT create-archive-3

real	0m29.237s
user	0m5.048s
sys	0m4.122s
EVENT distribute-all-nodes-3

real	0m5.708s
user	0m0.007s
sys	0m0.000s
EVENT delete-archive-all-nodes-3

real	0m0.026s
user	0m0.007s
sys	0m0.000s
EVENT clean-all-nodes-3

real	0m0.663s
user	0m0.006s
sys	0m0.000s
EVENT create-archive-4

real	0m39.394s
user	0m6.933s
sys	0m5.430s
EVENT distribute-all-nodes-4

real	0m7.494s
user	0m0.000s
sys	0m0.007s
EVENT delete-archive-all-nodes-4

real	0m0.027s
user	0m0.000s
sys	0m0.007s
EVENT clean-all-nodes-4

real	0m0.652s
user	0m0.000s
sys	0m0.007s
EVENT create-archive-5

real	0m49.739s
user	0m8.523s
sys	0m7.077s
EVENT distribute-all-nodes-5

real	0m9.547s
user	0m0.002s
sys	0m0.005s
EVENT delete-archive-all-nodes-5

real	0m0.029s
user	0m0.006s
sys	0m0.000s
EVENT clean-all-nodes-5

real	0m1.323s
user	0m0.003s
sys	0m0.004s
EVENT create-archive-6

real	0m59.644s
user	0m10.452s
sys	0m8.216s
EVENT distribute-all-nodes-6

real	0m12.183s
user	0m0.000s
sys	0m0.007s
EVENT delete-archive-all-nodes-6

real	0m0.031s
user	0m0.003s
sys	0m0.003s
EVENT clean-all-nodes-6

real	0m1.116s
user	0m0.000s
sys	0m0.006s
EVENT create-archive-7

real	1m10.127s
user	0m12.061s
sys	0m9.744s
EVENT distribute-all-nodes-7

real	0m17.194s
user	0m0.003s
sys	0m0.003s
EVENT delete-archive-all-nodes-7

real	0m0.035s
user	0m0.000s
sys	0m0.006s
EVENT clean-all-nodes-7

real	0m1.532s
user	0m0.004s
sys	0m0.004s
EVENT create-archive-8

real	1m19.659s
user	0m13.629s
sys	0m11.058s
EVENT distribute-all-nodes-8

real	0m23.363s
user	0m0.000s
sys	0m0.006s
EVENT delete-archive-all-nodes-8

real	0m0.036s
user	0m0.006s
sys	0m0.000s
EVENT clean-all-nodes-8

real	0m1.539s
user	0m0.000s
sys	0m0.007s
EVENT create-archive-9

real	1m29.731s
user	0m15.577s
sys	0m12.357s
EVENT distribute-all-nodes-9

real	0m30.259s
user	0m0.000s
sys	0m0.007s
EVENT delete-archive-all-nodes-9

real	0m0.038s
user	0m0.000s
sys	0m0.007s
EVENT clean-all-nodes-9

real	0m1.810s
user	0m0.003s
sys	0m0.004s
EVENT create-archive-10

real	1m2.889s
user	0m16.703s
sys	0m11.663s
EVENT distribute-all-nodes-10

real	0m37.188s
user	0m0.000s
sys	0m0.007s
EVENT delete-archive-all-nodes-10

real	0m0.109s
user	0m0.007s
sys	0m0.000s
EVENT clean-all-nodes-10

real	0m1.934s
user	0m0.000s
sys	0m0.007s
SCRIPT entrypoint

#!/bin/bash
# flux-topology.sh

flux exec -r all flux module reload content purge-target-size=104857600 # 100mb
echo "MODULE STATS CONTENT"
flux module stats content | jq

# Print the overlay to show the topology
echo "NODES"
echo "6"
echo "TOPOLOGY diagram"
flux overlay status
echo "TOPOLOGY description"
echo "binomial"

# Go up to 10 sizes for now (matches container size)
for size in $(seq 1 10)
  do
    # Create the archive and time it
    echo "EVENT create-archive-${size}"
    time  flux archive create --name create-archive-${size} --dir /chonks ${size}gb.txt

    # Distribute to all nodes, but to /tmp because file exists in /chonks
    echo "EVENT distribute-all-nodes-${size}"
    time flux exec -r all -x 0  flux archive extract --name create-archive-${size} -C /tmp
    sleep 2

    echo "EVENT delete-archive-all-nodes-${size}"
    time flux exec -r all  flux archive remove --name create-archive-${size} 2>/dev/null
    sleep 2

    # Cleanup all archive on all nodes
    echo "EVENT clean-all-nodes-${size}"
    time flux exec -r all rm -rf /tmp/${size}gb.txt
    sleep 2
done

# Show self!
echo "SCRIPT entrypoint"
cat $0