ðŸŸ§ï¸  wait-fs: 2024/12/29 16:35:02 wait-fs.go:40: /mnt/flux/flux-operator-done.txt
ðŸŸ§ï¸  wait-fs: 2024/12/29 16:35:02 wait-fs.go:49: Found existing path /mnt/flux/flux-operator-done.txt

Hello user root

ðŸŒŸï¸ Curve Certificate
curve.cert
#   ****  Generated on 2023-04-26 22:54:42 by CZMQ  ****
#   ZeroMQ CURVE **Secret** Certificate
#   DO NOT PROVIDE THIS FILE TO OTHER USERS nor change its permissions.
    
metadata
    name = "flux-cert-generator"
    keygen.hostname = "flux-sample-0"
curve
    public-key = "wk^VV?.8H#xUsCh0vrmYNR*p>J8oiW*RmgWzhimt"
    secret-key = "L#LrtjDZ0Y=JDobAR+a3*:@RH=FAyF+<j-pQ[Y@I"

ðŸ“¦ Resources
flux R encode --hosts=flux-sample-[0-29] --local
{"version": 1, "execution": {"R_lite": [{"rank": "0-29", "children": {"core": "0-7"}}], "starttime": 0.0, "expiration": 0.0, "nodelist": ["flux-sample-[0-29]"]}}
ðŸ‘‹ Hello, I'm flux-sample-0
The main host is flux-sample-0
The working directory is /home/fluxuser, contents include:
ðŸš©ï¸ Flux Option Flags defined
Command provided is: /bin/bash /entrypoint.sh

ðŸŒ€ Launcher Mode: flux start -o --config /mnt/flux/view/etc/flux/config -Scron.directory=/etc/flux/system/cron.d   -Stbon.fanout=256   -Srundir=/mnt/flux/view/run/flux    -Sstatedir=/mnt/flux/view/var/lib/flux -Slocal-uri=local:///mnt/flux/view/run/flux/local -Stbon.connect_timeout=5s -Stbon.topo=kary:3    -Slog-stderr-level=6    -Slog-stderr-mode=local  
broker.info[0]: start: none->join 0.334067ms
broker.info[0]: parent-none: join->init 0.015621ms
cron.info[0]: synchronizing cron tasks to event heartbeat.pulse
job-manager.info[0]: restart: 0 jobs
job-manager.info[0]: restart: 0 running jobs
job-manager.info[0]: restart: checkpoint.job-manager not found
broker.info[0]: rc1.0: running /etc/flux/rc1.d/01-sched-fluxion
sched-fluxion-resource.info[0]: version 0.40.0-4-g3fb0b4e7
sched-fluxion-resource.warning[0]: create_reader: allowlist unsupported
sched-fluxion-resource.info[0]: populate_resource_db: loaded resources from core's resource.acquire
sched-fluxion-qmanager.info[0]: version 0.40.0-4-g3fb0b4e7
broker.info[0]: rc1.0: running /etc/flux/rc1.d/02-cron
broker.info[0]: rc1.0: /etc/flux/rc1 Exited (rc=0) 0.2s
broker.info[0]: rc1-success: init->quorum 0.223601s
broker.info[0]: online: flux-sample-0 (ranks 0)
broker.info[0]: online: flux-sample-[0-3] (ranks 0-3)
broker.info[0]: online: flux-sample-[0-29] (ranks 0-29)
broker.info[0]: quorum-full: quorum->run 5.78621s
MODULE STATS CONTENT
[1;39m{
  [0m[34;1m"count"[0m[1;39m: [0m[0;39m0[0m[1;39m,
  [0m[34;1m"valid"[0m[1;39m: [0m[0;39m0[0m[1;39m,
  [0m[34;1m"dirty"[0m[1;39m: [0m[0;39m0[0m[1;39m,
  [0m[34;1m"size"[0m[1;39m: [0m[0;39m0[0m[1;39m,
  [0m[34;1m"flush-batch-count"[0m[1;39m: [0m[0;39m0[0m[1;39m,
  [0m[34;1m"mmap"[0m[1;39m: [0m[1;39m{
    [0m[34;1m"tags"[0m[1;39m: [0m[1;39m{}[0m[1;39m,
    [0m[34;1m"blobs"[0m[1;39m: [0m[0;39m0[0m[1;39m
  [1;39m}[0m[1;39m
[1;39m}[0m
NODES
30
TOPOLOGY diagram
0 flux-sample-0: full
â”œâ”€ 1 flux-sample-1: full
â”‚  â”œâ”€ 4 flux-sample-4: full
â”‚  â”‚  â”œâ”€ 13 flux-sample-13: full
â”‚  â”‚  â”œâ”€ 14 flux-sample-14: full
â”‚  â”‚  â””â”€ 15 flux-sample-15: full
â”‚  â”œâ”€ 5 flux-sample-5: full
â”‚  â”‚  â”œâ”€ 16 flux-sample-16: full
â”‚  â”‚  â”œâ”€ 17 flux-sample-17: full
â”‚  â”‚  â””â”€ 18 flux-sample-18: full
â”‚  â””â”€ 6 flux-sample-6: full
â”‚     â”œâ”€ 19 flux-sample-19: full
â”‚     â”œâ”€ 20 flux-sample-20: full
â”‚     â””â”€ 21 flux-sample-21: full
â”œâ”€ 2 flux-sample-2: full
â”‚  â”œâ”€ 7 flux-sample-7: full
â”‚  â”‚  â”œâ”€ 22 flux-sample-22: full
â”‚  â”‚  â”œâ”€ 23 flux-sample-23: full
â”‚  â”‚  â””â”€ 24 flux-sample-24: full
â”‚  â”œâ”€ 8 flux-sample-8: full
â”‚  â”‚  â”œâ”€ 25 flux-sample-25: full
â”‚  â”‚  â”œâ”€ 26 flux-sample-26: full
â”‚  â”‚  â””â”€ 27 flux-sample-27: full
â”‚  â””â”€ 9 flux-sample-9: full
â”‚     â”œâ”€ 28 flux-sample-28: full
â”‚     â””â”€ 29 flux-sample-29: full
â””â”€ 3 flux-sample-3: full
   â”œâ”€ 10 flux-sample-10: full
   â”œâ”€ 11 flux-sample-11: full
   â””â”€ 12 flux-sample-12: full
TOPOLOGY description
kary:3
RANKS 30
EVENT flux-ping-broker-size-200-rank-0
flux-ping 0!broker
0!broker.ping pad=209715200 seq=0 time=8663.603 ms (cd4e6108!8e555db5!63a4131f)
EVENT flux-ping-kvs-size-200-rank-0
flux-ping 0!kvs
0!kvs.ping pad=209715200 seq=0 time=8691.782 ms (30c92f88!8e555db5!63a4131f!63a4131f)
EVENT flux-ping-broker-size-200-rank-2
flux-ping 2!broker
2!broker.ping pad=209715200 seq=0 time=10674.834 ms (1e79e0f7!8e555db5!63a4131f!e74758b5)
EVENT flux-ping-kvs-size-200-rank-2
flux-ping 2!kvs
2!kvs.ping pad=209715200 seq=0 time=10647.423 ms (feddec23!8e555db5!63a4131f!e74758b5!e74758b5)
EVENT flux-ping-broker-size-200-rank-4
flux-ping 4!broker
4!broker.ping pad=209715200 seq=0 time=12750.418 ms (9b37e35c!8e555db5!63a4131f!5dd75d6d!752bc3fe)
EVENT flux-ping-kvs-size-200-rank-4
flux-ping 4!kvs
4!kvs.ping pad=209715200 seq=0 time=12725.376 ms (6ed584d8!8e555db5!63a4131f!5dd75d6d!752bc3fe!752bc3fe)
EVENT flux-ping-broker-size-200-rank-6
flux-ping 6!broker
6!broker.ping pad=209715200 seq=0 time=12660.825 ms (ade666f9!8e555db5!63a4131f!5dd75d6d!54136b9f)
EVENT flux-ping-kvs-size-200-rank-6
flux-ping 6!kvs
6!kvs.ping pad=209715200 seq=0 time=12678.002 ms (32d9372b!8e555db5!63a4131f!5dd75d6d!54136b9f!54136b9f)
EVENT flux-ping-broker-size-200-rank-8
flux-ping 8!broker
8!broker.ping pad=209715200 seq=0 time=12674.955 ms (a5a69d53!8e555db5!63a4131f!e74758b5!125cf7d2)
EVENT flux-ping-kvs-size-200-rank-8
flux-ping 8!kvs
8!kvs.ping pad=209715200 seq=0 time=12721.505 ms (7d40404e!8e555db5!63a4131f!e74758b5!125cf7d2!125cf7d2)
EVENT flux-ping-broker-size-200-rank-10
flux-ping 10!broker
10!broker.ping pad=209715200 seq=0 time=12663.798 ms (b9fdcd65!8e555db5!63a4131f!da391990!ecfa642f)
EVENT flux-ping-kvs-size-200-rank-10
flux-ping 10!kvs
10!kvs.ping pad=209715200 seq=0 time=12663.445 ms (522d1900!8e555db5!63a4131f!da391990!ecfa642f!ecfa642f)
EVENT flux-ping-broker-size-200-rank-12
flux-ping 12!broker
12!broker.ping pad=209715200 seq=0 time=12869.417 ms (6dd43e5a!8e555db5!63a4131f!da391990!1e13c49d)
EVENT flux-ping-kvs-size-200-rank-12
flux-ping 12!kvs
12!kvs.ping pad=209715200 seq=0 time=12823.584 ms (4761d386!8e555db5!63a4131f!da391990!1e13c49d!1e13c49d)
EVENT flux-ping-broker-size-200-rank-14
flux-ping 14!broker
14!broker.ping pad=209715200 seq=0 time=14689.838 ms (1654e07a!8e555db5!63a4131f!5dd75d6d!752bc3fe!6d3874be)
EVENT flux-ping-kvs-size-200-rank-14
flux-ping 14!kvs
14!kvs.ping pad=209715200 seq=0 time=14692.073 ms (fea6091f!8e555db5!63a4131f!5dd75d6d!752bc3fe!6d3874be!6d3874be)
EVENT flux-ping-broker-size-200-rank-16
flux-ping 16!broker
16!broker.ping pad=209715200 seq=0 time=14753.436 ms (4a9e65f6!8e555db5!63a4131f!5dd75d6d!9670b69c!63867a28)
EVENT flux-ping-kvs-size-200-rank-16
flux-ping 16!kvs
16!kvs.ping pad=209715200 seq=0 time=14731.342 ms (d26f40e7!8e555db5!63a4131f!5dd75d6d!9670b69c!63867a28!63867a28)
EVENT flux-ping-broker-size-200-rank-18
flux-ping 18!broker
18!broker.ping pad=209715200 seq=0 time=14688.124 ms (806ca994!8e555db5!63a4131f!5dd75d6d!9670b69c!e5697177)
EVENT flux-ping-kvs-size-200-rank-18
flux-ping 18!kvs
18!kvs.ping pad=209715200 seq=0 time=14668.484 ms (d339d752!8e555db5!63a4131f!5dd75d6d!9670b69c!e5697177!e5697177)
EVENT flux-ping-broker-size-200-rank-20
flux-ping 20!broker
20!broker.ping pad=209715200 seq=0 time=14636.920 ms (df9204f4!8e555db5!63a4131f!5dd75d6d!54136b9f!501cd15c)
EVENT flux-ping-kvs-size-200-rank-20
flux-ping 20!kvs
20!kvs.ping pad=209715200 seq=0 time=14666.277 ms (6bc3037e!8e555db5!63a4131f!5dd75d6d!54136b9f!501cd15c!501cd15c)
EVENT flux-ping-broker-size-200-rank-22
flux-ping 22!broker
22!broker.ping pad=209715200 seq=0 time=14871.802 ms (f87fd2cc!8e555db5!63a4131f!e74758b5!3175b7c9!e4ec6d87)
EVENT flux-ping-kvs-size-200-rank-22
flux-ping 22!kvs
22!kvs.ping pad=209715200 seq=0 time=14805.528 ms (26fbce3c!8e555db5!63a4131f!e74758b5!3175b7c9!e4ec6d87!e4ec6d87)
EVENT flux-ping-broker-size-200-rank-24
flux-ping 24!broker
24!broker.ping pad=209715200 seq=0 time=14618.811 ms (641ca3db!8e555db5!63a4131f!e74758b5!3175b7c9!8c85cc16)
EVENT flux-ping-kvs-size-200-rank-24
flux-ping 24!kvs
24!kvs.ping pad=209715200 seq=0 time=14649.333 ms (badcef38!8e555db5!63a4131f!e74758b5!3175b7c9!8c85cc16!8c85cc16)
EVENT flux-ping-broker-size-200-rank-26
flux-ping 26!broker
26!broker.ping pad=209715200 seq=0 time=14768.235 ms (1af39290!8e555db5!63a4131f!e74758b5!125cf7d2!a58c4593)
EVENT flux-ping-kvs-size-200-rank-26
flux-ping 26!kvs
26!kvs.ping pad=209715200 seq=0 time=14740.991 ms (7125a416!8e555db5!63a4131f!e74758b5!125cf7d2!a58c4593!a58c4593)
EVENT flux-ping-broker-size-200-rank-28
flux-ping 28!broker
28!broker.ping pad=209715200 seq=0 time=14662.895 ms (abcf1b13!8e555db5!63a4131f!e74758b5!5a5129a5!1d79d206)
EVENT flux-ping-kvs-size-200-rank-28
flux-ping 28!kvs
28!kvs.ping pad=209715200 seq=0 time=14661.189 ms (5ea42149!8e555db5!63a4131f!e74758b5!5a5129a5!1d79d206!1d79d206)
SCRIPT entrypoint

#!/bin/bash
# flux-topology.sh

flux exec -r all flux module reload content purge-target-size=104857600 # 100mb
echo "MODULE STATS CONTENT"
flux module stats content | jq

# Print the overlay to show the topology
echo "NODES"
echo "30"
echo "TOPOLOGY diagram"
flux overlay status
echo "TOPOLOGY description"
echo "kary:3"

# Get the total size (number of children)
ranks=$(flux getattr size)
echo "RANKS ${ranks}"

# But we are testing this many...
nodes=30

# We start counting at 0
max_rank="$((nodes-1))"

# --pad
# Include in the payload a string of length *N* bytes. *N* may be a floating point number with optional multiplicative suffix (K,M,G). The payload will be echoed back in the response. This option can be used to explore the effect of message size on latency. Default: no padding.

# Limit is 2G
# flux-ping: flux-ping: pad: value 8192M too large (must be < 2G)

# target may be the name of a Flux service, e.g. "kvs". :program:`flux ping` will send a request to "kvs.ping". As a shorthand, target can include a rank or host prefix delimited by an exclamation point. :program:`flux ping 4!kvs` is equivalent to :option:`flux ping --rank 4 kvs` (see :option:`--rank` option below). Don't forget to quote the exclamation point if it is interpreted by your shell.

# As a shorthand, target may also simply be a rank or host by itself indicating that the broker on that rank/host, rather than a Flux service, is to be pinged. :command:`flux ping 1` is equivalent to :option:`flux ping --rank 1 broker`.
# Sizes 0, 200, 400, 600, 800, 1000 M

# Run flux ping for each of the kvs and broker, across all ranks (testing the topology) and message size 200MB
# We saw from early experiments that size does influence time, but for comparing topologies, not interesting
# (the pattern is the same across sizes)
size=200
for rank in $(seq 0 2 ${max_rank})
  do
    echo "EVENT flux-ping-broker-size-${size}-rank-${rank}"
    flux ping -c1 --pad=${size}M --rank ${rank} broker
    echo "EVENT flux-ping-kvs-size-${size}-rank-${rank}"
    flux ping -c1 --pad=${size}M --rank ${rank} kvs
done

# Show self!
echo "SCRIPT entrypoint"
cat $0broker.info[0]: rc2.0: /bin/bash /entrypoint.sh Exited (rc=0) 405.7s
broker.info[0]: rc2-success: run->cleanup 6.76107m
broker.info[0]: cleanup.0: flux queue stop --quiet --all --nocheckpoint Exited (rc=0) 0.1s
broker.info[0]: cleanup.1: flux resource acquire-mute Exited (rc=0) 0.1s
broker.info[0]: cleanup.2: flux cancel --user=all --quiet --states RUN Exited (rc=0) 0.1s
broker.info[0]: cleanup.3: flux queue idle --quiet Exited (rc=0) 0.1s
broker.info[0]: cleanup-success: cleanup->shutdown 0.37529s
broker.info[0]: children-complete: shutdown->finalize 0.16976s
broker.info[0]: rc3.0: running /etc/flux/rc3.d/01-sched-fluxion
kvs.err[0]: content_load_completion: content_load_get: No such file or directory
broker.err[0]: rc3.0: flux: Error committing finish event: No such file or directory
broker.err[0]: rc3.0: flux-content: content.flush: Function not implemented
content-sqlite.err[0]: unregister-backing: content backing store is not active: Invalid argument
broker.err[0]: rc3.0: /etc/flux/rc3 Exited (rc=1) 0.1s
broker.info[0]: rc3-fail: finalize->goodbye 0.115931s
broker.info[0]: goodbye: goodbye->exit 0.042482ms
