MODULE STATS CONTENT
[1;39m{
  [0m[1;34m"count"[0m[1;39m: [0m[0;39m0[0m[1;39m,
  [0m[1;34m"valid"[0m[1;39m: [0m[0;39m0[0m[1;39m,
  [0m[1;34m"dirty"[0m[1;39m: [0m[0;39m0[0m[1;39m,
  [0m[1;34m"size"[0m[1;39m: [0m[0;39m0[0m[1;39m,
  [0m[1;34m"flush-batch-count"[0m[1;39m: [0m[0;39m0[0m[1;39m,
  [0m[1;34m"mmap"[0m[1;39m: [0m[1;39m{
    [0m[1;34m"tags"[0m[1;39m: [0m[1;39m{}[0m[1;39m,
    [0m[1;34m"blobs"[0m[1;39m: [0m[0;39m0[0m[1;39m
  [1;39m}[0m[1;39m
[1;39m}[0m
NODES
6
TOPOLOGY diagram
0 flux-sample-0: full
├─ 1 flux-sample-1: full
├─ 2 flux-sample-2: full
│  └─ 3 flux-sample-3: full
└─ 4 flux-sample-4: full
   └─ 5 flux-sample-5: full
TOPOLOGY description
binomial
EVENT create-archive-1

real	0m9.259s
user	0m1.768s
sys	0m1.337s
EVENT distribute-all-nodes-1

real	0m1.948s
user	0m0.007s
sys	0m0.000s
EVENT delete-archive-all-nodes-1

real	0m0.019s
user	0m0.000s
sys	0m0.006s
EVENT clean-all-nodes-1

real	0m0.178s
user	0m0.000s
sys	0m0.006s
EVENT create-archive-2

real	0m19.258s
user	0m3.491s
sys	0m2.780s
EVENT distribute-all-nodes-2

real	0m3.852s
user	0m0.006s
sys	0m0.000s
EVENT delete-archive-all-nodes-2

real	0m0.020s
user	0m0.006s
sys	0m0.000s
EVENT clean-all-nodes-2

real	0m0.342s
user	0m0.000s
sys	0m0.006s
EVENT create-archive-3

real	0m29.361s
user	0m5.145s
sys	0m4.172s
EVENT distribute-all-nodes-3

real	0m5.569s
user	0m0.000s
sys	0m0.006s
EVENT delete-archive-all-nodes-3

real	0m0.024s
user	0m0.000s
sys	0m0.006s
EVENT clean-all-nodes-3

real	0m0.851s
user	0m0.000s
sys	0m0.006s
EVENT create-archive-4

real	0m39.424s
user	0m7.179s
sys	0m5.266s
EVENT distribute-all-nodes-4

real	0m7.687s
user	0m0.005s
sys	0m0.002s
EVENT delete-archive-all-nodes-4

real	0m0.027s
user	0m0.003s
sys	0m0.003s
EVENT clean-all-nodes-4

real	0m0.652s
user	0m0.006s
sys	0m0.000s
EVENT create-archive-5

real	0m49.652s
user	0m8.903s
sys	0m6.681s
EVENT distribute-all-nodes-5

real	0m9.516s
user	0m0.000s
sys	0m0.006s
EVENT delete-archive-all-nodes-5

real	0m0.029s
user	0m0.000s
sys	0m0.006s
EVENT clean-all-nodes-5

real	0m1.295s
user	0m0.002s
sys	0m0.004s
EVENT create-archive-6

real	0m59.852s
user	0m10.263s
sys	0m8.501s
EVENT distribute-all-nodes-6

real	0m12.664s
user	0m0.000s
sys	0m0.006s
EVENT delete-archive-all-nodes-6

real	0m0.031s
user	0m0.006s
sys	0m0.000s
EVENT clean-all-nodes-6

real	0m1.438s
user	0m0.003s
sys	0m0.003s
EVENT create-archive-7

real	1m10.476s
user	0m12.136s
sys	0m9.941s
EVENT distribute-all-nodes-7

real	0m18.005s
user	0m0.007s
sys	0m0.000s
EVENT delete-archive-all-nodes-7

real	0m0.034s
user	0m0.003s
sys	0m0.003s
EVENT clean-all-nodes-7

real	0m1.294s
user	0m0.003s
sys	0m0.003s
EVENT create-archive-8

real	1m20.127s
user	0m13.946s
sys	0m11.010s
EVENT distribute-all-nodes-8

real	0m23.513s
user	0m0.007s
sys	0m0.000s
EVENT delete-archive-all-nodes-8

real	0m0.036s
user	0m0.000s
sys	0m0.007s
EVENT clean-all-nodes-8

real	0m1.469s
user	0m0.000s
sys	0m0.007s
EVENT create-archive-9

real	1m30.456s
user	0m15.324s
sys	0m12.908s
EVENT distribute-all-nodes-9

real	0m30.005s
user	0m0.001s
sys	0m0.005s
EVENT delete-archive-all-nodes-9

real	0m0.038s
user	0m0.003s
sys	0m0.004s
EVENT clean-all-nodes-9

real	0m1.447s
user	0m0.000s
sys	0m0.007s
EVENT create-archive-10

real	1m2.404s
user	0m16.947s
sys	0m11.392s
EVENT distribute-all-nodes-10

real	0m37.241s
user	0m0.000s
sys	0m0.006s
EVENT delete-archive-all-nodes-10

real	0m0.204s
user	0m0.000s
sys	0m0.007s
EVENT clean-all-nodes-10

real	0m1.827s
user	0m0.007s
sys	0m0.000s
SCRIPT entrypoint

#!/bin/bash
# flux-topology.sh

flux exec -r all flux module reload content purge-target-size=104857600 # 100mb
echo "MODULE STATS CONTENT"
flux module stats content | jq

# Print the overlay to show the topology
echo "NODES"
echo "6"
echo "TOPOLOGY diagram"
flux overlay status
echo "TOPOLOGY description"
echo "binomial"

# Go up to 10 sizes for now (matches container size)
for size in $(seq 1 10)
  do
    # Create the archive and time it
    echo "EVENT create-archive-${size}"
    time  flux archive create --name create-archive-${size} --dir /chonks ${size}gb.txt

    # Distribute to all nodes, but to /tmp because file exists in /chonks
    echo "EVENT distribute-all-nodes-${size}"
    time flux exec -r all -x 0  flux archive extract --name create-archive-${size} -C /tmp
    sleep 2

    echo "EVENT delete-archive-all-nodes-${size}"
    time flux exec -r all  flux archive remove --name create-archive-${size} 2>/dev/null
    sleep 2

    # Cleanup all archive on all nodes
    echo "EVENT clean-all-nodes-${size}"
    time flux exec -r all rm -rf /tmp/${size}gb.txt
    sleep 2
done

# Show self!
echo "SCRIPT entrypoint"
cat $0