MODULE STATS CONTENT
[1;39m{
  [0m[1;34m"count"[0m[1;39m: [0m[0;39m0[0m[1;39m,
  [0m[1;34m"valid"[0m[1;39m: [0m[0;39m0[0m[1;39m,
  [0m[1;34m"dirty"[0m[1;39m: [0m[0;39m0[0m[1;39m,
  [0m[1;34m"size"[0m[1;39m: [0m[0;39m0[0m[1;39m,
  [0m[1;34m"flush-batch-count"[0m[1;39m: [0m[0;39m0[0m[1;39m,
  [0m[1;34m"mmap"[0m[1;39m: [0m[1;39m{
    [0m[1;34m"tags"[0m[1;39m: [0m[1;39m{}[0m[1;39m,
    [0m[1;34m"blobs"[0m[1;39m: [0m[0;39m0[0m[1;39m
  [1;39m}[0m[1;39m
[1;39m}[0m
NODES
6
TOPOLOGY diagram
0 flux-sample-0: full
└─ 1 flux-sample-1: full
   └─ 2 flux-sample-2: full
      └─ 3 flux-sample-3: full
         └─ 4 flux-sample-4: full
            └─ 5 flux-sample-5: full
TOPOLOGY description
kary:1
EVENT create-archive-1

real	0m9.167s
user	0m1.723s
sys	0m1.347s
EVENT distribute-all-nodes-1

real	0m1.935s
user	0m0.000s
sys	0m0.006s
EVENT delete-archive-all-nodes-1

real	0m0.027s
user	0m0.000s
sys	0m0.007s
EVENT clean-all-nodes-1

real	0m0.191s
user	0m0.000s
sys	0m0.006s
EVENT create-archive-2

real	0m19.275s
user	0m3.421s
sys	0m2.710s
EVENT distribute-all-nodes-2

real	0m3.980s
user	0m0.000s
sys	0m0.006s
EVENT delete-archive-all-nodes-2

real	0m0.026s
user	0m0.004s
sys	0m0.003s
EVENT clean-all-nodes-2

real	0m0.418s
user	0m0.004s
sys	0m0.004s
EVENT create-archive-3

real	0m29.268s
user	0m5.462s
sys	0m3.790s
EVENT distribute-all-nodes-3

real	0m6.021s
user	0m0.007s
sys	0m0.000s
EVENT delete-archive-all-nodes-3

real	0m0.027s
user	0m0.000s
sys	0m0.007s
EVENT clean-all-nodes-3

real	0m0.522s
user	0m0.000s
sys	0m0.007s
EVENT create-archive-4

real	0m39.398s
user	0m6.863s
sys	0m5.406s
EVENT distribute-all-nodes-4

real	0m7.542s
user	0m0.006s
sys	0m0.000s
EVENT delete-archive-all-nodes-4

real	0m0.027s
user	0m0.002s
sys	0m0.005s
EVENT clean-all-nodes-4

real	0m0.685s
user	0m0.007s
sys	0m0.000s
EVENT create-archive-5

real	0m49.573s
user	0m8.653s
sys	0m6.955s
EVENT distribute-all-nodes-5

real	0m9.401s
user	0m0.000s
sys	0m0.006s
EVENT delete-archive-all-nodes-5

real	0m0.032s
user	0m0.003s
sys	0m0.003s
EVENT clean-all-nodes-5

real	0m1.106s
user	0m0.000s
sys	0m0.007s
EVENT create-archive-6

real	0m59.494s
user	0m10.370s
sys	0m8.323s
EVENT distribute-all-nodes-6

real	0m11.872s
user	0m0.007s
sys	0m0.000s
EVENT delete-archive-all-nodes-6

real	0m0.039s
user	0m0.000s
sys	0m0.007s
EVENT clean-all-nodes-6

real	0m1.328s
user	0m0.000s
sys	0m0.007s
EVENT create-archive-7

real	1m9.940s
user	0m12.046s
sys	0m9.657s
EVENT distribute-all-nodes-7

real	0m17.328s
user	0m0.000s
sys	0m0.007s
EVENT delete-archive-all-nodes-7

real	0m0.041s
user	0m0.006s
sys	0m0.000s
EVENT clean-all-nodes-7

real	0m1.468s
user	0m0.000s
sys	0m0.007s
EVENT create-archive-8

real	1m20.069s
user	0m13.876s
sys	0m10.947s
EVENT distribute-all-nodes-8

real	0m23.363s
user	0m0.006s
sys	0m0.000s
EVENT delete-archive-all-nodes-8

real	0m0.047s
user	0m0.003s
sys	0m0.004s
EVENT clean-all-nodes-8

real	0m1.517s
user	0m0.000s
sys	0m0.007s
EVENT create-archive-9

real	1m11.385s
user	0m15.301s
sys	0m11.617s
EVENT distribute-all-nodes-9

real	0m29.964s
user	0m0.000s
sys	0m0.007s
EVENT delete-archive-all-nodes-9

real	0m0.050s
user	0m0.000s
sys	0m0.007s
EVENT clean-all-nodes-9

real	0m1.484s
user	0m0.003s
sys	0m0.004s
EVENT create-archive-10

real	1m12.516s
user	0m17.114s
sys	0m14.321s
EVENT distribute-all-nodes-10

real	0m37.311s
user	0m0.007s
sys	0m0.000s
EVENT delete-archive-all-nodes-10

real	0m0.053s
user	0m0.000s
sys	0m0.007s
EVENT clean-all-nodes-10

real	0m1.525s
user	0m0.006s
sys	0m0.000s
SCRIPT entrypoint

#!/bin/bash
# flux-topology.sh

flux exec -r all flux module reload content purge-target-size=104857600 # 100mb
echo "MODULE STATS CONTENT"
flux module stats content | jq

# Print the overlay to show the topology
echo "NODES"
echo "6"
echo "TOPOLOGY diagram"
flux overlay status
echo "TOPOLOGY description"
echo "kary:1"

# Go up to 10 sizes for now (matches container size)
for size in $(seq 1 10)
  do
    # Create the archive and time it
    echo "EVENT create-archive-${size}"
    time  flux archive create --name create-archive-${size} --dir /chonks ${size}gb.txt

    # Distribute to all nodes, but to /tmp because file exists in /chonks
    echo "EVENT distribute-all-nodes-${size}"
    time flux exec -r all -x 0  flux archive extract --name create-archive-${size} -C /tmp
    sleep 2

    echo "EVENT delete-archive-all-nodes-${size}"
    time flux exec -r all  flux archive remove --name create-archive-${size} 2>/dev/null
    sleep 2

    # Cleanup all archive on all nodes
    echo "EVENT clean-all-nodes-${size}"
    time flux exec -r all rm -rf /tmp/${size}gb.txt
    sleep 2
done

# Show self!
echo "SCRIPT entrypoint"
cat $0