MODULE STATS CONTENT
[1;39m{
  [0m[1;34m"count"[0m[1;39m: [0m[0;39m0[0m[1;39m,
  [0m[1;34m"valid"[0m[1;39m: [0m[0;39m0[0m[1;39m,
  [0m[1;34m"dirty"[0m[1;39m: [0m[0;39m0[0m[1;39m,
  [0m[1;34m"size"[0m[1;39m: [0m[0;39m0[0m[1;39m,
  [0m[1;34m"flush-batch-count"[0m[1;39m: [0m[0;39m0[0m[1;39m,
  [0m[1;34m"mmap"[0m[1;39m: [0m[1;39m{
    [0m[1;34m"tags"[0m[1;39m: [0m[1;39m{}[0m[1;39m,
    [0m[1;34m"blobs"[0m[1;39m: [0m[0;39m0[0m[1;39m
  [1;39m}[0m[1;39m
[1;39m}[0m
NODES
30
TOPOLOGY diagram
0 flux-sample-0: full
├─ 1 flux-sample-1: full
│  ├─ 4 flux-sample-4: full
│  │  ├─ 13 flux-sample-13: full
│  │  ├─ 14 flux-sample-14: full
│  │  └─ 15 flux-sample-15: full
│  ├─ 5 flux-sample-5: full
│  │  ├─ 16 flux-sample-16: full
│  │  ├─ 17 flux-sample-17: full
│  │  └─ 18 flux-sample-18: full
│  └─ 6 flux-sample-6: full
│     ├─ 19 flux-sample-19: full
│     ├─ 20 flux-sample-20: full
│     └─ 21 flux-sample-21: full
├─ 2 flux-sample-2: full
│  ├─ 7 flux-sample-7: full
│  │  ├─ 22 flux-sample-22: full
│  │  ├─ 23 flux-sample-23: full
│  │  └─ 24 flux-sample-24: full
│  ├─ 8 flux-sample-8: full
│  │  ├─ 25 flux-sample-25: full
│  │  ├─ 26 flux-sample-26: full
│  │  └─ 27 flux-sample-27: full
│  └─ 9 flux-sample-9: full
│     ├─ 28 flux-sample-28: full
│     └─ 29 flux-sample-29: full
└─ 3 flux-sample-3: full
   ├─ 10 flux-sample-10: full
   ├─ 11 flux-sample-11: full
   └─ 12 flux-sample-12: full
TOPOLOGY description
kary:3
EVENT create-archive-1

real	0m9.089s
user	0m1.728s
sys	0m1.346s
EVENT distribute-all-nodes-1

real	0m1.988s
user	0m0.000s
sys	0m0.010s
EVENT delete-archive-all-nodes-1

real	0m0.022s
user	0m0.007s
sys	0m0.004s
EVENT clean-all-nodes-1

real	0m0.186s
user	0m0.000s
sys	0m0.010s
EVENT create-archive-2

real	0m19.325s
user	0m3.477s
sys	0m2.750s
EVENT distribute-all-nodes-2

real	0m4.044s
user	0m0.007s
sys	0m0.004s
EVENT delete-archive-all-nodes-2

real	0m0.021s
user	0m0.005s
sys	0m0.005s
EVENT clean-all-nodes-2

real	0m0.481s
user	0m0.005s
sys	0m0.005s
EVENT create-archive-3

real	0m29.521s
user	0m5.030s
sys	0m4.325s
EVENT distribute-all-nodes-3

real	0m7.529s
user	0m0.005s
sys	0m0.006s
EVENT delete-archive-all-nodes-3

real	0m0.026s
user	0m0.000s
sys	0m0.010s
EVENT clean-all-nodes-3

real	0m0.987s
user	0m0.000s
sys	0m0.011s
EVENT create-archive-4

real	0m39.447s
user	0m6.915s
sys	0m5.411s
EVENT distribute-all-nodes-4

real	0m7.916s
user	0m0.007s
sys	0m0.004s
EVENT delete-archive-all-nodes-4

real	0m0.028s
user	0m0.005s
sys	0m0.005s
EVENT clean-all-nodes-4

real	0m0.748s
user	0m0.011s
sys	0m0.000s
EVENT create-archive-5

real	0m49.587s
user	0m8.570s
sys	0m6.979s
EVENT distribute-all-nodes-5

real	0m9.559s
user	0m0.006s
sys	0m0.006s
EVENT delete-archive-all-nodes-5

real	0m0.034s
user	0m0.000s
sys	0m0.010s
EVENT clean-all-nodes-5

real	0m1.223s
user	0m0.000s
sys	0m0.011s
EVENT create-archive-6

real	0m59.879s
user	0m10.616s
sys	0m8.120s
EVENT distribute-all-nodes-6

real	0m12.096s
user	0m0.000s
sys	0m0.011s
EVENT delete-archive-all-nodes-6

real	0m0.037s
user	0m0.010s
sys	0m0.000s
EVENT clean-all-nodes-6

real	0m1.471s
user	0m0.000s
sys	0m0.011s
EVENT create-archive-7

real	1m10.090s
user	0m12.094s
sys	0m9.768s
EVENT distribute-all-nodes-7

real	0m17.424s
user	0m0.011s
sys	0m0.000s
EVENT delete-archive-all-nodes-7

real	0m0.039s
user	0m0.000s
sys	0m0.010s
EVENT clean-all-nodes-7

real	0m1.595s
user	0m0.005s
sys	0m0.005s
EVENT create-archive-8

real	1m20.049s
user	0m13.576s
sys	0m11.287s
EVENT distribute-all-nodes-8

real	0m23.607s
user	0m0.000s
sys	0m0.011s
EVENT delete-archive-all-nodes-8

real	0m0.041s
user	0m0.003s
sys	0m0.006s
EVENT clean-all-nodes-8

real	0m1.760s
user	0m0.007s
sys	0m0.004s
EVENT create-archive-9

real	1m30.323s
user	0m15.511s
sys	0m12.525s
EVENT distribute-all-nodes-9

real	0m29.933s
user	0m0.012s
sys	0m0.000s
EVENT delete-archive-all-nodes-9

real	0m0.044s
user	0m0.000s
sys	0m0.010s
EVENT clean-all-nodes-9

real	0m1.882s
user	0m0.003s
sys	0m0.008s
EVENT create-archive-10

real	1m3.414s
user	0m16.754s
sys	0m11.852s
EVENT distribute-all-nodes-10

real	0m38.001s
user	0m0.004s
sys	0m0.008s
EVENT delete-archive-all-nodes-10

real	0m0.223s
user	0m0.006s
sys	0m0.006s
EVENT clean-all-nodes-10

real	0m1.861s
user	0m0.000s
sys	0m0.011s
SCRIPT entrypoint

#!/bin/bash
# flux-topology.sh

flux exec -r all flux module reload content purge-target-size=104857600 # 100mb
echo "MODULE STATS CONTENT"
flux module stats content | jq

# Print the overlay to show the topology
echo "NODES"
echo "30"
echo "TOPOLOGY diagram"
flux overlay status
echo "TOPOLOGY description"
echo "kary:3"

# Go up to 10 sizes for now (matches container size)
for size in $(seq 1 10)
  do
    # Create the archive and time it
    echo "EVENT create-archive-${size}"
    time  flux archive create --name create-archive-${size} --dir /chonks ${size}gb.txt

    # Distribute to all nodes, but to /tmp because file exists in /chonks
    echo "EVENT distribute-all-nodes-${size}"
    time flux exec -r all -x 0  flux archive extract --name create-archive-${size} -C /tmp
    sleep 2

    echo "EVENT delete-archive-all-nodes-${size}"
    time flux exec -r all  flux archive remove --name create-archive-${size} 2>/dev/null
    sleep 2

    # Cleanup all archive on all nodes
    echo "EVENT clean-all-nodes-${size}"
    time flux exec -r all rm -rf /tmp/${size}gb.txt
    sleep 2
done

# Show self!
echo "SCRIPT entrypoint"
cat $0