Collecting Jinja2
  Obtaining dependency information for Jinja2 from https://files.pythonhosted.org/packages/31/80/3a54838c3fb461f6fec263ebf3a3a41771bd05190238de3486aae8540c36/jinja2-3.1.4-py3-none-any.whl.metadata
  Downloading jinja2-3.1.4-py3-none-any.whl.metadata (2.6 kB)
Collecting MarkupSafe>=2.0 (from Jinja2)
  Obtaining dependency information for MarkupSafe>=2.0 from https://files.pythonhosted.org/packages/53/8f/f339c98a178f3c1e545622206b40986a4c3307fe39f70ccd3d9df9a9e425/MarkupSafe-3.0.2-cp39-cp39-manylinux_2_17_x86_64.manylinux2014_x86_64.whl.metadata
  Downloading MarkupSafe-3.0.2-cp39-cp39-manylinux_2_17_x86_64.manylinux2014_x86_64.whl.metadata (4.0 kB)
Downloading jinja2-3.1.4-py3-none-any.whl (133 kB)
[?25l   [90mâ”â”â”â”â”â”â”â”â”â”â”â”â”â”â”â”â”â”â”â”â”â”â”â”â”â”â”â”â”â”â”â”â”â”â”â”â”â”â”â”[0m [32m0.0/133.3 kB[0m [31m?[0m eta [36m-:--:--[0m[2K   [91mâ”â”â”â”â”â”â”â”â”â”â”â”â”â”â”â”â”â”â”â”â”â”â”â”â”â”â”[0m[91mâ•¸[0m[90mâ”â”â”â”â”â”â”â”â”â”â”â”[0m [32m92.2/133.3 kB[0m [31m2.5 MB/s[0m eta [36m0:00:01[0m[2K   [90mâ”â”â”â”â”â”â”â”â”â”â”â”â”â”â”â”â”â”â”â”â”â”â”â”â”â”â”â”â”â”â”â”â”â”â”â”â”â”â”â”[0m [32m133.3/133.3 kB[0m [31m3.2 MB/s[0m eta [36m0:00:00[0m
[?25hDownloading MarkupSafe-3.0.2-cp39-cp39-manylinux_2_17_x86_64.manylinux2014_x86_64.whl (20 kB)
Installing collected packages: MarkupSafe, Jinja2
Successfully installed Jinja2-3.1.4 MarkupSafe-3.0.2
[33mWARNING: Running pip as the 'root' user can result in broken permissions and conflicting behaviour with the system package manager. It is recommended to use a virtual environment instead: https://pip.pypa.io/warnings/venv[0m[33m
[0m
[1m[[0m[34;49mnotice[0m[1;39;49m][0m[39;49m A new release of pip is available: [0m[31;49m23.2.1[0m[39;49m -> [0m[32;49m24.3.1[0m
[1m[[0m[34;49mnotice[0m[1;39;49m][0m[39;49m To update, run: [0m[32;49mpython3 -m pip install --upgrade pip[0m
NODES
4
TOPOLOGY diagram
0 flux-sample-0: full
â”œâ”€ 1 flux-sample-1: full
â”‚  â””â”€ 3 flux-sample-3: full
â””â”€ 2 flux-sample-2: full
TOPOLOGY description
kary:2
EVENT create-archive-1

real	0m4.051s
user	0m1.457s
sys	0m1.195s
EVENT distribute-all-nodes-1

real	0m3.383s
user	0m0.002s
sys	0m0.008s
EVENT clean-all-nodes-1

real	0m0.349s
user	0m0.000s
sys	0m0.010s
EVENT delete-archive-all-nodes-1

real	0m0.024s
user	0m0.003s
sys	0m0.007s
EVENT create-leaf-nodes-1

real	0m4.017s
user	0m1.460s
sys	0m1.210s
EVENT distribute-leaf-nodes-1

real	0m2.670s
user	0m0.001s
sys	0m0.008s
EVENT clean-leaf-nodes-1

real	0m0.312s
user	0m0.001s
sys	0m0.008s
EVENT delete-archive-leaf-nodes-1

real	0m0.024s
user	0m0.001s
sys	0m0.008s
EVENT create-middle-nodes-1

real	0m4.028s
user	0m1.440s
sys	0m1.228s
EVENT distribute-middle-nodes-0-1

real	0m2.697s
user	0m0.000s
sys	0m0.009s
EVENT distribute-middle-nodes-1-1

real	0m2.675s
user	0m0.000s
sys	0m0.009s
EVENT clean-middle-nodes-1

real	0m0.310s
user	0m0.002s
sys	0m0.008s
EVENT delete-archive-middle-nodes-1

real	0m0.024s
user	0m0.001s
sys	0m0.009s
EVENT create-archive-2

real	0m7.812s
user	0m2.924s
sys	0m2.264s
EVENT distribute-all-nodes-2

real	0m5.353s
user	0m0.003s
sys	0m0.007s
EVENT clean-all-nodes-2

real	0m0.609s
user	0m0.001s
sys	0m0.009s
EVENT delete-archive-all-nodes-2

real	0m0.029s
user	0m0.001s
sys	0m0.009s
EVENT create-leaf-nodes-2

real	0m7.747s
user	0m2.922s
sys	0m2.212s
EVENT distribute-leaf-nodes-2

real	0m5.110s
user	0m0.002s
sys	0m0.007s
EVENT clean-leaf-nodes-2

real	0m0.586s
user	0m0.003s
sys	0m0.007s
EVENT delete-archive-leaf-nodes-2

real	0m0.029s
user	0m0.001s
sys	0m0.009s
EVENT create-middle-nodes-2

real	0m7.868s
user	0m2.953s
sys	0m2.316s
EVENT distribute-middle-nodes-0-2

real	0m5.186s
user	0m0.001s
sys	0m0.009s
EVENT distribute-middle-nodes-1-2

real	0m5.227s
user	0m0.001s
sys	0m0.008s
EVENT clean-middle-nodes-2

real	0m0.805s
user	0m0.000s
sys	0m0.010s
EVENT delete-archive-middle-nodes-2

real	0m0.029s
user	0m0.002s
sys	0m0.008s
SCRIPT entrypoint

#!/bin/bash
# flux-topology.sh

# Print the overlay to show the topology
echo "NODES"
echo "4"
echo "TOPOLOGY diagram"
flux overlay status
echo "TOPOLOGY description"
echo "kary:2"

# Go up to 10 sizes for now (matches container size)
for size in $(seq 1 2)
  do
    # Create the archive and time it
    echo "EVENT create-archive-${size}"
    time flux archive create --name create-archive-${size} --dir /chonks ${size}gb.txt

    # Distribute to all nodes, but to /tmp because file exists in /chonks
    echo "EVENT distribute-all-nodes-${size}"
    time flux exec -r all -x 0 flux archive extract --name create-archive-${size} -C /tmp

    # Cleanup all archive on all nodes
    echo "EVENT clean-all-nodes-${size}"
    time flux exec -r all rm -rf /tmp/${size}gb.txt

    echo "EVENT delete-archive-all-nodes-${size}"
    time flux exec -r all flux archive remove --name create-archive-${size} 2>/dev/null

    # Next, do the same for the root node (level 0) to the deepest level (leaves)
    echo "EVENT create-leaf-nodes-${size}"
    time flux archive create --name create-archive-leaves-${size} --dir /chonks ${size}gb.txt
    echo "EVENT distribute-leaf-nodes-${size}"
    time flux exec -r 3 -x 0 flux archive extract --name create-archive-leaves-${size} -C /tmp
    # Cleanup again    
    echo "EVENT clean-leaf-nodes-${size}"
    time flux exec -r all rm -rf /tmp/${size}gb.txt
    echo "EVENT delete-archive-leaf-nodes-${size}"
    time flux exec -r all flux archive remove --name create-archive-leaves-${size} 2>/dev/null

    # Finally, get the middle node and distribute to middle level first, then middle to last
    echo "EVENT create-middle-nodes-${size}"
    time flux archive create --name create-archive-middle-${size} --dir /chonks ${size}gb.txt
    echo "EVENT distribute-middle-nodes-0-${size}"
    time flux exec -r 1,2 -x 0 flux archive extract --name create-archive-middle-${size} -C /tmp
    echo "EVENT distribute-middle-nodes-1-${size}"
    time flux exec -r 3 -x 0 flux archive extract --name create-archive-middle-${size} -C /tmp
    echo "EVENT clean-middle-nodes-${size}"
    time flux exec -r all rm -rf /tmp/${size}gb.txt
    echo "EVENT delete-archive-middle-nodes-${size}"
    time flux exec -r all flux archive remove --name create-archive-middle-${size} 2>/dev/null
done

# Show self!
echo "SCRIPT entrypoint"
cat $0