MODULE STATS CONTENT
[1;39m{
  [0m[1;34m"count"[0m[1;39m: [0m[0;39m0[0m[1;39m,
  [0m[1;34m"valid"[0m[1;39m: [0m[0;39m0[0m[1;39m,
  [0m[1;34m"dirty"[0m[1;39m: [0m[0;39m0[0m[1;39m,
  [0m[1;34m"size"[0m[1;39m: [0m[0;39m0[0m[1;39m,
  [0m[1;34m"flush-batch-count"[0m[1;39m: [0m[0;39m0[0m[1;39m,
  [0m[1;34m"mmap"[0m[1;39m: [0m[1;39m{
    [0m[1;34m"tags"[0m[1;39m: [0m[1;39m{}[0m[1;39m,
    [0m[1;34m"blobs"[0m[1;39m: [0m[0;39m0[0m[1;39m
  [1;39m}[0m[1;39m
[1;39m}[0m
NODES
6
TOPOLOGY diagram
0 flux-sample-0: full
├─ 1 flux-sample-1: full
│  ├─ 3 flux-sample-3: full
│  └─ 4 flux-sample-4: full
└─ 2 flux-sample-2: full
   └─ 5 flux-sample-5: full
TOPOLOGY description
kary:2
EVENT create-archive-1

real	0m9.090s
user	0m1.562s
sys	0m1.514s
EVENT distribute-all-nodes-1

real	0m2.269s
user	0m0.006s
sys	0m0.000s
EVENT delete-archive-all-nodes-1

real	0m0.019s
user	0m0.000s
sys	0m0.007s
EVENT clean-all-nodes-1

real	0m0.343s
user	0m0.000s
sys	0m0.006s
EVENT create-archive-2

real	0m19.192s
user	0m3.390s
sys	0m2.821s
EVENT distribute-all-nodes-2

real	0m4.347s
user	0m0.000s
sys	0m0.006s
EVENT delete-archive-all-nodes-2

real	0m0.025s
user	0m0.006s
sys	0m0.000s
EVENT clean-all-nodes-2

real	0m0.587s
user	0m0.003s
sys	0m0.003s
EVENT create-archive-3

real	0m29.221s
user	0m5.095s
sys	0m4.108s
EVENT distribute-all-nodes-3

real	0m6.237s
user	0m0.000s
sys	0m0.006s
EVENT delete-archive-all-nodes-3

real	0m0.025s
user	0m0.002s
sys	0m0.004s
EVENT clean-all-nodes-3

real	0m0.516s
user	0m0.000s
sys	0m0.007s
EVENT create-archive-4

real	0m39.447s
user	0m6.924s
sys	0m5.418s
EVENT distribute-all-nodes-4

real	0m8.087s
user	0m0.007s
sys	0m0.000s
EVENT delete-archive-all-nodes-4

real	0m0.027s
user	0m0.006s
sys	0m0.000s
EVENT clean-all-nodes-4

real	0m0.660s
user	0m0.007s
sys	0m0.000s
EVENT create-archive-5

real	0m49.548s
user	0m8.571s
sys	0m6.948s
EVENT distribute-all-nodes-5

real	0m9.831s
user	0m0.003s
sys	0m0.003s
EVENT delete-archive-all-nodes-5

real	0m0.030s
user	0m0.000s
sys	0m0.006s
EVENT clean-all-nodes-5

real	0m1.094s
user	0m0.000s
sys	0m0.006s
EVENT create-archive-6

real	0m59.701s
user	0m10.469s
sys	0m8.274s
EVENT distribute-all-nodes-6

real	0m11.731s
user	0m0.000s
sys	0m0.006s
EVENT delete-archive-all-nodes-6

real	0m0.032s
user	0m0.004s
sys	0m0.003s
EVENT clean-all-nodes-6

real	0m1.398s
user	0m0.000s
sys	0m0.007s
EVENT create-archive-7

real	1m9.978s
user	0m12.115s
sys	0m9.588s
EVENT distribute-all-nodes-7

real	0m17.216s
user	0m0.006s
sys	0m0.000s
EVENT delete-archive-all-nodes-7

real	0m0.034s
user	0m0.000s
sys	0m0.006s
EVENT clean-all-nodes-7

real	0m1.297s
user	0m0.007s
sys	0m0.000s
EVENT create-archive-8

real	1m19.843s
user	0m13.652s
sys	0m10.887s
EVENT distribute-all-nodes-8

real	0m23.249s
user	0m0.000s
sys	0m0.006s
EVENT delete-archive-all-nodes-8

real	0m0.036s
user	0m0.003s
sys	0m0.004s
EVENT clean-all-nodes-8

real	0m1.363s
user	0m0.000s
sys	0m0.007s
EVENT create-archive-9

real	1m30.039s
user	0m15.172s
sys	0m13.175s
EVENT distribute-all-nodes-9

real	0m29.770s
user	0m0.003s
sys	0m0.004s
EVENT delete-archive-all-nodes-9

real	0m0.038s
user	0m0.000s
sys	0m0.007s
EVENT clean-all-nodes-9

real	0m1.895s
user	0m0.000s
sys	0m0.007s
EVENT create-archive-10

real	1m39.642s
user	0m16.727s
sys	0m17.455s
EVENT distribute-all-nodes-10

real	0m37.133s
user	0m0.006s
sys	0m0.000s
EVENT delete-archive-all-nodes-10

real	0m0.065s
user	0m0.003s
sys	0m0.003s
EVENT clean-all-nodes-10

real	0m1.855s
user	0m0.003s
sys	0m0.004s
SCRIPT entrypoint

#!/bin/bash
# flux-topology.sh

flux exec -r all flux module reload content purge-target-size=104857600 # 100mb
echo "MODULE STATS CONTENT"
flux module stats content | jq

# Print the overlay to show the topology
echo "NODES"
echo "6"
echo "TOPOLOGY diagram"
flux overlay status
echo "TOPOLOGY description"
echo "kary:2"

# Go up to 10 sizes for now (matches container size)
for size in $(seq 1 10)
  do
    # Create the archive and time it
    echo "EVENT create-archive-${size}"
    time  flux archive create --name create-archive-${size} --dir /chonks ${size}gb.txt

    # Distribute to all nodes, but to /tmp because file exists in /chonks
    echo "EVENT distribute-all-nodes-${size}"
    time flux exec -r all -x 0  flux archive extract --name create-archive-${size} -C /tmp
    sleep 2

    echo "EVENT delete-archive-all-nodes-${size}"
    time flux exec -r all  flux archive remove --name create-archive-${size} 2>/dev/null
    sleep 2

    # Cleanup all archive on all nodes
    echo "EVENT clean-all-nodes-${size}"
    time flux exec -r all rm -rf /tmp/${size}gb.txt
    sleep 2
done

# Show self!
echo "SCRIPT entrypoint"
cat $0