ðŸŸ§ï¸  wait-fs: 2024/12/29 16:27:15 wait-fs.go:40: /mnt/flux/flux-operator-done.txt
ðŸŸ§ï¸  wait-fs: 2024/12/29 16:27:15 wait-fs.go:49: Found existing path /mnt/flux/flux-operator-done.txt

Hello user root

ðŸŒŸï¸ Curve Certificate
curve.cert
#   ****  Generated on 2023-04-26 22:54:42 by CZMQ  ****
#   ZeroMQ CURVE **Secret** Certificate
#   DO NOT PROVIDE THIS FILE TO OTHER USERS nor change its permissions.
    
metadata
    name = "flux-cert-generator"
    keygen.hostname = "flux-sample-0"
curve
    public-key = "NuczeL1}bWbrQtO4FM!K5{6q2Sj#0yzsxy/39mGj"
    secret-key = "h]T?/+ogo?{=AP]MiE1UPFJ:2f-[2Mc/s=QuEl-C"

ðŸ“¦ Resources
flux R encode --hosts=flux-sample-[0-29] --local
{"version": 1, "execution": {"R_lite": [{"rank": "0-29", "children": {"core": "0-7"}}], "starttime": 0.0, "expiration": 0.0, "nodelist": ["flux-sample-[0-29]"]}}
ðŸ‘‹ Hello, I'm flux-sample-0
The main host is flux-sample-0
The working directory is /home/fluxuser, contents include:
ðŸš©ï¸ Flux Option Flags defined
Command provided is: /bin/bash /entrypoint.sh

ðŸŒ€ Launcher Mode: flux start -o --config /mnt/flux/view/etc/flux/config -Scron.directory=/etc/flux/system/cron.d   -Stbon.fanout=256   -Srundir=/mnt/flux/view/run/flux    -Sstatedir=/mnt/flux/view/var/lib/flux -Slocal-uri=local:///mnt/flux/view/run/flux/local -Stbon.connect_timeout=5s -Stbon.topo=kary:2    -Slog-stderr-level=6    -Slog-stderr-mode=local  
broker.info[0]: start: none->join 0.338309ms
broker.info[0]: parent-none: join->init 0.01447ms
cron.info[0]: synchronizing cron tasks to event heartbeat.pulse
job-manager.info[0]: restart: 0 jobs
job-manager.info[0]: restart: 0 running jobs
job-manager.info[0]: restart: checkpoint.job-manager not found
broker.info[0]: rc1.0: running /etc/flux/rc1.d/01-sched-fluxion
sched-fluxion-resource.info[0]: version 0.40.0-4-g3fb0b4e7
sched-fluxion-resource.warning[0]: create_reader: allowlist unsupported
sched-fluxion-resource.info[0]: populate_resource_db: loaded resources from core's resource.acquire
sched-fluxion-qmanager.info[0]: version 0.40.0-4-g3fb0b4e7
broker.info[0]: rc1.0: running /etc/flux/rc1.d/02-cron
broker.info[0]: rc1.0: /etc/flux/rc1 Exited (rc=0) 0.2s
broker.info[0]: rc1-success: init->quorum 0.230744s
broker.info[0]: online: flux-sample-0 (ranks 0)
broker.info[0]: online: flux-sample-[0-3] (ranks 0-3)
broker.info[0]: online: flux-sample-[0-29] (ranks 0-29)
broker.info[0]: quorum-full: quorum->run 6.02244s
MODULE STATS CONTENT
[1;39m{
  [0m[34;1m"count"[0m[1;39m: [0m[0;39m0[0m[1;39m,
  [0m[34;1m"valid"[0m[1;39m: [0m[0;39m0[0m[1;39m,
  [0m[34;1m"dirty"[0m[1;39m: [0m[0;39m0[0m[1;39m,
  [0m[34;1m"size"[0m[1;39m: [0m[0;39m0[0m[1;39m,
  [0m[34;1m"flush-batch-count"[0m[1;39m: [0m[0;39m0[0m[1;39m,
  [0m[34;1m"mmap"[0m[1;39m: [0m[1;39m{
    [0m[34;1m"tags"[0m[1;39m: [0m[1;39m{}[0m[1;39m,
    [0m[34;1m"blobs"[0m[1;39m: [0m[0;39m0[0m[1;39m
  [1;39m}[0m[1;39m
[1;39m}[0m
NODES
30
TOPOLOGY diagram
0 flux-sample-0: full
â”œâ”€ 1 flux-sample-1: full
â”‚  â”œâ”€ 3 flux-sample-3: full
â”‚  â”‚  â”œâ”€ 7 flux-sample-7: full
â”‚  â”‚  â”‚  â”œâ”€ 15 flux-sample-15: full
â”‚  â”‚  â”‚  â””â”€ 16 flux-sample-16: full
â”‚  â”‚  â””â”€ 8 flux-sample-8: full
â”‚  â”‚     â”œâ”€ 17 flux-sample-17: full
â”‚  â”‚     â””â”€ 18 flux-sample-18: full
â”‚  â””â”€ 4 flux-sample-4: full
â”‚     â”œâ”€ 9 flux-sample-9: full
â”‚     â”‚  â”œâ”€ 19 flux-sample-19: full
â”‚     â”‚  â””â”€ 20 flux-sample-20: full
â”‚     â””â”€ 10 flux-sample-10: full
â”‚        â”œâ”€ 21 flux-sample-21: full
â”‚        â””â”€ 22 flux-sample-22: full
â””â”€ 2 flux-sample-2: full
   â”œâ”€ 5 flux-sample-5: full
   â”‚  â”œâ”€ 11 flux-sample-11: full
   â”‚  â”‚  â”œâ”€ 23 flux-sample-23: full
   â”‚  â”‚  â””â”€ 24 flux-sample-24: full
   â”‚  â””â”€ 12 flux-sample-12: full
   â”‚     â”œâ”€ 25 flux-sample-25: full
   â”‚     â””â”€ 26 flux-sample-26: full
   â””â”€ 6 flux-sample-6: full
      â”œâ”€ 13 flux-sample-13: full
      â”‚  â”œâ”€ 27 flux-sample-27: full
      â”‚  â””â”€ 28 flux-sample-28: full
      â””â”€ 14 flux-sample-14: full
         â””â”€ 29 flux-sample-29: full
TOPOLOGY description
kary:2
RANKS 30
EVENT flux-ping-broker-size-200-rank-0
flux-ping 0!broker
0!broker.ping pad=209715200 seq=0 time=8874.795 ms (1740e00e!409f64ad!88b5a8ab)
EVENT flux-ping-kvs-size-200-rank-0
flux-ping 0!kvs
0!kvs.ping pad=209715200 seq=0 time=8850.314 ms (82cbb266!409f64ad!88b5a8ab!88b5a8ab)
EVENT flux-ping-broker-size-200-rank-2
flux-ping 2!broker
2!broker.ping pad=209715200 seq=0 time=10899.055 ms (e34fea1d!409f64ad!88b5a8ab!1772e289)
EVENT flux-ping-kvs-size-200-rank-2
flux-ping 2!kvs
2!kvs.ping pad=209715200 seq=0 time=10868.248 ms (ffd2c289!409f64ad!88b5a8ab!1772e289!1772e289)
EVENT flux-ping-broker-size-200-rank-4
flux-ping 4!broker
4!broker.ping pad=209715200 seq=0 time=12783.613 ms (48cd509b!409f64ad!88b5a8ab!dfd23e09!9086bad7)
EVENT flux-ping-kvs-size-200-rank-4
flux-ping 4!kvs
4!kvs.ping pad=209715200 seq=0 time=12776.296 ms (0ffdcff8!409f64ad!88b5a8ab!dfd23e09!9086bad7!9086bad7)
EVENT flux-ping-broker-size-200-rank-6
flux-ping 6!broker
6!broker.ping pad=209715200 seq=0 time=12884.701 ms (5ef86da2!409f64ad!88b5a8ab!1772e289!581d314b)
EVENT flux-ping-kvs-size-200-rank-6
flux-ping 6!kvs
6!kvs.ping pad=209715200 seq=0 time=12900.050 ms (34c96fc0!409f64ad!88b5a8ab!1772e289!581d314b!581d314b)
EVENT flux-ping-broker-size-200-rank-8
flux-ping 8!broker
8!broker.ping pad=209715200 seq=0 time=14958.405 ms (1a49e54d!409f64ad!88b5a8ab!dfd23e09!9ad980bc!f7424f54)
EVENT flux-ping-kvs-size-200-rank-8
flux-ping 8!kvs
8!kvs.ping pad=209715200 seq=0 time=14950.797 ms (b37b4de7!409f64ad!88b5a8ab!dfd23e09!9ad980bc!f7424f54!f7424f54)
EVENT flux-ping-broker-size-200-rank-10
flux-ping 10!broker
10!broker.ping pad=209715200 seq=0 time=14864.999 ms (8c87f621!409f64ad!88b5a8ab!dfd23e09!9086bad7!f2e62fdc)
EVENT flux-ping-kvs-size-200-rank-10
flux-ping 10!kvs
10!kvs.ping pad=209715200 seq=0 time=14952.524 ms (fb38e95d!409f64ad!88b5a8ab!dfd23e09!9086bad7!f2e62fdc!f2e62fdc)
EVENT flux-ping-broker-size-200-rank-12
flux-ping 12!broker
12!broker.ping pad=209715200 seq=0 time=15021.984 ms (5d183603!409f64ad!88b5a8ab!1772e289!91b2bea1!cef7cd01)
EVENT flux-ping-kvs-size-200-rank-12
flux-ping 12!kvs
12!kvs.ping pad=209715200 seq=0 time=14947.434 ms (53ba623b!409f64ad!88b5a8ab!1772e289!91b2bea1!cef7cd01!cef7cd01)
EVENT flux-ping-broker-size-200-rank-14
flux-ping 14!broker
14!broker.ping pad=209715200 seq=0 time=14916.176 ms (63ebc930!409f64ad!88b5a8ab!1772e289!581d314b!e16b8f98)
EVENT flux-ping-kvs-size-200-rank-14
flux-ping 14!kvs
14!kvs.ping pad=209715200 seq=0 time=14917.642 ms (f0158db8!409f64ad!88b5a8ab!1772e289!581d314b!e16b8f98!e16b8f98)
EVENT flux-ping-broker-size-200-rank-16
flux-ping 16!broker
16!broker.ping pad=209715200 seq=0 time=16908.317 ms (39107199!409f64ad!88b5a8ab!dfd23e09!9ad980bc!09e11b33!4a7bdc77)
EVENT flux-ping-kvs-size-200-rank-16
flux-ping 16!kvs
16!kvs.ping pad=209715200 seq=0 time=16902.555 ms (39590c60!409f64ad!88b5a8ab!dfd23e09!9ad980bc!09e11b33!4a7bdc77!4a7bdc77)
EVENT flux-ping-broker-size-200-rank-18
flux-ping 18!broker
18!broker.ping pad=209715200 seq=0 time=16978.746 ms (96ea87a5!409f64ad!88b5a8ab!dfd23e09!9ad980bc!f7424f54!86158af1)
EVENT flux-ping-kvs-size-200-rank-18
flux-ping 18!kvs
18!kvs.ping pad=209715200 seq=0 time=16947.895 ms (3ab667ee!409f64ad!88b5a8ab!dfd23e09!9ad980bc!f7424f54!86158af1!86158af1)
EVENT flux-ping-broker-size-200-rank-20
flux-ping 20!broker
20!broker.ping pad=209715200 seq=0 time=16938.324 ms (0b881711!409f64ad!88b5a8ab!dfd23e09!9086bad7!28edaf26!17b30bf0)
EVENT flux-ping-kvs-size-200-rank-20
flux-ping 20!kvs
20!kvs.ping pad=209715200 seq=0 time=16900.198 ms (9bafdf4b!409f64ad!88b5a8ab!dfd23e09!9086bad7!28edaf26!17b30bf0!17b30bf0)
EVENT flux-ping-broker-size-200-rank-22
flux-ping 22!broker
22!broker.ping pad=209715200 seq=0 time=16915.303 ms (3470ce92!409f64ad!88b5a8ab!dfd23e09!9086bad7!f2e62fdc!89395135)
EVENT flux-ping-kvs-size-200-rank-22
flux-ping 22!kvs
22!kvs.ping pad=209715200 seq=0 time=16831.565 ms (4f91ea1a!409f64ad!88b5a8ab!dfd23e09!9086bad7!f2e62fdc!89395135!89395135)
EVENT flux-ping-broker-size-200-rank-24
flux-ping 24!broker
24!broker.ping pad=209715200 seq=0 time=16977.064 ms (f35946e8!409f64ad!88b5a8ab!1772e289!91b2bea1!0efe2f9a!8831dec5)
EVENT flux-ping-kvs-size-200-rank-24
flux-ping 24!kvs
24!kvs.ping pad=209715200 seq=0 time=16871.267 ms (5fdbba63!409f64ad!88b5a8ab!1772e289!91b2bea1!0efe2f9a!8831dec5!8831dec5)
EVENT flux-ping-broker-size-200-rank-26
flux-ping 26!broker
26!broker.ping pad=209715200 seq=0 time=16943.485 ms (66833e96!409f64ad!88b5a8ab!1772e289!91b2bea1!cef7cd01!d0183f19)
EVENT flux-ping-kvs-size-200-rank-26
flux-ping 26!kvs
26!kvs.ping pad=209715200 seq=0 time=16852.425 ms (456d4a9b!409f64ad!88b5a8ab!1772e289!91b2bea1!cef7cd01!d0183f19!d0183f19)
EVENT flux-ping-broker-size-200-rank-28
flux-ping 28!broker
28!broker.ping pad=209715200 seq=0 time=16847.701 ms (3fad46cc!409f64ad!88b5a8ab!1772e289!581d314b!a26b6ec9!e91294ee)
EVENT flux-ping-kvs-size-200-rank-28
flux-ping 28!kvs
28!kvs.ping pad=209715200 seq=0 time=16815.861 ms (ed4c88c6!409f64ad!88b5a8ab!1772e289!581d314b!a26b6ec9!e91294ee!e91294ee)
SCRIPT entrypoint

#!/bin/bash
# flux-topology.sh

flux exec -r all flux module reload content purge-target-size=104857600 # 100mb
echo "MODULE STATS CONTENT"
flux module stats content | jq

# Print the overlay to show the topology
echo "NODES"
echo "30"
echo "TOPOLOGY diagram"
flux overlay status
echo "TOPOLOGY description"
echo "kary:2"

# Get the total size (number of children)
ranks=$(flux getattr size)
echo "RANKS ${ranks}"

# But we are testing this many...
nodes=30

# We start counting at 0
max_rank="$((nodes-1))"

# --pad
# Include in the payload a string of length *N* bytes. *N* may be a floating point number with optional multiplicative suffix (K,M,G). The payload will be echoed back in the response. This option can be used to explore the effect of message size on latency. Default: no padding.

# Limit is 2G
# flux-ping: flux-ping: pad: value 8192M too large (must be < 2G)

# target may be the name of a Flux service, e.g. "kvs". :program:`flux ping` will send a request to "kvs.ping". As a shorthand, target can include a rank or host prefix delimited by an exclamation point. :program:`flux ping 4!kvs` is equivalent to :option:`flux ping --rank 4 kvs` (see :option:`--rank` option below). Don't forget to quote the exclamation point if it is interpreted by your shell.

# As a shorthand, target may also simply be a rank or host by itself indicating that the broker on that rank/host, rather than a Flux service, is to be pinged. :command:`flux ping 1` is equivalent to :option:`flux ping --rank 1 broker`.
# Sizes 0, 200, 400, 600, 800, 1000 M

# Run flux ping for each of the kvs and broker, across all ranks (testing the topology) and message size 200MB
# We saw from early experiments that size does influence time, but for comparing topologies, not interesting
# (the pattern is the same across sizes)
size=200
for rank in $(seq 0 2 ${max_rank})
  do
    echo "EVENT flux-ping-broker-size-${size}-rank-${rank}"
    flux ping -c1 --pad=${size}M --rank ${rank} broker
    echo "EVENT flux-ping-kvs-size-${size}-rank-${rank}"
    flux ping -c1 --pad=${size}M --rank ${rank} kvs
done

# Show self!
echo "SCRIPT entrypoint"
cat $0broker.info[0]: rc2.0: /bin/bash /entrypoint.sh Exited (rc=0) 451.6s
broker.info[0]: rc2-success: run->cleanup 7.52668m
broker.info[0]: cleanup.0: flux queue stop --quiet --all --nocheckpoint Exited (rc=0) 0.1s
broker.info[0]: cleanup.1: flux resource acquire-mute Exited (rc=0) 0.1s
broker.info[0]: cleanup.2: flux cancel --user=all --quiet --states RUN Exited (rc=0) 0.1s
broker.info[0]: cleanup.3: flux queue idle --quiet Exited (rc=0) 0.1s
broker.info[0]: cleanup-success: cleanup->shutdown 0.388467s
broker.info[0]: children-complete: shutdown->finalize 0.228522s
broker.info[0]: rc3.0: running /etc/flux/rc3.d/01-sched-fluxion
kvs.err[0]: content_load_completion: content_load_get: No such file or directory
broker.err[0]: rc3.0: flux: Error committing finish event: No such file or directory
broker.err[0]: rc3.0: flux-content: content.flush: Function not implemented
content-sqlite.err[0]: unregister-backing: content backing store is not active: Invalid argument
broker.err[0]: rc3.0: /etc/flux/rc3 Exited (rc=1) 0.1s
broker.info[0]: rc3-fail: finalize->goodbye 0.11624s
broker.info[0]: goodbye: goodbye->exit 0.044771ms
