ðŸŸ§ï¸  wait-fs: 2024/12/29 06:47:05 wait-fs.go:40: /mnt/flux/flux-operator-done.txt
ðŸŸ§ï¸  wait-fs: 2024/12/29 06:47:05 wait-fs.go:49: Found existing path /mnt/flux/flux-operator-done.txt

Hello user root

ðŸŒŸï¸ Curve Certificate
curve.cert
#   ****  Generated on 2023-04-26 22:54:42 by CZMQ  ****
#   ZeroMQ CURVE **Secret** Certificate
#   DO NOT PROVIDE THIS FILE TO OTHER USERS nor change its permissions.
    
metadata
    name = "flux-cert-generator"
    keygen.hostname = "flux-sample-0"
curve
    public-key = "e3smu]h6#ss#-L!NmhrleSp84ziE7BssNB2pg}vv"
    secret-key = "zWf5}/h4$eQE&>(jDR{?xWSyqu2}U{Udf5+DVpvk"

ðŸ“¦ Resources
flux R encode --hosts=flux-sample-[0-5] --local
{"version": 1, "execution": {"R_lite": [{"rank": "0-5", "children": {"core": "0-7"}}], "starttime": 0.0, "expiration": 0.0, "nodelist": ["flux-sample-[0-5]"]}}
ðŸ‘‹ Hello, I'm flux-sample-0
The main host is flux-sample-0
The working directory is /home/fluxuser, contents include:
ðŸš©ï¸ Flux Option Flags defined
Command provided is: /bin/bash /entrypoint.sh

ðŸŒ€ Launcher Mode: flux start -o --config /mnt/flux/view/etc/flux/config -Scron.directory=/etc/flux/system/cron.d   -Stbon.fanout=256   -Srundir=/mnt/flux/view/run/flux    -Sstatedir=/mnt/flux/view/var/lib/flux -Slocal-uri=local:///mnt/flux/view/run/flux/local -Stbon.connect_timeout=5s -Stbon.topo=kary:1    -Slog-stderr-level=6    -Slog-stderr-mode=local  
broker.info[0]: start: none->join 0.34168ms
broker.info[0]: parent-none: join->init 0.015131ms
cron.info[0]: synchronizing cron tasks to event heartbeat.pulse
job-manager.info[0]: restart: 0 jobs
job-manager.info[0]: restart: 0 running jobs
job-manager.info[0]: restart: checkpoint.job-manager not found
broker.info[0]: rc1.0: running /etc/flux/rc1.d/01-sched-fluxion
sched-fluxion-resource.info[0]: version 0.40.0-4-g3fb0b4e7
sched-fluxion-resource.warning[0]: create_reader: allowlist unsupported
sched-fluxion-resource.info[0]: populate_resource_db: loaded resources from core's resource.acquire
sched-fluxion-qmanager.info[0]: version 0.40.0-4-g3fb0b4e7
broker.info[0]: rc1.0: running /etc/flux/rc1.d/02-cron
broker.info[0]: rc1.0: /etc/flux/rc1 Exited (rc=0) 0.2s
broker.info[0]: rc1-success: init->quorum 0.230384s
broker.info[0]: online: flux-sample-0 (ranks 0)
broker.info[0]: online: flux-sample-[0-2] (ranks 0-2)
broker.info[0]: online: flux-sample-[0-5] (ranks 0-5)
broker.info[0]: quorum-full: quorum->run 5.73801s
MODULE STATS CONTENT
[1;39m{
  [0m[34;1m"count"[0m[1;39m: [0m[0;39m0[0m[1;39m,
  [0m[34;1m"valid"[0m[1;39m: [0m[0;39m0[0m[1;39m,
  [0m[34;1m"dirty"[0m[1;39m: [0m[0;39m0[0m[1;39m,
  [0m[34;1m"size"[0m[1;39m: [0m[0;39m0[0m[1;39m,
  [0m[34;1m"flush-batch-count"[0m[1;39m: [0m[0;39m0[0m[1;39m,
  [0m[34;1m"mmap"[0m[1;39m: [0m[1;39m{
    [0m[34;1m"tags"[0m[1;39m: [0m[1;39m{}[0m[1;39m,
    [0m[34;1m"blobs"[0m[1;39m: [0m[0;39m0[0m[1;39m
  [1;39m}[0m[1;39m
[1;39m}[0m
NODES
6
TOPOLOGY diagram
0 flux-sample-0: full
â””â”€ 1 flux-sample-1: full
   â””â”€ 2 flux-sample-2: full
      â””â”€ 3 flux-sample-3: full
         â””â”€ 4 flux-sample-4: full
            â””â”€ 5 flux-sample-5: full
TOPOLOGY description
kary:1
RANKS 6
EVENT flux-ping-broker-size-0-rank-0
flux-ping 0!broker
0!broker.ping pad=0 seq=0 time=0.133 ms (36e0d3a9!7afea2fe!7485d24a)
EVENT flux-ping-kvs-size-0-rank-0
flux-ping 0!kvs
0!kvs.ping pad=0 seq=0 time=0.214 ms (4fe49090!7afea2fe!7485d24a!7485d24a)
EVENT flux-ping-broker-size-0-rank-1
flux-ping 1!broker
1!broker.ping pad=0 seq=0 time=0.489 ms (c2b3732b!7afea2fe!7485d24a!6aabea16)
EVENT flux-ping-kvs-size-0-rank-1
flux-ping 1!kvs
1!kvs.ping pad=0 seq=0 time=0.478 ms (e80edda0!7afea2fe!7485d24a!6aabea16!6aabea16)
EVENT flux-ping-broker-size-0-rank-2
flux-ping 2!broker
2!broker.ping pad=0 seq=0 time=0.811 ms (87bdf51f!7afea2fe!7485d24a!6aabea16!d0bb8623)
EVENT flux-ping-kvs-size-0-rank-2
flux-ping 2!kvs
2!kvs.ping pad=0 seq=0 time=0.785 ms (f3d5bb46!7afea2fe!7485d24a!6aabea16!d0bb8623!d0bb8623)
EVENT flux-ping-broker-size-0-rank-3
flux-ping 3!broker
3!broker.ping pad=0 seq=0 time=0.980 ms (59aa839a!7afea2fe!7485d24a!6aabea16!d0bb8623!afeaec82)
EVENT flux-ping-kvs-size-0-rank-3
flux-ping 3!kvs
3!kvs.ping pad=0 seq=0 time=1.147 ms (2bd87b8a!7afea2fe!7485d24a!6aabea16!d0bb8623!afeaec82!afeaec82)
EVENT flux-ping-broker-size-0-rank-4
flux-ping 4!broker
4!broker.ping pad=0 seq=0 time=1.525 ms (faab1a6c!7afea2fe!7485d24a!6aabea16!d0bb8623!afeaec82!ab3541eb)
EVENT flux-ping-kvs-size-0-rank-4
flux-ping 4!kvs
4!kvs.ping pad=0 seq=0 time=1.319 ms (37ee823b!7afea2fe!7485d24a!6aabea16!d0bb8623!afeaec82!ab3541eb!ab3541eb)
EVENT flux-ping-broker-size-0-rank-5
flux-ping 5!broker
5!broker.ping pad=0 seq=0 time=1.691 ms (4695bac0!7afea2fe!7485d24a!6aabea16!d0bb8623!afeaec82!ab3541eb!b0aac6d8)
EVENT flux-ping-kvs-size-0-rank-5
flux-ping 5!kvs
5!kvs.ping pad=0 seq=0 time=1.607 ms (96b6f60f!7afea2fe!7485d24a!6aabea16!d0bb8623!afeaec82!ab3541eb!b0aac6d8!b0aac6d8)
EVENT flux-ping-broker-size-200-rank-0
flux-ping 0!broker
0!broker.ping pad=209715200 seq=0 time=8921.058 ms (4fc79a3d!7afea2fe!7485d24a)
EVENT flux-ping-kvs-size-200-rank-0
flux-ping 0!kvs
0!kvs.ping pad=209715200 seq=0 time=8920.027 ms (c3ca8fa6!7afea2fe!7485d24a!7485d24a)
EVENT flux-ping-broker-size-200-rank-1
flux-ping 1!broker
1!broker.ping pad=209715200 seq=0 time=10845.946 ms (e6a7af1b!7afea2fe!7485d24a!6aabea16)
EVENT flux-ping-kvs-size-200-rank-1
flux-ping 1!kvs
1!kvs.ping pad=209715200 seq=0 time=10829.928 ms (76af26df!7afea2fe!7485d24a!6aabea16!6aabea16)
EVENT flux-ping-broker-size-200-rank-2
flux-ping 2!broker
2!broker.ping pad=209715200 seq=0 time=12934.463 ms (f0d76f43!7afea2fe!7485d24a!6aabea16!d0bb8623)
EVENT flux-ping-kvs-size-200-rank-2
flux-ping 2!kvs
2!kvs.ping pad=209715200 seq=0 time=12907.135 ms (a6a3978c!7afea2fe!7485d24a!6aabea16!d0bb8623!d0bb8623)
EVENT flux-ping-broker-size-200-rank-3
flux-ping 3!broker
3!broker.ping pad=209715200 seq=0 time=14882.719 ms (95738dec!7afea2fe!7485d24a!6aabea16!d0bb8623!afeaec82)
EVENT flux-ping-kvs-size-200-rank-3
flux-ping 3!kvs
3!kvs.ping pad=209715200 seq=0 time=14858.128 ms (f4e430ca!7afea2fe!7485d24a!6aabea16!d0bb8623!afeaec82!afeaec82)
EVENT flux-ping-broker-size-200-rank-4
flux-ping 4!broker
4!broker.ping pad=209715200 seq=0 time=16918.435 ms (e94831fe!7afea2fe!7485d24a!6aabea16!d0bb8623!afeaec82!ab3541eb)
EVENT flux-ping-kvs-size-200-rank-4
flux-ping 4!kvs
4!kvs.ping pad=209715200 seq=0 time=16845.251 ms (2557ad78!7afea2fe!7485d24a!6aabea16!d0bb8623!afeaec82!ab3541eb!ab3541eb)
EVENT flux-ping-broker-size-200-rank-5
flux-ping 5!broker
5!broker.ping pad=209715200 seq=0 time=18843.085 ms (0ec4af85!7afea2fe!7485d24a!6aabea16!d0bb8623!afeaec82!ab3541eb!b0aac6d8)
EVENT flux-ping-kvs-size-200-rank-5
flux-ping 5!kvs
5!kvs.ping pad=209715200 seq=0 time=18905.227 ms (b501a58a!7afea2fe!7485d24a!6aabea16!d0bb8623!afeaec82!ab3541eb!b0aac6d8!b0aac6d8)
EVENT flux-ping-broker-size-400-rank-0
flux-ping 0!broker
0!broker.ping pad=419430400 seq=0 time=18086.703 ms (cdff0fc4!7afea2fe!7485d24a)
EVENT flux-ping-kvs-size-400-rank-0
flux-ping 0!kvs
0!kvs.ping pad=419430400 seq=0 time=17970.919 ms (951b7c06!7afea2fe!7485d24a!7485d24a)
EVENT flux-ping-broker-size-400-rank-1
flux-ping 1!broker
1!broker.ping pad=419430400 seq=0 time=21749.314 ms (85b30ee7!7afea2fe!7485d24a!6aabea16)
EVENT flux-ping-kvs-size-400-rank-1
flux-ping 1!kvs
1!kvs.ping pad=419430400 seq=0 time=21708.295 ms (281906f0!7afea2fe!7485d24a!6aabea16!6aabea16)
EVENT flux-ping-broker-size-400-rank-2
flux-ping 2!broker
2!broker.ping pad=419430400 seq=0 time=25828.813 ms (d0a76ebf!7afea2fe!7485d24a!6aabea16!d0bb8623)
EVENT flux-ping-kvs-size-400-rank-2
flux-ping 2!kvs
2!kvs.ping pad=419430400 seq=0 time=25840.336 ms (e1bbe26f!7afea2fe!7485d24a!6aabea16!d0bb8623!d0bb8623)
EVENT flux-ping-broker-size-400-rank-3
flux-ping 3!broker
3!broker.ping pad=419430400 seq=0 time=29797.121 ms (f2b1610f!7afea2fe!7485d24a!6aabea16!d0bb8623!afeaec82)
EVENT flux-ping-kvs-size-400-rank-3
flux-ping 3!kvs
3!kvs.ping pad=419430400 seq=0 time=29783.009 ms (ea7d6e2a!7afea2fe!7485d24a!6aabea16!d0bb8623!afeaec82!afeaec82)
EVENT flux-ping-broker-size-400-rank-4
flux-ping 4!broker
4!broker.ping pad=419430400 seq=0 time=33782.374 ms (fb74e360!7afea2fe!7485d24a!6aabea16!d0bb8623!afeaec82!ab3541eb)
EVENT flux-ping-kvs-size-400-rank-4
flux-ping 4!kvs
4!kvs.ping pad=419430400 seq=0 time=33710.743 ms (fe5afca7!7afea2fe!7485d24a!6aabea16!d0bb8623!afeaec82!ab3541eb!ab3541eb)
EVENT flux-ping-broker-size-400-rank-5
flux-ping 5!broker
5!broker.ping pad=419430400 seq=0 time=37909.130 ms (f8a7a7e3!7afea2fe!7485d24a!6aabea16!d0bb8623!afeaec82!ab3541eb!b0aac6d8)
EVENT flux-ping-kvs-size-400-rank-5
flux-ping 5!kvs
5!kvs.ping pad=419430400 seq=0 time=37743.503 ms (0955ba2a!7afea2fe!7485d24a!6aabea16!d0bb8623!afeaec82!ab3541eb!b0aac6d8!b0aac6d8)
EVENT flux-ping-broker-size-600-rank-0
flux-ping 0!broker
0!broker.ping pad=629145600 seq=0 time=27270.932 ms (605e78b9!7afea2fe!7485d24a)
EVENT flux-ping-kvs-size-600-rank-0
flux-ping 0!kvs
0!kvs.ping pad=629145600 seq=0 time=27354.297 ms (7ed23f5a!7afea2fe!7485d24a!7485d24a)
EVENT flux-ping-broker-size-600-rank-1
flux-ping 1!broker
1!broker.ping pad=629145600 seq=0 time=32984.856 ms (37f33765!7afea2fe!7485d24a!6aabea16)
EVENT flux-ping-kvs-size-600-rank-1
flux-ping 1!kvs
1!kvs.ping pad=629145600 seq=0 time=32965.935 ms (60361994!7afea2fe!7485d24a!6aabea16!6aabea16)
EVENT flux-ping-broker-size-600-rank-2
flux-ping 2!broker
2!broker.ping pad=629145600 seq=0 time=39010.135 ms (6acf7d84!7afea2fe!7485d24a!6aabea16!d0bb8623)
EVENT flux-ping-kvs-size-600-rank-2
flux-ping 2!kvs
2!kvs.ping pad=629145600 seq=0 time=39091.485 ms (8a49f088!7afea2fe!7485d24a!6aabea16!d0bb8623!d0bb8623)
EVENT flux-ping-broker-size-600-rank-3
flux-ping 3!broker
3!broker.ping pad=629145600 seq=0 time=44938.527 ms (86550f17!7afea2fe!7485d24a!6aabea16!d0bb8623!afeaec82)
EVENT flux-ping-kvs-size-600-rank-3
flux-ping 3!kvs
3!kvs.ping pad=629145600 seq=0 time=44833.045 ms (f2c7cba3!7afea2fe!7485d24a!6aabea16!d0bb8623!afeaec82!afeaec82)
EVENT flux-ping-broker-size-600-rank-4
flux-ping 4!broker
4!broker.ping pad=629145600 seq=0 time=50856.972 ms (110ab296!7afea2fe!7485d24a!6aabea16!d0bb8623!afeaec82!ab3541eb)
EVENT flux-ping-kvs-size-600-rank-4
flux-ping 4!kvs
4!kvs.ping pad=629145600 seq=0 time=50800.239 ms (1d60f9d9!7afea2fe!7485d24a!6aabea16!d0bb8623!afeaec82!ab3541eb!ab3541eb)
EVENT flux-ping-broker-size-600-rank-5
flux-ping 5!broker
5!broker.ping pad=629145600 seq=0 time=57175.433 ms (4dcf4a17!7afea2fe!7485d24a!6aabea16!d0bb8623!afeaec82!ab3541eb!b0aac6d8)
EVENT flux-ping-kvs-size-600-rank-5
flux-ping 5!kvs
5!kvs.ping pad=629145600 seq=0 time=57230.265 ms (722660d9!7afea2fe!7485d24a!6aabea16!d0bb8623!afeaec82!ab3541eb!b0aac6d8!b0aac6d8)
EVENT flux-ping-broker-size-800-rank-0
flux-ping 0!broker
0!broker.ping pad=838860800 seq=0 time=35858.589 ms (c657322d!7afea2fe!7485d24a)
EVENT flux-ping-kvs-size-800-rank-0
flux-ping 0!kvs
0!kvs.ping pad=838860800 seq=0 time=35855.035 ms (baad01c9!7afea2fe!7485d24a!7485d24a)
EVENT flux-ping-broker-size-800-rank-1
flux-ping 1!broker
1!broker.ping pad=838860800 seq=0 time=43467.233 ms (1ee787e7!7afea2fe!7485d24a!6aabea16)
EVENT flux-ping-kvs-size-800-rank-1
flux-ping 1!kvs
1!kvs.ping pad=838860800 seq=0 time=43591.007 ms (8c5f0936!7afea2fe!7485d24a!6aabea16!6aabea16)
EVENT flux-ping-broker-size-800-rank-2
flux-ping 2!broker
2!broker.ping pad=838860800 seq=0 time=51504.735 ms (d368ff4b!7afea2fe!7485d24a!6aabea16!d0bb8623)
EVENT flux-ping-kvs-size-800-rank-2
flux-ping 2!kvs
2!kvs.ping pad=838860800 seq=0 time=51461.887 ms (cf324aba!7afea2fe!7485d24a!6aabea16!d0bb8623!d0bb8623)
EVENT flux-ping-broker-size-800-rank-3
flux-ping 3!broker
3!broker.ping pad=838860800 seq=0 time=59393.763 ms (0843784c!7afea2fe!7485d24a!6aabea16!d0bb8623!afeaec82)
EVENT flux-ping-kvs-size-800-rank-3
flux-ping 3!kvs
3!kvs.ping pad=838860800 seq=0 time=59489.064 ms (25001fcd!7afea2fe!7485d24a!6aabea16!d0bb8623!afeaec82!afeaec82)
EVENT flux-ping-broker-size-800-rank-4
flux-ping 4!broker
4!broker.ping pad=838860800 seq=0 time=67556.682 ms (53ac00f7!7afea2fe!7485d24a!6aabea16!d0bb8623!afeaec82!ab3541eb)
EVENT flux-ping-kvs-size-800-rank-4
flux-ping 4!kvs
4!kvs.ping pad=838860800 seq=0 time=67413.134 ms (fa6fa770!7afea2fe!7485d24a!6aabea16!d0bb8623!afeaec82!ab3541eb!ab3541eb)
EVENT flux-ping-broker-size-800-rank-5
flux-ping 5!broker
5!broker.ping pad=838860800 seq=0 time=75274.597 ms (4bedbf0d!7afea2fe!7485d24a!6aabea16!d0bb8623!afeaec82!ab3541eb!b0aac6d8)
EVENT flux-ping-kvs-size-800-rank-5
flux-ping 5!kvs
5!kvs.ping pad=838860800 seq=0 time=75050.635 ms (a5c48004!7afea2fe!7485d24a!6aabea16!d0bb8623!afeaec82!ab3541eb!b0aac6d8!b0aac6d8)
EVENT flux-ping-broker-size-1000-rank-0
flux-ping 0!broker
0!broker.ping pad=1048576000 seq=0 time=43334.066 ms (7c1b90a4!7afea2fe!7485d24a)
EVENT flux-ping-kvs-size-1000-rank-0
flux-ping 0!kvs
0!kvs.ping pad=1048576000 seq=0 time=42938.834 ms (a1fdc738!7afea2fe!7485d24a!7485d24a)
EVENT flux-ping-broker-size-1000-rank-1
flux-ping 1!broker
1!broker.ping pad=1048576000 seq=0 time=53102.052 ms (74e683d1!7afea2fe!7485d24a!6aabea16)
EVENT flux-ping-kvs-size-1000-rank-1
flux-ping 1!kvs
1!kvs.ping pad=1048576000 seq=0 time=53156.741 ms (9f8efb01!7afea2fe!7485d24a!6aabea16!6aabea16)
EVENT flux-ping-broker-size-1000-rank-2
flux-ping 2!broker
2!broker.ping pad=1048576000 seq=0 time=63121.559 ms (159df29a!7afea2fe!7485d24a!6aabea16!d0bb8623)
EVENT flux-ping-kvs-size-1000-rank-2
flux-ping 2!kvs
2!kvs.ping pad=1048576000 seq=0 time=63496.407 ms (4977ff44!7afea2fe!7485d24a!6aabea16!d0bb8623!d0bb8623)
EVENT flux-ping-broker-size-1000-rank-3
flux-ping 3!broker
3!broker.ping pad=1048576000 seq=0 time=73413.083 ms (7a6acaac!7afea2fe!7485d24a!6aabea16!d0bb8623!afeaec82)
EVENT flux-ping-kvs-size-1000-rank-3
flux-ping 3!kvs
3!kvs.ping pad=1048576000 seq=0 time=73877.805 ms (dea47ed7!7afea2fe!7485d24a!6aabea16!d0bb8623!afeaec82!afeaec82)
EVENT flux-ping-broker-size-1000-rank-4
flux-ping 4!broker
4!broker.ping pad=1048576000 seq=0 time=83810.204 ms (093bf8b5!7afea2fe!7485d24a!6aabea16!d0bb8623!afeaec82!ab3541eb)
EVENT flux-ping-kvs-size-1000-rank-4
flux-ping 4!kvs
4!kvs.ping pad=1048576000 seq=0 time=83764.117 ms (8685b20a!7afea2fe!7485d24a!6aabea16!d0bb8623!afeaec82!ab3541eb!ab3541eb)
EVENT flux-ping-broker-size-1000-rank-5
flux-ping 5!broker
5!broker.ping pad=1048576000 seq=0 time=94084.467 ms (6c3089d1!7afea2fe!7485d24a!6aabea16!d0bb8623!afeaec82!ab3541eb!b0aac6d8)
EVENT flux-ping-kvs-size-1000-rank-5
flux-ping 5!kvs
5!kvs.ping pad=1048576000 seq=0 time=93913.445 ms (cfa7e24d!7afea2fe!7485d24a!6aabea16!d0bb8623!afeaec82!ab3541eb!b0aac6d8!b0aac6d8)
SCRIPT entrypoint

#!/bin/bash
# flux-topology.sh

flux exec -r all flux module reload content purge-target-size=104857600 # 100mb
echo "MODULE STATS CONTENT"
flux module stats content | jq

# Print the overlay to show the topology
echo "NODES"
echo "6"
echo "TOPOLOGY diagram"
flux overlay status
echo "TOPOLOGY description"
echo "kary:1"

# Get the total size (number of children)
ranks=$(flux getattr size)
echo "RANKS ${ranks}"

# But we are testing this many...
nodes=6

# We start counting at 0
max_rank="$((nodes-1))"

# --pad
# Include in the payload a string of length *N* bytes. *N* may be a floating point number with optional multiplicative suffix (K,M,G). The payload will be echoed back in the response. This option can be used to explore the effect of message size on latency. Default: no padding.

# Limit is 2G
# flux-ping: flux-ping: pad: value 8192M too large (must be < 2G)

# target may be the name of a Flux service, e.g. "kvs". :program:`flux ping` will send a request to "kvs.ping". As a shorthand, target can include a rank or host prefix delimited by an exclamation point. :program:`flux ping 4!kvs` is equivalent to :option:`flux ping --rank 4 kvs` (see :option:`--rank` option below). Don't forget to quote the exclamation point if it is interpreted by your shell.

# As a shorthand, target may also simply be a rank or host by itself indicating that the broker on that rank/host, rather than a Flux service, is to be pinged. :command:`flux ping 1` is equivalent to :option:`flux ping --rank 1 broker`.
# Sizes 0, 200, 400, 600, 800, 1000 M

# Run flux ping for each of the kvs and broker, across all ranks (testing the topology) and message sizes up to
# Go up to 1000MB (1GB) 
for size in $(echo 0 200 400 600 800 1000)
  do
  for rank in $(seq 0 ${max_rank})
    do
    echo "EVENT flux-ping-broker-size-${size}-rank-${rank}"
    flux ping -c1 --pad=${size}M --rank ${rank} broker
    echo "EVENT flux-ping-kvs-size-${size}-rank-${rank}"
    flux ping -c1 --pad=${size}M --rank ${rank} kvs
  done
done

# Show self!
echo "SCRIPT entrypoint"
cat $0broker.info[0]: rc2.0: /bin/bash /entrypoint.sh Exited (rc=0) 2519.3s
broker.info[0]: rc2-success: run->cleanup 41.9891m
broker.info[0]: cleanup.0: flux queue stop --quiet --all --nocheckpoint Exited (rc=0) 0.1s
broker.info[0]: cleanup.1: flux resource acquire-mute Exited (rc=0) 0.1s
broker.info[0]: cleanup.2: flux cancel --user=all --quiet --states RUN Exited (rc=0) 0.1s
broker.info[0]: cleanup.3: flux queue idle --quiet Exited (rc=0) 0.1s
broker.info[0]: cleanup-success: cleanup->shutdown 0.380896s
broker.info[0]: children-complete: shutdown->finalize 0.28046s
broker.info[0]: rc3.0: running /etc/flux/rc3.d/01-sched-fluxion
kvs.err[0]: content_load_completion: content_load_get: No such file or directory
broker.err[0]: rc3.0: flux: Error committing finish event: No such file or directory
broker.err[0]: rc3.0: flux-content: content.flush: Function not implemented
content-sqlite.err[0]: unregister-backing: content backing store is not active: Invalid argument
broker.err[0]: rc3.0: /etc/flux/rc3 Exited (rc=1) 0.1s
broker.info[0]: rc3-fail: finalize->goodbye 0.11247s
broker.info[0]: goodbye: goodbye->exit 0.044211ms
