MODULE STATS CONTENT
[1;39m{
  [0m[1;34m"count"[0m[1;39m: [0m[0;39m0[0m[1;39m,
  [0m[1;34m"valid"[0m[1;39m: [0m[0;39m0[0m[1;39m,
  [0m[1;34m"dirty"[0m[1;39m: [0m[0;39m0[0m[1;39m,
  [0m[1;34m"size"[0m[1;39m: [0m[0;39m0[0m[1;39m,
  [0m[1;34m"flush-batch-count"[0m[1;39m: [0m[0;39m0[0m[1;39m,
  [0m[1;34m"mmap"[0m[1;39m: [0m[1;39m{
    [0m[1;34m"tags"[0m[1;39m: [0m[1;39m{}[0m[1;39m,
    [0m[1;34m"blobs"[0m[1;39m: [0m[0;39m0[0m[1;39m
  [1;39m}[0m[1;39m
[1;39m}[0m
NODES
6
TOPOLOGY diagram
0 flux-sample-0: full
└─ 1 flux-sample-1: full
   └─ 2 flux-sample-2: full
      └─ 3 flux-sample-3: full
         └─ 4 flux-sample-4: full
            └─ 5 flux-sample-5: full
TOPOLOGY description
kary:1
EVENT create-archive-1

real	0m9.255s
user	0m1.700s
sys	0m1.400s
EVENT distribute-all-nodes-1

real	0m1.945s
user	0m0.000s
sys	0m0.006s
EVENT delete-archive-all-nodes-1

real	0m0.027s
user	0m0.000s
sys	0m0.006s
EVENT clean-all-nodes-1

real	0m0.188s
user	0m0.003s
sys	0m0.003s
EVENT create-archive-2

real	0m19.226s
user	0m3.384s
sys	0m2.808s
EVENT distribute-all-nodes-2

real	0m3.851s
user	0m0.003s
sys	0m0.003s
EVENT delete-archive-all-nodes-2

real	0m0.026s
user	0m0.007s
sys	0m0.000s
EVENT clean-all-nodes-2

real	0m0.352s
user	0m0.006s
sys	0m0.000s
EVENT create-archive-3

real	0m29.341s
user	0m5.149s
sys	0m4.120s
EVENT distribute-all-nodes-3

real	0m5.736s
user	0m0.003s
sys	0m0.003s
EVENT delete-archive-all-nodes-3

real	0m0.026s
user	0m0.003s
sys	0m0.003s
EVENT clean-all-nodes-3

real	0m0.523s
user	0m0.000s
sys	0m0.006s
EVENT create-archive-4

real	0m39.296s
user	0m6.903s
sys	0m5.566s
EVENT distribute-all-nodes-4

real	0m7.849s
user	0m0.000s
sys	0m0.006s
EVENT delete-archive-all-nodes-4

real	0m0.027s
user	0m0.000s
sys	0m0.006s
EVENT clean-all-nodes-4

real	0m0.661s
user	0m0.000s
sys	0m0.007s
EVENT create-archive-5

real	0m49.734s
user	0m8.516s
sys	0m7.038s
EVENT distribute-all-nodes-5

real	0m10.049s
user	0m0.000s
sys	0m0.006s
EVENT delete-archive-all-nodes-5

real	0m0.033s
user	0m0.006s
sys	0m0.000s
EVENT clean-all-nodes-5

real	0m1.136s
user	0m0.000s
sys	0m0.007s
EVENT create-archive-6

real	0m59.881s
user	0m10.079s
sys	0m8.613s
EVENT distribute-all-nodes-6

real	0m11.855s
user	0m0.000s
sys	0m0.006s
EVENT delete-archive-all-nodes-6

real	0m0.038s
user	0m0.006s
sys	0m0.000s
EVENT clean-all-nodes-6

real	0m1.384s
user	0m0.006s
sys	0m0.000s
EVENT create-archive-7

real	1m9.595s
user	0m11.813s
sys	0m9.639s
EVENT distribute-all-nodes-7

real	0m17.389s
user	0m0.006s
sys	0m0.000s
EVENT delete-archive-all-nodes-7

real	0m0.044s
user	0m0.000s
sys	0m0.006s
EVENT clean-all-nodes-7

real	0m1.588s
user	0m0.007s
sys	0m0.000s
EVENT create-archive-8

real	1m20.196s
user	0m13.492s
sys	0m11.471s
EVENT distribute-all-nodes-8

real	0m23.395s
user	0m0.000s
sys	0m0.007s
EVENT delete-archive-all-nodes-8

real	0m0.046s
user	0m0.000s
sys	0m0.007s
EVENT clean-all-nodes-8

real	0m1.672s
user	0m0.000s
sys	0m0.007s
EVENT create-archive-9

real	1m13.978s
user	0m15.266s
sys	0m12.098s
EVENT distribute-all-nodes-9

real	0m29.609s
user	0m0.003s
sys	0m0.004s
EVENT delete-archive-all-nodes-9

real	0m0.049s
user	0m0.007s
sys	0m0.000s
EVENT clean-all-nodes-9

real	0m1.807s
user	0m0.000s
sys	0m0.007s
EVENT create-archive-10

real	1m9.021s
user	0m16.843s
sys	0m14.381s
EVENT distribute-all-nodes-10

real	0m37.880s
user	0m0.007s
sys	0m0.000s
EVENT delete-archive-all-nodes-10

real	0m0.140s
user	0m0.000s
sys	0m0.007s
EVENT clean-all-nodes-10

real	0m1.956s
user	0m0.000s
sys	0m0.007s
SCRIPT entrypoint

#!/bin/bash
# flux-topology.sh

flux exec -r all flux module reload content purge-target-size=104857600 # 100mb
echo "MODULE STATS CONTENT"
flux module stats content | jq

# Print the overlay to show the topology
echo "NODES"
echo "6"
echo "TOPOLOGY diagram"
flux overlay status
echo "TOPOLOGY description"
echo "kary:1"

# Go up to 10 sizes for now (matches container size)
for size in $(seq 1 10)
  do
    # Create the archive and time it
    echo "EVENT create-archive-${size}"
    time  flux archive create --name create-archive-${size} --dir /chonks ${size}gb.txt

    # Distribute to all nodes, but to /tmp because file exists in /chonks
    echo "EVENT distribute-all-nodes-${size}"
    time flux exec -r all -x 0  flux archive extract --name create-archive-${size} -C /tmp
    sleep 2

    echo "EVENT delete-archive-all-nodes-${size}"
    time flux exec -r all  flux archive remove --name create-archive-${size} 2>/dev/null
    sleep 2

    # Cleanup all archive on all nodes
    echo "EVENT clean-all-nodes-${size}"
    time flux exec -r all rm -rf /tmp/${size}gb.txt
    sleep 2
done

# Show self!
echo "SCRIPT entrypoint"
cat $0