Collecting Jinja2
  Obtaining dependency information for Jinja2 from https://files.pythonhosted.org/packages/31/80/3a54838c3fb461f6fec263ebf3a3a41771bd05190238de3486aae8540c36/jinja2-3.1.4-py3-none-any.whl.metadata
  Downloading jinja2-3.1.4-py3-none-any.whl.metadata (2.6 kB)
Collecting MarkupSafe>=2.0 (from Jinja2)
  Obtaining dependency information for MarkupSafe>=2.0 from https://files.pythonhosted.org/packages/53/8f/f339c98a178f3c1e545622206b40986a4c3307fe39f70ccd3d9df9a9e425/MarkupSafe-3.0.2-cp39-cp39-manylinux_2_17_x86_64.manylinux2014_x86_64.whl.metadata
  Downloading MarkupSafe-3.0.2-cp39-cp39-manylinux_2_17_x86_64.manylinux2014_x86_64.whl.metadata (4.0 kB)
Downloading jinja2-3.1.4-py3-none-any.whl (133 kB)
[?25l   [90mâ”â”â”â”â”â”â”â”â”â”â”â”â”â”â”â”â”â”â”â”â”â”â”â”â”â”â”â”â”â”â”â”â”â”â”â”â”â”â”â”[0m [32m0.0/133.3 kB[0m [31m?[0m eta [36m-:--:--[0m[2K   [91mâ”â”â”â”â”â”â”â”â”â”â”â”â”â”â”â”â”â”[0m[90mâ•º[0m[90mâ”â”â”â”â”â”â”â”â”â”â”â”â”â”â”â”â”â”â”â”â”[0m [32m61.4/133.3 kB[0m [31m1.6 MB/s[0m eta [36m0:00:01[0m[2K   [90mâ”â”â”â”â”â”â”â”â”â”â”â”â”â”â”â”â”â”â”â”â”â”â”â”â”â”â”â”â”â”â”â”â”â”â”â”â”â”â”â”[0m [32m133.3/133.3 kB[0m [31m2.7 MB/s[0m eta [36m0:00:00[0m
[?25hDownloading MarkupSafe-3.0.2-cp39-cp39-manylinux_2_17_x86_64.manylinux2014_x86_64.whl (20 kB)
Installing collected packages: MarkupSafe, Jinja2
Successfully installed Jinja2-3.1.4 MarkupSafe-3.0.2
[33mWARNING: Running pip as the 'root' user can result in broken permissions and conflicting behaviour with the system package manager. It is recommended to use a virtual environment instead: https://pip.pypa.io/warnings/venv[0m[33m
[0m
[1m[[0m[34;49mnotice[0m[1;39;49m][0m[39;49m A new release of pip is available: [0m[31;49m23.2.1[0m[39;49m -> [0m[32;49m24.3.1[0m
[1m[[0m[34;49mnotice[0m[1;39;49m][0m[39;49m To update, run: [0m[32;49mpython3 -m pip install --upgrade pip[0m
NODES
30
TOPOLOGY diagram
0 flux-sample-0: full
â”œâ”€ 1 flux-sample-1: full
â”‚  â”œâ”€ 14 flux-sample-14: full
â”‚  â”œâ”€ 15 flux-sample-15: full
â”‚  â”œâ”€ 16 flux-sample-16: full
â”‚  â”œâ”€ 17 flux-sample-17: full
â”‚  â”œâ”€ 18 flux-sample-18: full
â”‚  â”œâ”€ 19 flux-sample-19: full
â”‚  â”œâ”€ 20 flux-sample-20: full
â”‚  â”œâ”€ 21 flux-sample-21: full
â”‚  â”œâ”€ 22 flux-sample-22: full
â”‚  â”œâ”€ 23 flux-sample-23: full
â”‚  â”œâ”€ 24 flux-sample-24: full
â”‚  â”œâ”€ 25 flux-sample-25: full
â”‚  â””â”€ 26 flux-sample-26: full
â”œâ”€ 2 flux-sample-2: full
â”‚  â”œâ”€ 27 flux-sample-27: full
â”‚  â”œâ”€ 28 flux-sample-28: full
â”‚  â””â”€ 29 flux-sample-29: full
â”œâ”€ 3 flux-sample-3: full
â”œâ”€ 4 flux-sample-4: full
â”œâ”€ 5 flux-sample-5: full
â”œâ”€ 6 flux-sample-6: full
â”œâ”€ 7 flux-sample-7: full
â”œâ”€ 8 flux-sample-8: full
â”œâ”€ 9 flux-sample-9: full
â”œâ”€ 10 flux-sample-10: full
â”œâ”€ 11 flux-sample-11: full
â”œâ”€ 12 flux-sample-12: full
â””â”€ 13 flux-sample-13: full
TOPOLOGY description
kary:13
EVENT create-archive-1

real	0m3.986s
user	0m1.465s
sys	0m1.170s
EVENT distribute-all-nodes-1

real	0m3.276s
user	0m0.005s
sys	0m0.010s
EVENT clean-all-nodes-1

real	0m0.315s
user	0m0.006s
sys	0m0.009s
EVENT delete-archive-all-nodes-1

real	0m0.026s
user	0m0.005s
sys	0m0.009s
EVENT create-leaf-nodes-1

real	0m4.045s
user	0m1.488s
sys	0m1.144s
EVENT distribute-leaf-nodes-1

real	0m2.746s
user	0m0.005s
sys	0m0.007s
EVENT clean-leaf-nodes-1

real	0m0.320s
user	0m0.003s
sys	0m0.010s
EVENT delete-archive-leaf-nodes-1

real	0m0.026s
user	0m0.004s
sys	0m0.010s
EVENT create-middle-nodes-1

real	0m4.046s
user	0m1.492s
sys	0m1.166s
EVENT distribute-middle-nodes-0-1

real	0m2.686s
user	0m0.000s
sys	0m0.011s
EVENT distribute-middle-nodes-1-1

real	0m2.684s
user	0m0.002s
sys	0m0.010s
EVENT clean-middle-nodes-1

real	0m0.319s
user	0m0.005s
sys	0m0.010s
EVENT delete-archive-middle-nodes-1

real	0m0.026s
user	0m0.003s
sys	0m0.011s
EVENT create-archive-2

real	0m7.765s
user	0m2.974s
sys	0m2.185s
EVENT distribute-all-nodes-2

real	0m5.382s
user	0m0.005s
sys	0m0.010s
EVENT clean-all-nodes-2

real	0m0.706s
user	0m0.006s
sys	0m0.009s
EVENT delete-archive-all-nodes-2

real	0m0.032s
user	0m0.007s
sys	0m0.007s
EVENT create-leaf-nodes-2

real	0m7.771s
user	0m2.909s
sys	0m2.267s
EVENT distribute-leaf-nodes-2

real	0m5.391s
user	0m0.002s
sys	0m0.010s
EVENT clean-leaf-nodes-2

real	0m0.651s
user	0m0.004s
sys	0m0.010s
EVENT delete-archive-leaf-nodes-2

real	0m0.033s
user	0m0.006s
sys	0m0.008s
EVENT create-middle-nodes-2

real	0m8.085s
user	0m2.855s
sys	0m2.497s
EVENT distribute-middle-nodes-0-2

real	0m5.375s
user	0m0.002s
sys	0m0.009s
EVENT distribute-middle-nodes-1-2

real	0m5.401s
user	0m0.000s
sys	0m0.012s
EVENT clean-middle-nodes-2

real	0m10.325s
user	0m0.002s
sys	0m0.013s
EVENT delete-archive-middle-nodes-2

real	0m0.034s
user	0m0.003s
sys	0m0.011s
SCRIPT entrypoint

#!/bin/bash
# flux-topology.sh

# Print the overlay to show the topology
echo "NODES"
echo "30"
echo "TOPOLOGY diagram"
flux overlay status
echo "TOPOLOGY description"
echo "kary:13"

# Go up to 10 sizes for now (matches container size)
for size in $(seq 1 2)
  do
    # Create the archive and time it
    echo "EVENT create-archive-${size}"
    time flux archive create --name create-archive-${size} --dir /chonks ${size}gb.txt

    # Distribute to all nodes, but to /tmp because file exists in /chonks
    echo "EVENT distribute-all-nodes-${size}"
    time flux exec -r all -x 0 flux archive extract --name create-archive-${size} -C /tmp

    # Cleanup all archive on all nodes
    echo "EVENT clean-all-nodes-${size}"
    time flux exec -r all rm -rf /tmp/${size}gb.txt

    echo "EVENT delete-archive-all-nodes-${size}"
    time flux exec -r all flux archive remove --name create-archive-${size} 2>/dev/null

    # Next, do the same for the root node (level 0) to the deepest level (leaves)
    echo "EVENT create-leaf-nodes-${size}"
    time flux archive create --name create-archive-leaves-${size} --dir /chonks ${size}gb.txt
    echo "EVENT distribute-leaf-nodes-${size}"
    time flux exec -r 14,15,16,17,18,19,20,21,22,23,24,25,26,27,28,29 -x 0 flux archive extract --name create-archive-leaves-${size} -C /tmp
    # Cleanup again    
    echo "EVENT clean-leaf-nodes-${size}"
    time flux exec -r all rm -rf /tmp/${size}gb.txt
    echo "EVENT delete-archive-leaf-nodes-${size}"
    time flux exec -r all flux archive remove --name create-archive-leaves-${size} 2>/dev/null

    # Finally, get the middle node and distribute to middle level first, then middle to last
    echo "EVENT create-middle-nodes-${size}"
    time flux archive create --name create-archive-middle-${size} --dir /chonks ${size}gb.txt
    echo "EVENT distribute-middle-nodes-0-${size}"
    time flux exec -r 1,2,3,4,5,6,7,8,9,10,11,12,13 -x 0 flux archive extract --name create-archive-middle-${size} -C /tmp
    echo "EVENT distribute-middle-nodes-1-${size}"
    time flux exec -r 14,15,16,17,18,19,20,21,22,23,24,25,26,27,28,29 -x 0 flux archive extract --name create-archive-middle-${size} -C /tmp
    echo "EVENT clean-middle-nodes-${size}"
    time flux exec -r all rm -rf /tmp/${size}gb.txt
    echo "EVENT delete-archive-middle-nodes-${size}"
    time flux exec -r all flux archive remove --name create-archive-middle-${size} 2>/dev/null
done

# Show self!
echo "SCRIPT entrypoint"
cat $0